[ 2017-04-24T09:24:40+08:00 ] 127.0.0.1 /
INFO: [ app_init ] --START--
INFO: Run Behavior\BuildLiteBehavior [ RunTime:0.000000s ]
INFO: [ app_init ] --END-- [ RunTime:0.000000s ]

[ 2017-04-24T09:24:45+08:00 ] 127.0.0.1 /Member/register.html
INFO: [ app_init ] --START--
INFO: Run Behavior\BuildLiteBehavior [ RunTime:0.000000s ]
INFO: [ app_init ] --END-- [ RunTime:0.001000s ]

[ 2017-04-24T09:24:45+08:00 ] 127.0.0.1 /Public/verify.html
INFO: [ app_init ] --START--
INFO: Run Behavior\BuildLiteBehavior [ RunTime:0.000000s ]
INFO: [ app_init ] --END-- [ RunTime:0.000000s ]

[ 2017-04-24T09:24:51+08:00 ] 127.0.0.1 /Index/switch_language.html?for_language=%E4%B8%AD%E6%96%87
INFO: [ app_init ] --START--
INFO: Run Behavior\BuildLiteBehavior [ RunTime:0.000000s ]
INFO: [ app_init ] --END-- [ RunTime:0.001000s ]
INFO: [ app_begin ] --START--
INFO: Run Behavior\ReadHtmlCacheBehavior [ RunTime:0.001000s ]
INFO: Run Behavior\CheckLangBehavior [ RunTime:0.000000s ]
INFO: [ app_begin ] --END-- [ RunTime:0.001000s ]
NOTIC: [2] Missing argument 1 for Common\Controller\CommonController::is_mobile(), called in D:\WWW\website\Application\Common\Controller\CommonController.class.php on line 14 and defined D:\WWW\website\Application\Common\Controller\CommonController.class.php 第 22 行.
NOTIC: [8] Constant IS_WAP already defined D:\WWW\website\Application\Common\Controller\CommonController.class.php 第 29 行.
NOTIC: [2] Missing argument 1 for Think\Controller::ajaxReturn(), called in D:\WWW\website\Application\Home\Controller\BaseController.class.php on line 31 and defined D:\WWW\website\ThinkPHP\Library\Think\Controller.class.php 第 254 行.
NOTIC: [8] Undefined variable: data D:\WWW\website\ThinkPHP\Library\Think\Controller.class.php 第 260 行.

[ 2017-04-24T09:24:51+08:00 ] 127.0.0.1 /
INFO: [ app_init ] --START--
INFO: Run Behavior\BuildLiteBehavior [ RunTime:0.000000s ]
INFO: [ app_init ] --END-- [ RunTime:0.000000s ]

[ 2017-04-24T09:24:52+08:00 ] 127.0.0.1 /Index/switch_language.html?for_language=english
INFO: [ app_init ] --START--
INFO: Run Behavior\BuildLiteBehavior [ RunTime:0.000000s ]
INFO: [ app_init ] --END-- [ RunTime:0.000000s ]
INFO: [ app_begin ] --START--
INFO: Run Behavior\ReadHtmlCacheBehavior [ RunTime:0.001000s ]
INFO: Run Behavior\CheckLangBehavior [ RunTime:0.001000s ]
INFO: [ app_begin ] --END-- [ RunTime:0.002000s ]
NOTIC: [2] Missing argument 1 for Common\Controller\CommonController::is_mobile(), called in D:\WWW\website\Application\Common\Controller\CommonController.class.php on line 14 and defined D:\WWW\website\Application\Common\Controller\CommonController.class.php 第 22 行.
NOTIC: [8] Constant IS_WAP already defined D:\WWW\website\Application\Common\Controller\CommonController.class.php 第 29 行.
NOTIC: [2] Missing argument 1 for Think\Controller::ajaxReturn(), called in D:\WWW\website\Application\Home\Controller\BaseController.class.php on line 31 and defined D:\WWW\website\ThinkPHP\Library\Think\Controller.class.php 第 254 行.
NOTIC: [8] Undefined variable: data D:\WWW\website\ThinkPHP\Library\Think\Controller.class.php 第 260 行.

[ 2017-04-24T09:24:52+08:00 ] 127.0.0.1 /
INFO: [ app_init ] --START--
INFO: Run Behavior\BuildLiteBehavior [ RunTime:0.000000s ]
INFO: [ app_init ] --END-- [ RunTime:0.000000s ]

[ 2017-04-24T09:24:53+08:00 ] 127.0.0.1 /Index/switch_language.html?for_language=%E4%B8%AD%E6%96%87
INFO: [ app_init ] --START--
INFO: Run Behavior\BuildLiteBehavior [ RunTime:0.000000s ]
INFO: [ app_init ] --END-- [ RunTime:0.000000s ]
INFO: [ app_begin ] --START--
INFO: Run Behavior\ReadHtmlCacheBehavior [ RunTime:0.001000s ]
INFO: Run Behavior\CheckLangBehavior [ RunTime:0.001000s ]
INFO: [ app_begin ] --END-- [ RunTime:0.002000s ]
NOTIC: [2] Missing argument 1 for Common\Controller\CommonController::is_mobile(), called in D:\WWW\website\Application\Common\Controller\CommonController.class.php on line 14 and defined D:\WWW\website\Application\Common\Controller\CommonController.class.php 第 22 行.
NOTIC: [8] Constant IS_WAP already defined D:\WWW\website\Application\Common\Controller\CommonController.class.php 第 29 行.
NOTIC: [2] Missing argument 1 for Think\Controller::ajaxReturn(), called in D:\WWW\website\Application\Home\Controller\BaseController.class.php on line 31 and defined D:\WWW\website\ThinkPHP\Library\Think\Controller.class.php 第 254 行.
NOTIC: [8] Undefined variable: data D:\WWW\website\ThinkPHP\Library\Think\Controller.class.php 第 260 行.

[ 2017-04-24T09:24:53+08:00 ] 127.0.0.1 /
INFO: [ app_init ] --START--
INFO: Run Behavior\BuildLiteBehavior [ RunTime:0.000000s ]
INFO: [ app_init ] --END-- [ RunTime:0.000000s ]

[ 2017-04-24T09:24:53+08:00 ] 127.0.0.1 /Index/switch_language.html?for_language=english
INFO: [ app_init ] --START--
INFO: Run Behavior\BuildLiteBehavior [ RunTime:0.000000s ]
INFO: [ app_init ] --END-- [ RunTime:0.001000s ]
INFO: [ app_begin ] --START--
INFO: Run Behavior\ReadHtmlCacheBehavior [ RunTime:0.001000s ]
INFO: Run Behavior\CheckLangBehavior [ RunTime:0.001000s ]
INFO: [ app_begin ] --END-- [ RunTime:0.002000s ]
NOTIC: [2] Missing argument 1 for Common\Controller\CommonController::is_mobile(), called in D:\WWW\website\Application\Common\Controller\CommonController.class.php on line 14 and defined D:\WWW\website\Application\Common\Controller\CommonController.class.php 第 22 行.
NOTIC: [8] Constant IS_WAP already defined D:\WWW\website\Application\Common\Controller\CommonController.class.php 第 29 行.
NOTIC: [2] Missing argument 1 for Think\Controller::ajaxReturn(), called in D:\WWW\website\Application\Home\Controller\BaseController.class.php on line 31 and defined D:\WWW\website\ThinkPHP\Library\Think\Controller.class.php 第 254 行.
NOTIC: [8] Undefined variable: data D:\WWW\website\ThinkPHP\Library\Think\Controller.class.php 第 260 行.

[ 2017-04-24T09:24:53+08:00 ] 127.0.0.1 /
INFO: [ app_init ] --START--
INFO: Run Behavior\BuildLiteBehavior [ RunTime:0.000000s ]
INFO: [ app_init ] --END-- [ RunTime:0.000000s ]

[ 2017-04-24T09:24:54+08:00 ] 127.0.0.1 /Index/switch_language.html?for_language=%E4%B8%AD%E6%96%87
INFO: [ app_init ] --START--
INFO: Run Behavior\BuildLiteBehavior [ RunTime:0.000000s ]
INFO: [ app_init ] --END-- [ RunTime:0.000000s ]
INFO: [ app_begin ] --START--
INFO: Run Behavior\ReadHtmlCacheBehavior [ RunTime:0.001000s ]
INFO: Run Behavior\CheckLangBehavior [ RunTime:0.001000s ]
INFO: [ app_begin ] --END-- [ RunTime:0.002000s ]
NOTIC: [2] Missing argument 1 for Common\Controller\CommonController::is_mobile(), called in D:\WWW\website\Application\Common\Controller\CommonController.class.php on line 14 and defined D:\WWW\website\Application\Common\Controller\CommonController.class.php 第 22 行.
NOTIC: [8] Constant IS_WAP already defined D:\WWW\website\Application\Common\Controller\CommonController.class.php 第 29 行.
NOTIC: [2] Missing argument 1 for Think\Controller::ajaxReturn(), called in D:\WWW\website\Application\Home\Controller\BaseController.class.php on line 31 and defined D:\WWW\website\ThinkPHP\Library\Think\Controller.class.php 第 254 行.
NOTIC: [8] Undefined variable: data D:\WWW\website\ThinkPHP\Library\Think\Controller.class.php 第 260 行.

[ 2017-04-24T09:24:54+08:00 ] 127.0.0.1 /
INFO: [ app_init ] --START--
INFO: Run Behavior\BuildLiteBehavior [ RunTime:0.000000s ]
INFO: [ app_init ] --END-- [ RunTime:0.001000s ]

[ 2017-04-24T09:24:54+08:00 ] 127.0.0.1 /Index/switch_language.html?for_language=english
INFO: [ app_init ] --START--
INFO: Run Behavior\BuildLiteBehavior [ RunTime:0.000000s ]
INFO: [ app_init ] --END-- [ RunTime:0.001000s ]
INFO: [ app_begin ] --START--
INFO: Run Behavior\ReadHtmlCacheBehavior [ RunTime:0.001000s ]
INFO: Run Behavior\CheckLangBehavior [ RunTime:0.002000s ]
INFO: [ app_begin ] --END-- [ RunTime:0.003000s ]
NOTIC: [2] Missing argument 1 for Common\Controller\CommonController::is_mobile(), called in D:\WWW\website\Application\Common\Controller\CommonController.class.php on line 14 and defined D:\WWW\website\Application\Common\Controller\CommonController.class.php 第 22 行.
NOTIC: [8] Constant IS_WAP already defined D:\WWW\website\Application\Common\Controller\CommonController.class.php 第 29 行.
NOTIC: [2] Missing argument 1 for Think\Controller::ajaxReturn(), called in D:\WWW\website\Application\Home\Controller\BaseController.class.php on line 31 and defined D:\WWW\website\ThinkPHP\Library\Think\Controller.class.php 第 254 行.
NOTIC: [8] Undefined variable: data D:\WWW\website\ThinkPHP\Library\Think\Controller.class.php 第 260 行.

[ 2017-04-24T09:24:55+08:00 ] 127.0.0.1 /
INFO: [ app_init ] --START--
INFO: Run Behavior\BuildLiteBehavior [ RunTime:0.000000s ]
INFO: [ app_init ] --END-- [ RunTime:0.001000s ]

[ 2017-04-24T09:24:55+08:00 ] 127.0.0.1 /Index/switch_language.html?for_language=%E4%B8%AD%E6%96%87
INFO: [ app_init ] --START--
INFO: Run Behavior\BuildLiteBehavior [ RunTime:0.000000s ]
INFO: [ app_init ] --END-- [ RunTime:0.001000s ]
INFO: [ app_begin ] --START--
INFO: Run Behavior\ReadHtmlCacheBehavior [ RunTime:0.000000s ]
INFO: Run Behavior\CheckLangBehavior [ RunTime:0.001000s ]
INFO: [ app_begin ] --END-- [ RunTime:0.002000s ]
NOTIC: [2] Missing argument 1 for Common\Controller\CommonController::is_mobile(), called in D:\WWW\website\Application\Common\Controller\CommonController.class.php on line 14 and defined D:\WWW\website\Application\Common\Controller\CommonController.class.php 第 22 行.
NOTIC: [8] Constant IS_WAP already defined D:\WWW\website\Application\Common\Controller\CommonController.class.php 第 29 行.
NOTIC: [2] Missing argument 1 for Think\Controller::ajaxReturn(), called in D:\WWW\website\Application\Home\Controller\BaseController.class.php on line 31 and defined D:\WWW\website\ThinkPHP\Library\Think\Controller.class.php 第 254 行.
NOTIC: [8] Undefined variable: data D:\WWW\website\ThinkPHP\Library\Think\Controller.class.php 第 260 行.

[ 2017-04-24T09:24:55+08:00 ] 127.0.0.1 /
INFO: [ app_init ] --START--
INFO: Run Behavior\BuildLiteBehavior [ RunTime:0.000000s ]
INFO: [ app_init ] --END-- [ RunTime:0.001000s ]

[ 2017-04-24T09:24:55+08:00 ] 127.0.0.1 /Index/switch_language.html?for_language=english
INFO: [ app_init ] --START--
INFO: Run Behavior\BuildLiteBehavior [ RunTime:0.000000s ]
INFO: [ app_init ] --END-- [ RunTime:0.001000s ]
INFO: [ app_begin ] --START--
INFO: Run Behavior\ReadHtmlCacheBehavior [ RunTime:0.001000s ]
INFO: Run Behavior\CheckLangBehavior [ RunTime:0.001000s ]
INFO: [ app_begin ] --END-- [ RunTime:0.003000s ]
NOTIC: [2] Missing argument 1 for Common\Controller\CommonController::is_mobile(), called in D:\WWW\website\Application\Common\Controller\CommonController.class.php on line 14 and defined D:\WWW\website\Application\Common\Controller\CommonController.class.php 第 22 行.
NOTIC: [8] Constant IS_WAP already defined D:\WWW\website\Application\Common\Controller\CommonController.class.php 第 29 行.
NOTIC: [2] Missing argument 1 for Think\Controller::ajaxReturn(), called in D:\WWW\website\Application\Home\Controller\BaseController.class.php on line 31 and defined D:\WWW\website\ThinkPHP\Library\Think\Controller.class.php 第 254 行.
NOTIC: [8] Undefined variable: data D:\WWW\website\ThinkPHP\Library\Think\Controller.class.php 第 260 行.

[ 2017-04-24T09:24:55+08:00 ] 127.0.0.1 /
INFO: [ app_init ] --START--
INFO: Run Behavior\BuildLiteBehavior [ RunTime:0.000000s ]
INFO: [ app_init ] --END-- [ RunTime:0.000000s ]

[ 2017-04-24T09:31:16+08:00 ] 127.0.0.1 /favicon.ico
INFO: [ app_init ] --START--
INFO: Run Behavior\BuildLiteBehavior [ RunTime:0.000000s ]
INFO: [ app_init ] --END-- [ RunTime:0.001001s ]

[ 2017-04-24T09:31:16+08:00 ] 127.0.0.1 /favicon.ico
INFO: [ app_init ] --START--
INFO: Run Behavior\BuildLiteBehavior [ RunTime:0.000000s ]
INFO: [ app_init ] --END-- [ RunTime:0.000000s ]

