[ 2018-01-06T01:57:44+08:00 ] ::1 /website/index.php/admin
INFO: [ app_init ] --START--
INFO: Run Behavior\BuildLiteBehavior [ RunTime:0.000032s ]
INFO: [ app_init ] --END-- [ RunTime:0.000582s ]

[ 2018-01-06T01:58:07+08:00 ] ::1 /website/index.php/admin
INFO: [ app_init ] --START--
INFO: Run Behavior\BuildLiteBehavior [ RunTime:0.000033s ]
INFO: [ app_init ] --END-- [ RunTime:0.000571s ]

[ 2018-01-06T02:05:57+08:00 ] ::1 /website/admin/public/login.html
INFO: [ app_init ] --START--
INFO: Run Behavior\BuildLiteBehavior [ RunTime:0.000041s ]
INFO: [ app_init ] --END-- [ RunTime:0.000619s ]
ERR: SQLSTATE[HY000] [1045] Accès refusé pour l'utilisateur: 'root'@'@localhost' (mot de passe: NON)

[ 2018-01-06T02:09:48+08:00 ] ::1 /website/admin/public/login.html
INFO: [ app_init ] --START--
INFO: Run Behavior\BuildLiteBehavior [ RunTime:0.000032s ]
INFO: [ app_init ] --END-- [ RunTime:0.000624s ]
ERR: SQLSTATE[HY000] [1045] Accès refusé pour l'utilisateur: 'root'@'@localhost' (mot de passe: NON)

[ 2018-01-06T02:09:49+08:00 ] ::1 /website/admin/public/login.html
INFO: [ app_init ] --START--
INFO: Run Behavior\BuildLiteBehavior [ RunTime:0.000031s ]
INFO: [ app_init ] --END-- [ RunTime:0.000599s ]
ERR: SQLSTATE[HY000] [1045] Accès refusé pour l'utilisateur: 'root'@'@localhost' (mot de passe: NON)

[ 2018-01-06T02:11:10+08:00 ] ::1 /website/admin/public/login.html
INFO: [ app_init ] --START--
INFO: Run Behavior\BuildLiteBehavior [ RunTime:0.000032s ]
INFO: [ app_init ] --END-- [ RunTime:0.000586s ]
ERR: SQLSTATE[HY000] [1045] Accès refusé pour l'utilisateur: 'root'@'@localhost' (mot de passe: NON)

[ 2018-01-06T02:11:10+08:00 ] ::1 /website/admin/public/login.html
INFO: [ app_init ] --START--
INFO: Run Behavior\BuildLiteBehavior [ RunTime:0.000031s ]
INFO: [ app_init ] --END-- [ RunTime:0.000568s ]
ERR: SQLSTATE[HY000] [1045] Accès refusé pour l'utilisateur: 'root'@'@localhost' (mot de passe: NON)

[ 2018-01-06T02:11:11+08:00 ] ::1 /website/admin/public/login.html
INFO: [ app_init ] --START--
INFO: Run Behavior\BuildLiteBehavior [ RunTime:0.000033s ]
INFO: [ app_init ] --END-- [ RunTime:0.000663s ]
ERR: SQLSTATE[HY000] [1045] Accès refusé pour l'utilisateur: 'root'@'@localhost' (mot de passe: NON)

[ 2018-01-06T02:11:11+08:00 ] ::1 /website/admin/public/login.html
INFO: [ app_init ] --START--
INFO: Run Behavior\BuildLiteBehavior [ RunTime:0.000031s ]
INFO: [ app_init ] --END-- [ RunTime:0.000540s ]
ERR: SQLSTATE[HY000] [1045] Accès refusé pour l'utilisateur: 'root'@'@localhost' (mot de passe: NON)

[ 2018-01-06T02:12:14+08:00 ] ::1 /website/admin/public/login.html
INFO: [ app_init ] --START--
INFO: Run Behavior\BuildLiteBehavior [ RunTime:0.000032s ]
INFO: [ app_init ] --END-- [ RunTime:0.000757s ]

[ 2018-01-06T02:12:14+08:00 ] ::1 /website/admin/public/verify.html
INFO: [ app_init ] --START--
INFO: Run Behavior\BuildLiteBehavior [ RunTime:0.000062s ]
INFO: [ app_init ] --END-- [ RunTime:0.001935s ]

[ 2018-01-06T02:12:16+08:00 ] ::1 /website/admin/public/verify.html?
INFO: [ app_init ] --START--
INFO: Run Behavior\BuildLiteBehavior [ RunTime:0.000031s ]
INFO: [ app_init ] --END-- [ RunTime:0.000768s ]

[ 2018-01-06T02:12:17+08:00 ] ::1 /website/admin/public/verify.html??
INFO: [ app_init ] --START--
INFO: Run Behavior\BuildLiteBehavior [ RunTime:0.000031s ]
INFO: [ app_init ] --END-- [ RunTime:0.000773s ]

