[ 2018-01-08T19:50:28+08:00 ] ::1 /website/admin/clear/cache.html
INFO: [ app_init ] --START--
INFO: Run Behavior\BuildLiteBehavior [ RunTime:0.000000s ]
INFO: [ app_init ] --END-- [ RunTime:0.001500s ]
INFO: [ app_begin ] --START--
INFO: Run Behavior\ReadHtmlCacheBehavior [ RunTime:0.000500s ]
INFO: Run Behavior\CheckLangBehavior [ RunTime:0.001000s ]
INFO: [ app_begin ] --END-- [ RunTime:0.001500s ]
NOTIC: [2] Missing argument 1 for Common\Controller\CommonController::is_mobile(), called in D:\wamp64\www\website\Application\Common\Controller\CommonController.class.php on line 14 and defined D:\wamp64\www\website\Application\Common\Controller\CommonController.class.php 第 22 行.
SQL: SHOW COLUMNS FROM `en_navigation` [ RunTime:0.0005s ]
SQL: SELECT `id`,`pid`,`sort`,`name`,`url`,`is_show` FROM `en_navigation` WHERE `is_show` = 1  [ RunTime:0.0005s ]
SQL: SHOW COLUMNS FROM `en_admin` [ RunTime:0.0005s ]
SQL: SELECT `id`,`group_id`,`nickname`,`password`,`truename`,`phone`,`email`,`register_time`,`register_ip`,`last_login_time`,`last_login_ip`,`status` FROM `en_admin` WHERE `id` = '1' LIMIT 1   [ RunTime:0.0000s ]
SQL: SELECT `id`,`pid`,`sort`,`name`,`url`,`is_show` FROM `en_navigation` WHERE `is_show` = 1 AND `pid` <> 0  [ RunTime:0.0000s ]
NOTIC: [8] Undefined variable: bread D:\wamp64\www\website\Application\Admin\Controller\BaseController.class.php 第 86 行.

[ 2018-01-08T19:50:29+08:00 ] ::1 /website/admin/museum/showmuseumyearlist.html
INFO: [ app_init ] --START--
INFO: Run Behavior\BuildLiteBehavior [ RunTime:0.000500s ]
INFO: [ app_init ] --END-- [ RunTime:0.000500s ]

[ 2018-01-08T19:50:30+08:00 ] ::1 /website/admin/museum/showmuseumyearlist.html
INFO: [ app_init ] --START--
INFO: Run Behavior\BuildLiteBehavior [ RunTime:0.000000s ]
INFO: [ app_init ] --END-- [ RunTime:0.000500s ]

[ 2018-01-08T19:50:33+08:00 ] ::1 /website/admin/museum/index.html
INFO: [ app_init ] --START--
INFO: Run Behavior\BuildLiteBehavior [ RunTime:0.000000s ]
INFO: [ app_init ] --END-- [ RunTime:0.001000s ]

[ 2018-01-08T19:50:35+08:00 ] ::1 /website/admin/museum/showmuseumyearlist.html
INFO: [ app_init ] --START--
INFO: Run Behavior\BuildLiteBehavior [ RunTime:0.000000s ]
INFO: [ app_init ] --END-- [ RunTime:0.000500s ]

[ 2018-01-08T19:56:34+08:00 ] ::1 /website/admin/museum/search.html
INFO: [ app_init ] --START--
INFO: Run Behavior\BuildLiteBehavior [ RunTime:0.000000s ]
INFO: [ app_init ] --END-- [ RunTime:0.000500s ]
INFO: [ app_begin ] --START--
INFO: Run Behavior\ReadHtmlCacheBehavior [ RunTime:0.000500s ]
INFO: Run Behavior\CheckLangBehavior [ RunTime:0.001000s ]
INFO: [ app_begin ] --END-- [ RunTime:0.001500s ]
NOTIC: [2] Missing argument 1 for Common\Controller\CommonController::is_mobile(), called in D:\wamp64\www\website\Application\Common\Controller\CommonController.class.php on line 14 and defined D:\wamp64\www\website\Application\Common\Controller\CommonController.class.php 第 22 行.
SQL: SHOW COLUMNS FROM `en_navigation` [ RunTime:0.0005s ]
SQL: SELECT `id`,`pid`,`sort`,`name`,`url`,`is_show` FROM `en_navigation` WHERE `is_show` = 1  [ RunTime:0.0005s ]
SQL: SHOW COLUMNS FROM `en_admin` [ RunTime:0.0005s ]
SQL: SELECT `id`,`group_id`,`nickname`,`password`,`truename`,`phone`,`email`,`register_time`,`register_ip`,`last_login_time`,`last_login_ip`,`status` FROM `en_admin` WHERE `id` = '1' LIMIT 1   [ RunTime:0.0005s ]
SQL: SELECT `id`,`pid`,`sort`,`name`,`url`,`is_show` FROM `en_navigation` WHERE `is_show` = 1 AND `pid` <> 0  [ RunTime:0.0005s ]
SQL: SHOW COLUMNS FROM `en_museum` [ RunTime:0.0005s ]
SQL: SELECT `id`,`name`,`museum_type_id`,`museum_level_id`,`year_id`,`museum_desc` FROM `en_museum`  [ RunTime:0.0005s ]

[ 2018-01-08T19:56:35+08:00 ] ::1 /website/admin/museum/showmuseumyearlist.html
INFO: [ app_init ] --START--
INFO: Run Behavior\BuildLiteBehavior [ RunTime:0.000000s ]
INFO: [ app_init ] --END-- [ RunTime:0.000500s ]

[ 2018-01-08T19:56:53+08:00 ] ::1 /website/admin/museum/search.html
INFO: [ app_init ] --START--
INFO: Run Behavior\BuildLiteBehavior [ RunTime:0.000000s ]
INFO: [ app_init ] --END-- [ RunTime:0.000500s ]
INFO: [ app_begin ] --START--
INFO: Run Behavior\ReadHtmlCacheBehavior [ RunTime:0.000000s ]
INFO: Run Behavior\CheckLangBehavior [ RunTime:0.000500s ]
INFO: [ app_begin ] --END-- [ RunTime:0.001500s ]
NOTIC: [2] Missing argument 1 for Common\Controller\CommonController::is_mobile(), called in D:\wamp64\www\website\Application\Common\Controller\CommonController.class.php on line 14 and defined D:\wamp64\www\website\Application\Common\Controller\CommonController.class.php 第 22 行.
SQL: SHOW COLUMNS FROM `en_navigation` [ RunTime:0.0005s ]
SQL: SELECT `id`,`pid`,`sort`,`name`,`url`,`is_show` FROM `en_navigation` WHERE `is_show` = 1  [ RunTime:0.0005s ]
SQL: SHOW COLUMNS FROM `en_admin` [ RunTime:0.0005s ]
SQL: SELECT `id`,`group_id`,`nickname`,`password`,`truename`,`phone`,`email`,`register_time`,`register_ip`,`last_login_time`,`last_login_ip`,`status` FROM `en_admin` WHERE `id` = '1' LIMIT 1   [ RunTime:0.0005s ]
SQL: SELECT `id`,`pid`,`sort`,`name`,`url`,`is_show` FROM `en_navigation` WHERE `is_show` = 1 AND `pid` <> 0  [ RunTime:0.0000s ]
SQL: SHOW COLUMNS FROM `en_museum` [ RunTime:0.0000s ]
SQL: SELECT `id`,`name`,`museum_type_id`,`museum_level_id`,`year_id`,`museum_desc` FROM `en_museum`  [ RunTime:0.0005s ]

[ 2018-01-08T19:56:54+08:00 ] ::1 /website/admin/museum/showmuseumyearlist.html
INFO: [ app_init ] --START--
INFO: Run Behavior\BuildLiteBehavior [ RunTime:0.000000s ]
INFO: [ app_init ] --END-- [ RunTime:0.000500s ]

[ 2018-01-08T19:56:56+08:00 ] ::1 /website/admin/museum/showmuseumyearlist.html
INFO: [ app_init ] --START--
INFO: Run Behavior\BuildLiteBehavior [ RunTime:0.000500s ]
INFO: [ app_init ] --END-- [ RunTime:0.001000s ]

