[ 2018-01-04T11:55:42+08:00 ] ::1 /website/admin
INFO: [ app_init ] --START--
INFO: Run Behavior\BuildLiteBehavior [ RunTime:0.000500s ]
INFO: [ app_init ] --END-- [ RunTime:0.000500s ]

[ 2018-01-04T11:55:42+08:00 ] ::1 /website/admin/public/logout.html
INFO: [ app_init ] --START--
INFO: Run Behavior\BuildLiteBehavior [ RunTime:0.000000s ]
INFO: [ app_init ] --END-- [ RunTime:0.000500s ]

[ 2018-01-04T11:55:42+08:00 ] ::1 /website/admin/public/login.html
INFO: [ app_init ] --START--
INFO: Run Behavior\BuildLiteBehavior [ RunTime:0.000000s ]
INFO: [ app_init ] --END-- [ RunTime:0.000500s ]
ERR: 1146:Table 'website.en_admin' doesn't exist
 [ SQL语句 ] : SHOW COLUMNS FROM `en_admin`

[ 2018-01-04T11:56:50+08:00 ] ::1 /website/admin/public/login.html
INFO: [ app_init ] --START--
INFO: Run Behavior\BuildLiteBehavior [ RunTime:0.000000s ]
INFO: [ app_init ] --END-- [ RunTime:0.001000s ]

[ 2018-01-04T11:56:50+08:00 ] ::1 /website/admin/public/verify.html
INFO: [ app_init ] --START--
INFO: Run Behavior\BuildLiteBehavior [ RunTime:0.000000s ]
INFO: [ app_init ] --END-- [ RunTime:0.000500s ]

[ 2018-01-04T11:57:07+08:00 ] ::1 /website/admin/public/login.html
INFO: [ app_init ] --START--
INFO: Run Behavior\BuildLiteBehavior [ RunTime:0.000000s ]
INFO: [ app_init ] --END-- [ RunTime:0.000500s ]
INFO: [ app_begin ] --START--
INFO: Run Behavior\ReadHtmlCacheBehavior [ RunTime:0.000500s ]
INFO: Run Behavior\CheckLangBehavior [ RunTime:0.001000s ]
INFO: [ app_begin ] --END-- [ RunTime:0.002500s ]
SQL: SHOW COLUMNS FROM `en_admin` [ RunTime:0.0005s ]
NOTIC: [8] Undefined index: validate D:\wamp64\www\website\ThinkPHP\Library\Think\Model.class.php 第 1308 行.
NOTIC: [8] Undefined index: auto D:\wamp64\www\website\ThinkPHP\Library\Think\Model.class.php 第 1538 行.
SQL: SELECT `id`,`group_id`,`nickname`,`truename`,`phone`,`email`,`register_time`,`register_ip`,`last_login_time`,`last_login_ip`,`status` FROM `en_admin` WHERE `nickname` = 'admin' AND `password` = '21232f297a57a5a743894a0e4a801fc3' LIMIT 1   [ RunTime:0.0005s ]
SQL: SHOW COLUMNS FROM `en_group` [ RunTime:0.0015s ]
SQL: SELECT `status` FROM `en_group` WHERE `id` = '1' LIMIT 1   [ RunTime:0.0005s ]
SQL: UPDATE `en_admin` SET `last_login_time`='1515038227',`last_login_ip`='0.0.0.0' WHERE `id` = 1 [ RunTime:0.0015s ]

[ 2018-01-04T11:57:08+08:00 ] ::1 /website/admin/index/index.html
INFO: [ app_init ] --START--
INFO: Run Behavior\BuildLiteBehavior [ RunTime:0.000000s ]
INFO: [ app_init ] --END-- [ RunTime:0.000500s ]

[ 2018-01-04T11:57:18+08:00 ] ::1 /website/admin/web_config/index.html
INFO: [ app_init ] --START--
INFO: Run Behavior\BuildLiteBehavior [ RunTime:0.000500s ]
INFO: [ app_init ] --END-- [ RunTime:0.000500s ]

[ 2018-01-04T11:57:27+08:00 ] ::1 /website/admin/email_config/index.html
INFO: [ app_init ] --START--
INFO: Run Behavior\BuildLiteBehavior [ RunTime:0.000000s ]
INFO: [ app_init ] --END-- [ RunTime:0.001500s ]

[ 2018-01-04T11:57:29+08:00 ] ::1 /website/admin/config/create/group_id/4.html
INFO: [ app_init ] --START--
INFO: Run Behavior\BuildLiteBehavior [ RunTime:0.000000s ]
INFO: [ app_init ] --END-- [ RunTime:0.001000s ]

[ 2018-01-04T11:57:40+08:00 ] ::1 /website/admin/navigation/index.html
INFO: [ app_init ] --START--
INFO: Run Behavior\BuildLiteBehavior [ RunTime:0.000000s ]
INFO: [ app_init ] --END-- [ RunTime:0.001000s ]

[ 2018-01-04T11:57:46+08:00 ] ::1 /website/admin/database/index.html
INFO: [ app_init ] --START--
INFO: Run Behavior\BuildLiteBehavior [ RunTime:0.000000s ]
INFO: [ app_init ] --END-- [ RunTime:0.000500s ]

[ 2018-01-04T11:57:53+08:00 ] ::1 /website/admin/adjunct_config/index.html
INFO: [ app_init ] --START--
INFO: Run Behavior\BuildLiteBehavior [ RunTime:0.000000s ]
INFO: [ app_init ] --END-- [ RunTime:0.000500s ]

[ 2018-01-04T11:57:58+08:00 ] ::1 /website/admin/index/index.html
INFO: [ app_init ] --START--
INFO: Run Behavior\BuildLiteBehavior [ RunTime:0.000000s ]
INFO: [ app_init ] --END-- [ RunTime:0.001000s ]

[ 2018-01-04T11:58:00+08:00 ] ::1 /website/admin/web_config/index.html
INFO: [ app_init ] --START--
INFO: Run Behavior\BuildLiteBehavior [ RunTime:0.000000s ]
INFO: [ app_init ] --END-- [ RunTime:0.001000s ]

[ 2018-01-04T12:00:44+08:00 ] ::1 /website/admin/navigation/index.html
INFO: [ app_init ] --START--
INFO: Run Behavior\BuildLiteBehavior [ RunTime:0.000000s ]
INFO: [ app_init ] --END-- [ RunTime:0.000500s ]

[ 2018-01-04T12:01:02+08:00 ] ::1 /website/admin/public/change_info.html
INFO: [ app_init ] --START--
INFO: Run Behavior\BuildLiteBehavior [ RunTime:0.000000s ]
INFO: [ app_init ] --END-- [ RunTime:0.000500s ]

[ 2018-01-04T12:01:33+08:00 ] ::1 /website/admin/admin/index.html
INFO: [ app_init ] --START--
INFO: Run Behavior\BuildLiteBehavior [ RunTime:0.000000s ]
INFO: [ app_init ] --END-- [ RunTime:0.001000s ]

[ 2018-01-04T12:01:37+08:00 ] ::1 /website/admin/admin/create.html
INFO: [ app_init ] --START--
INFO: Run Behavior\BuildLiteBehavior [ RunTime:0.000000s ]
INFO: [ app_init ] --END-- [ RunTime:0.000500s ]

[ 2018-01-04T12:04:03+08:00 ] ::1 /website/admin/public/logout.html
INFO: [ app_init ] --START--
INFO: Run Behavior\BuildLiteBehavior [ RunTime:0.000000s ]
INFO: [ app_init ] --END-- [ RunTime:0.000500s ]

[ 2018-01-04T12:04:03+08:00 ] ::1 /website/admin/public/login.html
INFO: [ app_init ] --START--
INFO: Run Behavior\BuildLiteBehavior [ RunTime:0.000000s ]
INFO: [ app_init ] --END-- [ RunTime:0.000500s ]

[ 2018-01-04T12:04:03+08:00 ] ::1 /website/admin/public/verify.html
INFO: [ app_init ] --START--
INFO: Run Behavior\BuildLiteBehavior [ RunTime:0.000000s ]
INFO: [ app_init ] --END-- [ RunTime:0.001000s ]

[ 2018-01-04T12:04:04+08:00 ] ::1 /website/admin/public/verify.html?
INFO: [ app_init ] --START--
INFO: Run Behavior\BuildLiteBehavior [ RunTime:0.000000s ]
INFO: [ app_init ] --END-- [ RunTime:0.000500s ]

[ 2018-01-04T12:04:04+08:00 ] ::1 /website/admin/public/verify.html??
INFO: [ app_init ] --START--
INFO: Run Behavior\BuildLiteBehavior [ RunTime:0.000000s ]
INFO: [ app_init ] --END-- [ RunTime:0.001500s ]

[ 2018-01-04T12:04:05+08:00 ] ::1 /website/admin/public/verify.html???
INFO: [ app_init ] --START--
INFO: Run Behavior\BuildLiteBehavior [ RunTime:0.000000s ]
INFO: [ app_init ] --END-- [ RunTime:0.001000s ]

[ 2018-01-04T12:04:20+08:00 ] ::1 /website/admin/public/login.html
INFO: [ app_init ] --START--
INFO: Run Behavior\BuildLiteBehavior [ RunTime:0.000000s ]
INFO: [ app_init ] --END-- [ RunTime:0.000500s ]
INFO: [ app_begin ] --START--
INFO: Run Behavior\ReadHtmlCacheBehavior [ RunTime:0.000500s ]
INFO: Run Behavior\CheckLangBehavior [ RunTime:0.001000s ]
INFO: [ app_begin ] --END-- [ RunTime:0.002000s ]
SQL: SHOW COLUMNS FROM `en_admin` [ RunTime:0.0010s ]
NOTIC: [8] Undefined index: validate D:\wamp64\www\website\ThinkPHP\Library\Think\Model.class.php 第 1308 行.
NOTIC: [8] Undefined index: auto D:\wamp64\www\website\ThinkPHP\Library\Think\Model.class.php 第 1538 行.
SQL: SELECT `id`,`group_id`,`nickname`,`truename`,`phone`,`email`,`register_time`,`register_ip`,`last_login_time`,`last_login_ip`,`status` FROM `en_admin` WHERE `nickname` = 'admin' AND `password` = '21232f297a57a5a743894a0e4a801fc3' LIMIT 1   [ RunTime:0.0005s ]
SQL: SHOW COLUMNS FROM `en_group` [ RunTime:0.0010s ]
SQL: SELECT `status` FROM `en_group` WHERE `id` = '1' LIMIT 1   [ RunTime:0.0000s ]
SQL: UPDATE `en_admin` SET `last_login_time`='1515038660',`last_login_ip`='0.0.0.0' WHERE `id` = 1 [ RunTime:0.0005s ]

[ 2018-01-04T12:04:22+08:00 ] ::1 /website/admin/index/index.html
INFO: [ app_init ] --START--
INFO: Run Behavior\BuildLiteBehavior [ RunTime:0.000000s ]
INFO: [ app_init ] --END-- [ RunTime:0.001000s ]

[ 2018-01-04T12:04:32+08:00 ] ::1 /website/admin/index/index.html
INFO: [ app_init ] --START--
INFO: Run Behavior\BuildLiteBehavior [ RunTime:0.000500s ]
INFO: [ app_init ] --END-- [ RunTime:0.001000s ]

[ 2018-01-04T12:04:37+08:00 ] ::1 /website/admin/web_config/index.html
INFO: [ app_init ] --START--
INFO: Run Behavior\BuildLiteBehavior [ RunTime:0.000000s ]
INFO: [ app_init ] --END-- [ RunTime:0.001000s ]

[ 2018-01-04T12:06:02+08:00 ] ::1 /website/admin/file/index.html
INFO: [ app_init ] --START--
INFO: Run Behavior\BuildLiteBehavior [ RunTime:0.000000s ]
INFO: [ app_init ] --END-- [ RunTime:0.001000s ]

[ 2018-01-04T12:06:13+08:00 ] ::1 /website/admin/file/index.html
INFO: [ app_init ] --START--
INFO: Run Behavior\BuildLiteBehavior [ RunTime:0.000000s ]
INFO: [ app_init ] --END-- [ RunTime:0.000500s ]

[ 2018-01-04T12:06:16+08:00 ] ::1 /website/admin/database/index.html
INFO: [ app_init ] --START--
INFO: Run Behavior\BuildLiteBehavior [ RunTime:0.000000s ]
INFO: [ app_init ] --END-- [ RunTime:0.000500s ]

[ 2018-01-04T12:06:54+08:00 ] ::1 /website/admin/web_config/index.html
INFO: [ app_init ] --START--
INFO: Run Behavior\BuildLiteBehavior [ RunTime:0.000000s ]
INFO: [ app_init ] --END-- [ RunTime:0.000500s ]

[ 2018-01-04T12:07:03+08:00 ] ::1 /website/admin/basic_config/index.html
INFO: [ app_init ] --START--
INFO: Run Behavior\BuildLiteBehavior [ RunTime:0.000000s ]
INFO: [ app_init ] --END-- [ RunTime:0.000500s ]

[ 2018-01-04T12:07:05+08:00 ] ::1 /website/admin/config/create/group_id/2.html
INFO: [ app_init ] --START--
INFO: Run Behavior\BuildLiteBehavior [ RunTime:0.000000s ]
INFO: [ app_init ] --END-- [ RunTime:0.001000s ]

[ 2018-01-04T12:07:10+08:00 ] ::1 /website/admin/core_config/index.html
INFO: [ app_init ] --START--
INFO: Run Behavior\BuildLiteBehavior [ RunTime:0.000500s ]
INFO: [ app_init ] --END-- [ RunTime:0.001000s ]

[ 2018-01-04T12:07:13+08:00 ] ::1 /website/admin/email_config/index.html
INFO: [ app_init ] --START--
INFO: Run Behavior\BuildLiteBehavior [ RunTime:0.000000s ]
INFO: [ app_init ] --END-- [ RunTime:0.000500s ]

[ 2018-01-04T12:07:15+08:00 ] ::1 /website/admin/adjunct_config/index.html
INFO: [ app_init ] --START--
INFO: Run Behavior\BuildLiteBehavior [ RunTime:0.000000s ]
INFO: [ app_init ] --END-- [ RunTime:0.000500s ]

[ 2018-01-04T12:07:22+08:00 ] ::1 /website/admin/navigation/index.html
INFO: [ app_init ] --START--
INFO: Run Behavior\BuildLiteBehavior [ RunTime:0.000000s ]
INFO: [ app_init ] --END-- [ RunTime:0.000500s ]

[ 2018-01-04T12:07:28+08:00 ] ::1 /website/admin/navigation/index.html
INFO: [ app_init ] --START--
INFO: Run Behavior\BuildLiteBehavior [ RunTime:0.000000s ]
INFO: [ app_init ] --END-- [ RunTime:0.000500s ]

[ 2018-01-04T12:07:30+08:00 ] ::1 /website/admin/rule/index.html
INFO: [ app_init ] --START--
INFO: Run Behavior\BuildLiteBehavior [ RunTime:0.000000s ]
INFO: [ app_init ] --END-- [ RunTime:0.000500s ]

[ 2018-01-04T12:07:37+08:00 ] ::1 /website/admin/group/index.html
INFO: [ app_init ] --START--
INFO: Run Behavior\BuildLiteBehavior [ RunTime:0.000000s ]
INFO: [ app_init ] --END-- [ RunTime:0.001000s ]

[ 2018-01-04T12:07:55+08:00 ] ::1 /website/admin/admin/index.html
INFO: [ app_init ] --START--
INFO: Run Behavior\BuildLiteBehavior [ RunTime:0.000000s ]
INFO: [ app_init ] --END-- [ RunTime:0.000500s ]

[ 2018-01-04T12:08:07+08:00 ] ::1 /website/admin/admin/editor/id/1.html
INFO: [ app_init ] --START--
INFO: Run Behavior\BuildLiteBehavior [ RunTime:0.000000s ]
INFO: [ app_init ] --END-- [ RunTime:0.000500s ]

[ 2018-01-04T12:08:14+08:00 ] ::1 /website/admin/group/index.html
INFO: [ app_init ] --START--
INFO: Run Behavior\BuildLiteBehavior [ RunTime:0.000000s ]
INFO: [ app_init ] --END-- [ RunTime:0.001000s ]

[ 2018-01-04T12:08:20+08:00 ] ::1 /website/admin/file/index.html
INFO: [ app_init ] --START--
INFO: Run Behavior\BuildLiteBehavior [ RunTime:0.000000s ]
INFO: [ app_init ] --END-- [ RunTime:0.001000s ]

[ 2018-01-04T12:08:22+08:00 ] ::1 /website/admin/database/index.html
INFO: [ app_init ] --START--
INFO: Run Behavior\BuildLiteBehavior [ RunTime:0.000500s ]
INFO: [ app_init ] --END-- [ RunTime:0.000500s ]

[ 2018-01-04T12:08:24+08:00 ] ::1 /website/admin/navigation/index.html
INFO: [ app_init ] --START--
INFO: Run Behavior\BuildLiteBehavior [ RunTime:0.000000s ]
INFO: [ app_init ] --END-- [ RunTime:0.001000s ]

[ 2018-01-04T12:08:33+08:00 ] ::1 /website/admin/navigation/editor/id/3.html
INFO: [ app_init ] --START--
INFO: Run Behavior\BuildLiteBehavior [ RunTime:0.000000s ]
INFO: [ app_init ] --END-- [ RunTime:0.001000s ]

[ 2018-01-04T12:08:40+08:00 ] ::1 /website/admin/navigation/editor/id/2.html
INFO: [ app_init ] --START--
INFO: Run Behavior\BuildLiteBehavior [ RunTime:0.000500s ]
INFO: [ app_init ] --END-- [ RunTime:0.001000s ]

[ 2018-01-04T12:08:43+08:00 ] ::1 /website/admin/navigation/editor/id/1.html
INFO: [ app_init ] --START--
INFO: Run Behavior\BuildLiteBehavior [ RunTime:0.000000s ]
INFO: [ app_init ] --END-- [ RunTime:0.001000s ]

[ 2018-01-04T12:17:36+08:00 ] ::1 /website/admin/database/index.html
INFO: [ app_init ] --START--
INFO: Run Behavior\BuildLiteBehavior [ RunTime:0.000000s ]
INFO: [ app_init ] --END-- [ RunTime:0.000500s ]

[ 2018-01-04T12:18:06+08:00 ] ::1 /website/admin/database/index/Action/download/file/website.sql.html
INFO: [ app_init ] --START--
INFO: Run Behavior\BuildLiteBehavior [ RunTime:0.000500s ]
INFO: [ app_init ] --END-- [ RunTime:0.000500s ]

[ 2018-01-04T12:19:48+08:00 ] ::1 /website/admin/navigation/index.html
INFO: [ app_init ] --START--
INFO: Run Behavior\BuildLiteBehavior [ RunTime:0.000000s ]
INFO: [ app_init ] --END-- [ RunTime:0.001000s ]

[ 2018-01-04T12:19:50+08:00 ] ::1 /website/admin/rule/index.html
INFO: [ app_init ] --START--
INFO: Run Behavior\BuildLiteBehavior [ RunTime:0.000000s ]
INFO: [ app_init ] --END-- [ RunTime:0.000500s ]

[ 2018-01-04T12:19:51+08:00 ] ::1 /website/admin/group/index.html
INFO: [ app_init ] --START--
INFO: Run Behavior\BuildLiteBehavior [ RunTime:0.000000s ]
INFO: [ app_init ] --END-- [ RunTime:0.000500s ]

[ 2018-01-04T12:19:54+08:00 ] ::1 /website/admin/admin/index.html
INFO: [ app_init ] --START--
INFO: Run Behavior\BuildLiteBehavior [ RunTime:0.000000s ]
INFO: [ app_init ] --END-- [ RunTime:0.001000s ]

[ 2018-01-04T12:19:56+08:00 ] ::1 /website/admin/file/index.html
INFO: [ app_init ] --START--
INFO: Run Behavior\BuildLiteBehavior [ RunTime:0.000000s ]
INFO: [ app_init ] --END-- [ RunTime:0.000500s ]

[ 2018-01-04T12:19:57+08:00 ] ::1 /website/admin/database/index.html
INFO: [ app_init ] --START--
INFO: Run Behavior\BuildLiteBehavior [ RunTime:0.000000s ]
INFO: [ app_init ] --END-- [ RunTime:0.001000s ]

[ 2018-01-04T12:19:59+08:00 ] ::1 /website/admin/web_config/index.html
INFO: [ app_init ] --START--
INFO: Run Behavior\BuildLiteBehavior [ RunTime:0.000000s ]
INFO: [ app_init ] --END-- [ RunTime:0.000500s ]

[ 2018-01-04T12:20:02+08:00 ] ::1 /website/admin/basic_config/index.html
INFO: [ app_init ] --START--
INFO: Run Behavior\BuildLiteBehavior [ RunTime:0.000000s ]
INFO: [ app_init ] --END-- [ RunTime:0.000500s ]

[ 2018-01-04T12:20:03+08:00 ] ::1 /website/admin/core_config/index.html
INFO: [ app_init ] --START--
INFO: Run Behavior\BuildLiteBehavior [ RunTime:0.000000s ]
INFO: [ app_init ] --END-- [ RunTime:0.001000s ]

[ 2018-01-04T12:20:05+08:00 ] ::1 /website/admin/email_config/index.html
INFO: [ app_init ] --START--
INFO: Run Behavior\BuildLiteBehavior [ RunTime:0.000000s ]
INFO: [ app_init ] --END-- [ RunTime:0.000500s ]

[ 2018-01-04T12:20:06+08:00 ] ::1 /website/admin/adjunct_config/index.html
INFO: [ app_init ] --START--
INFO: Run Behavior\BuildLiteBehavior [ RunTime:0.000000s ]
INFO: [ app_init ] --END-- [ RunTime:0.001000s ]

[ 2018-01-04T12:22:15+08:00 ] ::1 /website/admin/file/index.html
INFO: [ app_init ] --START--
INFO: Run Behavior\BuildLiteBehavior [ RunTime:0.000000s ]
INFO: [ app_init ] --END-- [ RunTime:0.001000s ]

[ 2018-01-04T12:22:19+08:00 ] ::1 /website/admin/navigation/index.html
INFO: [ app_init ] --START--
INFO: Run Behavior\BuildLiteBehavior [ RunTime:0.000000s ]
INFO: [ app_init ] --END-- [ RunTime:0.000500s ]

[ 2018-01-04T12:22:22+08:00 ] ::1 /website/admin/rule/index.html
INFO: [ app_init ] --START--
INFO: Run Behavior\BuildLiteBehavior [ RunTime:0.000000s ]
INFO: [ app_init ] --END-- [ RunTime:0.000500s ]

[ 2018-01-04T12:22:35+08:00 ] ::1 /website/admin/database/index.html
INFO: [ app_init ] --START--
INFO: Run Behavior\BuildLiteBehavior [ RunTime:0.000000s ]
INFO: [ app_init ] --END-- [ RunTime:0.001000s ]

[ 2018-01-04T12:22:37+08:00 ] ::1 /website/admin/file/index.html
INFO: [ app_init ] --START--
INFO: Run Behavior\BuildLiteBehavior [ RunTime:0.000000s ]
INFO: [ app_init ] --END-- [ RunTime:0.000500s ]

[ 2018-01-04T12:22:39+08:00 ] ::1 /website/admin/database/index.html
INFO: [ app_init ] --START--
INFO: Run Behavior\BuildLiteBehavior [ RunTime:0.000000s ]
INFO: [ app_init ] --END-- [ RunTime:0.000500s ]

[ 2018-01-04T12:22:40+08:00 ] ::1 /website/admin/file/index.html
INFO: [ app_init ] --START--
INFO: Run Behavior\BuildLiteBehavior [ RunTime:0.000000s ]
INFO: [ app_init ] --END-- [ RunTime:0.001500s ]

[ 2018-01-04T12:22:41+08:00 ] ::1 /website/admin/admin/index.html
INFO: [ app_init ] --START--
INFO: Run Behavior\BuildLiteBehavior [ RunTime:0.000000s ]
INFO: [ app_init ] --END-- [ RunTime:0.000500s ]

[ 2018-01-04T12:23:27+08:00 ] ::1 /website/admin/group/index.html
INFO: [ app_init ] --START--
INFO: Run Behavior\BuildLiteBehavior [ RunTime:0.000000s ]
INFO: [ app_init ] --END-- [ RunTime:0.000500s ]

[ 2018-01-04T12:23:32+08:00 ] ::1 /website/admin/group/create.html
INFO: [ app_init ] --START--
INFO: Run Behavior\BuildLiteBehavior [ RunTime:0.000000s ]
INFO: [ app_init ] --END-- [ RunTime:0.000500s ]

[ 2018-01-04T12:23:37+08:00 ] ::1 /website/admin/group/create.html
INFO: [ app_init ] --START--
INFO: Run Behavior\BuildLiteBehavior [ RunTime:0.000000s ]
INFO: [ app_init ] --END-- [ RunTime:0.000500s ]

[ 2018-01-04T12:23:41+08:00 ] ::1 /website/admin/group/create.html
INFO: [ app_init ] --START--
INFO: Run Behavior\BuildLiteBehavior [ RunTime:0.000000s ]
INFO: [ app_init ] --END-- [ RunTime:0.001000s ]
INFO: [ app_begin ] --START--
INFO: Run Behavior\ReadHtmlCacheBehavior [ RunTime:0.001000s ]
INFO: Run Behavior\CheckLangBehavior [ RunTime:0.001000s ]
INFO: [ app_begin ] --END-- [ RunTime:0.002500s ]
NOTIC: [2] Missing argument 1 for Common\Controller\CommonController::is_mobile(), called in D:\wamp64\www\website\Application\Common\Controller\CommonController.class.php on line 14 and defined D:\wamp64\www\website\Application\Common\Controller\CommonController.class.php 第 22 行.
SQL: SHOW COLUMNS FROM `en_navigation` [ RunTime:0.0005s ]
SQL: SELECT `id`,`pid`,`sort`,`name`,`url`,`is_show` FROM `en_navigation` WHERE `is_show` = 1  [ RunTime:0.0005s ]
SQL: SHOW COLUMNS FROM `en_admin` [ RunTime:0.0000s ]
SQL: SELECT `id`,`group_id`,`nickname`,`password`,`truename`,`phone`,`email`,`register_time`,`register_ip`,`last_login_time`,`last_login_ip`,`status` FROM `en_admin` WHERE `id` = '1' LIMIT 1   [ RunTime:0.0000s ]
SQL: SELECT `id`,`pid`,`sort`,`name`,`url`,`is_show` FROM `en_navigation` WHERE `is_show` = 1 AND `pid` <> 0  [ RunTime:0.0005s ]
SQL: SHOW COLUMNS FROM `en_group` [ RunTime:0.0005s ]
NOTIC: [8] Undefined index: validate D:\wamp64\www\website\ThinkPHP\Library\Think\Model.class.php 第 1308 行.
NOTIC: [8] Undefined index: auto D:\wamp64\www\website\ThinkPHP\Library\Think\Model.class.php 第 1538 行.
SQL: INSERT INTO `en_group` (`name`,`intro`) VALUES ('1','123') [ RunTime:0.0000s ]

[ 2018-01-04T12:23:42+08:00 ] ::1 /website/admin/group/index.html
INFO: [ app_init ] --START--
INFO: Run Behavior\BuildLiteBehavior [ RunTime:0.000000s ]
INFO: [ app_init ] --END-- [ RunTime:0.000500s ]

[ 2018-01-04T12:23:47+08:00 ] ::1 /website/admin/group/remove/id/4.html
INFO: [ app_init ] --START--
INFO: Run Behavior\BuildLiteBehavior [ RunTime:0.000000s ]
INFO: [ app_init ] --END-- [ RunTime:0.001000s ]
INFO: [ app_begin ] --START--
INFO: Run Behavior\ReadHtmlCacheBehavior [ RunTime:0.000500s ]
INFO: Run Behavior\CheckLangBehavior [ RunTime:0.001000s ]
INFO: [ app_begin ] --END-- [ RunTime:0.002500s ]
NOTIC: [2] Missing argument 1 for Common\Controller\CommonController::is_mobile(), called in D:\wamp64\www\website\Application\Common\Controller\CommonController.class.php on line 14 and defined D:\wamp64\www\website\Application\Common\Controller\CommonController.class.php 第 22 行.
SQL: SHOW COLUMNS FROM `en_navigation` [ RunTime:0.0005s ]
SQL: SELECT `id`,`pid`,`sort`,`name`,`url`,`is_show` FROM `en_navigation` WHERE `is_show` = 1  [ RunTime:0.0005s ]
SQL: SHOW COLUMNS FROM `en_admin` [ RunTime:0.0000s ]
SQL: SELECT `id`,`group_id`,`nickname`,`password`,`truename`,`phone`,`email`,`register_time`,`register_ip`,`last_login_time`,`last_login_ip`,`status` FROM `en_admin` WHERE `id` = '1' LIMIT 1   [ RunTime:0.0000s ]
SQL: SELECT `id`,`pid`,`sort`,`name`,`url`,`is_show` FROM `en_navigation` WHERE `is_show` = 1 AND `pid` <> 0  [ RunTime:0.0000s ]
NOTIC: [8] Use of undefined constant intval - assumed 'intval' D:\wamp64\www\website\Application\Admin\Controller\GroupController.class.php 第 54 行.
SQL: SHOW COLUMNS FROM `en_group` [ RunTime:0.0000s ]
SQL: DELETE FROM `en_group` WHERE `id` = 4 [ RunTime:0.0000s ]

[ 2018-01-04T12:23:48+08:00 ] ::1 /website/admin/group/index.html
INFO: [ app_init ] --START--
INFO: Run Behavior\BuildLiteBehavior [ RunTime:0.000000s ]
INFO: [ app_init ] --END-- [ RunTime:0.001000s ]

[ 2018-01-04T12:23:56+08:00 ] ::1 /website/admin/web_config/index.html
INFO: [ app_init ] --START--
INFO: Run Behavior\BuildLiteBehavior [ RunTime:0.000000s ]
INFO: [ app_init ] --END-- [ RunTime:0.000500s ]

[ 2018-01-04T12:23:59+08:00 ] ::1 /website/admin/basic_config/index.html
INFO: [ app_init ] --START--
INFO: Run Behavior\BuildLiteBehavior [ RunTime:0.000000s ]
INFO: [ app_init ] --END-- [ RunTime:0.000500s ]

[ 2018-01-04T12:24:02+08:00 ] ::1 /website/admin/core_config/index.html
INFO: [ app_init ] --START--
INFO: Run Behavior\BuildLiteBehavior [ RunTime:0.000000s ]
INFO: [ app_init ] --END-- [ RunTime:0.001000s ]

[ 2018-01-04T12:24:07+08:00 ] ::1 /website/admin/email_config/index.html
INFO: [ app_init ] --START--
INFO: Run Behavior\BuildLiteBehavior [ RunTime:0.000000s ]
INFO: [ app_init ] --END-- [ RunTime:0.000500s ]

[ 2018-01-04T12:24:09+08:00 ] ::1 /website/admin/adjunct_config/index.html
INFO: [ app_init ] --START--
INFO: Run Behavior\BuildLiteBehavior [ RunTime:0.000000s ]
INFO: [ app_init ] --END-- [ RunTime:0.001000s ]

[ 2018-01-04T12:24:16+08:00 ] ::1 /website/admin/navigation/index.html
INFO: [ app_init ] --START--
INFO: Run Behavior\BuildLiteBehavior [ RunTime:0.000500s ]
INFO: [ app_init ] --END-- [ RunTime:0.001000s ]

[ 2018-01-04T12:27:39+08:00 ] ::1 /website/admin/adjunct_config/index.html
INFO: [ app_init ] --START--
INFO: Run Behavior\BuildLiteBehavior [ RunTime:0.000000s ]
INFO: [ app_init ] --END-- [ RunTime:0.000500s ]

[ 2018-01-04T12:28:12+08:00 ] ::1 /website/admin/admin/index.html
INFO: [ app_init ] --START--
INFO: Run Behavior\BuildLiteBehavior [ RunTime:0.000000s ]
INFO: [ app_init ] --END-- [ RunTime:0.000500s ]

[ 2018-01-04T12:28:17+08:00 ] ::1 /website/admin/navigation/index.html
INFO: [ app_init ] --START--
INFO: Run Behavior\BuildLiteBehavior [ RunTime:0.000000s ]
INFO: [ app_init ] --END-- [ RunTime:0.001000s ]

[ 2018-01-04T12:28:43+08:00 ] ::1 /website/admin/rule/index.html
INFO: [ app_init ] --START--
INFO: Run Behavior\BuildLiteBehavior [ RunTime:0.000500s ]
INFO: [ app_init ] --END-- [ RunTime:0.001000s ]

[ 2018-01-04T12:30:25+08:00 ] ::1 /website/admin/navigation/index.html
INFO: [ app_init ] --START--
INFO: Run Behavior\BuildLiteBehavior [ RunTime:0.000000s ]
INFO: [ app_init ] --END-- [ RunTime:0.000500s ]

[ 2018-01-04T12:32:04+08:00 ] ::1 /website/admin/admin/index.html
INFO: [ app_init ] --START--
INFO: Run Behavior\BuildLiteBehavior [ RunTime:0.000000s ]
INFO: [ app_init ] --END-- [ RunTime:0.000500s ]

[ 2018-01-04T12:32:11+08:00 ] ::1 /website/admin/web_config/index.html
INFO: [ app_init ] --START--
INFO: Run Behavior\BuildLiteBehavior [ RunTime:0.000000s ]
INFO: [ app_init ] --END-- [ RunTime:0.001000s ]

[ 2018-01-04T12:32:14+08:00 ] ::1 /website/admin/basic_config/index.html
INFO: [ app_init ] --START--
INFO: Run Behavior\BuildLiteBehavior [ RunTime:0.000000s ]
INFO: [ app_init ] --END-- [ RunTime:0.000500s ]

[ 2018-01-04T12:32:16+08:00 ] ::1 /website/admin/config/create/group_id/2.html
INFO: [ app_init ] --START--
INFO: Run Behavior\BuildLiteBehavior [ RunTime:0.000500s ]
INFO: [ app_init ] --END-- [ RunTime:0.001500s ]

[ 2018-01-04T12:32:20+08:00 ] ::1 /website/admin/core_config/index.html
INFO: [ app_init ] --START--
INFO: Run Behavior\BuildLiteBehavior [ RunTime:0.000000s ]
INFO: [ app_init ] --END-- [ RunTime:0.000500s ]

[ 2018-01-04T12:32:29+08:00 ] ::1 /website/admin/email_config/index.html
INFO: [ app_init ] --START--
INFO: Run Behavior\BuildLiteBehavior [ RunTime:0.000000s ]
INFO: [ app_init ] --END-- [ RunTime:0.001000s ]

[ 2018-01-04T12:32:30+08:00 ] ::1 /website/admin/config/create/group_id/4.html
INFO: [ app_init ] --START--
INFO: Run Behavior\BuildLiteBehavior [ RunTime:0.000000s ]
INFO: [ app_init ] --END-- [ RunTime:0.000500s ]

[ 2018-01-04T12:32:34+08:00 ] ::1 /website/admin/adjunct_config/index.html
INFO: [ app_init ] --START--
INFO: Run Behavior\BuildLiteBehavior [ RunTime:0.000000s ]
INFO: [ app_init ] --END-- [ RunTime:0.000500s ]

[ 2018-01-04T12:32:41+08:00 ] ::1 /website/admin/navigation/index.html
INFO: [ app_init ] --START--
INFO: Run Behavior\BuildLiteBehavior [ RunTime:0.000000s ]
INFO: [ app_init ] --END-- [ RunTime:0.001000s ]

[ 2018-01-04T12:32:45+08:00 ] ::1 /website/admin/navigation/editor/id/1.html
INFO: [ app_init ] --START--
INFO: Run Behavior\BuildLiteBehavior [ RunTime:0.000000s ]
INFO: [ app_init ] --END-- [ RunTime:0.000500s ]

[ 2018-01-04T12:33:11+08:00 ] ::1 /website/admin/navigation/editor/id/2.html
INFO: [ app_init ] --START--
INFO: Run Behavior\BuildLiteBehavior [ RunTime:0.000000s ]
INFO: [ app_init ] --END-- [ RunTime:0.000500s ]

[ 2018-01-04T12:33:47+08:00 ] ::1 /website/admin/navigation/editor/id/2.html
INFO: [ app_init ] --START--
INFO: Run Behavior\BuildLiteBehavior [ RunTime:0.000000s ]
INFO: [ app_init ] --END-- [ RunTime:0.001000s ]

[ 2018-01-04T12:34:01+08:00 ] ::1 /website/admin/rule/index.html
INFO: [ app_init ] --START--
INFO: Run Behavior\BuildLiteBehavior [ RunTime:0.000000s ]
INFO: [ app_init ] --END-- [ RunTime:0.000500s ]

[ 2018-01-04T12:34:13+08:00 ] ::1 /website/admin/group/index.html
INFO: [ app_init ] --START--
INFO: Run Behavior\BuildLiteBehavior [ RunTime:0.000500s ]
INFO: [ app_init ] --END-- [ RunTime:0.000500s ]

[ 2018-01-04T12:34:15+08:00 ] ::1 /website/admin/admin/index.html
INFO: [ app_init ] --START--
INFO: Run Behavior\BuildLiteBehavior [ RunTime:0.000000s ]
INFO: [ app_init ] --END-- [ RunTime:0.000500s ]

[ 2018-01-04T12:34:18+08:00 ] ::1 /website/admin/file/index.html
INFO: [ app_init ] --START--
INFO: Run Behavior\BuildLiteBehavior [ RunTime:0.000000s ]
INFO: [ app_init ] --END-- [ RunTime:0.000500s ]

[ 2018-01-04T12:34:25+08:00 ] ::1 /website/admin/database/index.html
INFO: [ app_init ] --START--
INFO: Run Behavior\BuildLiteBehavior [ RunTime:0.000500s ]
INFO: [ app_init ] --END-- [ RunTime:0.000500s ]

[ 2018-01-04T12:34:28+08:00 ] ::1 /website/admin/navigation/index.html
INFO: [ app_init ] --START--
INFO: Run Behavior\BuildLiteBehavior [ RunTime:0.000000s ]
INFO: [ app_init ] --END-- [ RunTime:0.000500s ]

[ 2018-01-04T12:35:29+08:00 ] ::1 /website/admin/group/index.html
INFO: [ app_init ] --START--
INFO: Run Behavior\BuildLiteBehavior [ RunTime:0.000000s ]
INFO: [ app_init ] --END-- [ RunTime:0.000500s ]

[ 2018-01-04T12:35:31+08:00 ] ::1 /website/admin/file/index.html
INFO: [ app_init ] --START--
INFO: Run Behavior\BuildLiteBehavior [ RunTime:0.000000s ]
INFO: [ app_init ] --END-- [ RunTime:0.000500s ]

[ 2018-01-04T12:35:32+08:00 ] ::1 /website/admin/database/index.html
INFO: [ app_init ] --START--
INFO: Run Behavior\BuildLiteBehavior [ RunTime:0.000000s ]
INFO: [ app_init ] --END-- [ RunTime:0.001000s ]

[ 2018-01-04T14:04:18+08:00 ] ::1 /website/admin/index/index.html
INFO: [ app_init ] --START--
INFO: Run Behavior\BuildLiteBehavior [ RunTime:0.000000s ]
INFO: [ app_init ] --END-- [ RunTime:0.001000s ]

[ 2018-01-04T17:31:39+08:00 ] ::1 /website/admin/index/index.html
INFO: [ app_init ] --START--
INFO: Run Behavior\BuildLiteBehavior [ RunTime:0.000500s ]
INFO: [ app_init ] --END-- [ RunTime:0.000500s ]

[ 2018-01-04T17:31:42+08:00 ] ::1 /website/admin/web_config/index.html
INFO: [ app_init ] --START--
INFO: Run Behavior\BuildLiteBehavior [ RunTime:0.000000s ]
INFO: [ app_init ] --END-- [ RunTime:0.000500s ]

[ 2018-01-04T17:34:39+08:00 ] ::1 /website/admin/navigation/index.html
INFO: [ app_init ] --START--
INFO: Run Behavior\BuildLiteBehavior [ RunTime:0.000000s ]
INFO: [ app_init ] --END-- [ RunTime:0.000500s ]

[ 2018-01-04T17:34:44+08:00 ] ::1 /website/admin/navigation/editor/id/3.html
INFO: [ app_init ] --START--
INFO: Run Behavior\BuildLiteBehavior [ RunTime:0.000000s ]
INFO: [ app_init ] --END-- [ RunTime:0.000500s ]

[ 2018-01-04T17:34:56+08:00 ] ::1 /website/admin/navigation/editor.html
INFO: [ app_init ] --START--
INFO: Run Behavior\BuildLiteBehavior [ RunTime:0.000000s ]
INFO: [ app_init ] --END-- [ RunTime:0.000500s ]
INFO: [ app_begin ] --START--
INFO: Run Behavior\ReadHtmlCacheBehavior [ RunTime:0.001000s ]
INFO: Run Behavior\CheckLangBehavior [ RunTime:0.001000s ]
INFO: [ app_begin ] --END-- [ RunTime:0.002000s ]
NOTIC: [2] Missing argument 1 for Common\Controller\CommonController::is_mobile(), called in D:\wamp64\www\website\Application\Common\Controller\CommonController.class.php on line 14 and defined D:\wamp64\www\website\Application\Common\Controller\CommonController.class.php 第 22 行.
SQL: SHOW COLUMNS FROM `en_navigation` [ RunTime:0.0005s ]
SQL: SELECT `id`,`pid`,`sort`,`name`,`url`,`is_show` FROM `en_navigation` WHERE `is_show` = 1  [ RunTime:0.0000s ]
SQL: SHOW COLUMNS FROM `en_admin` [ RunTime:0.0005s ]
SQL: SELECT `id`,`group_id`,`nickname`,`password`,`truename`,`phone`,`email`,`register_time`,`register_ip`,`last_login_time`,`last_login_ip`,`status` FROM `en_admin` WHERE `id` = '1' LIMIT 1   [ RunTime:0.0005s ]
SQL: SELECT `id`,`pid`,`sort`,`name`,`url`,`is_show` FROM `en_navigation` WHERE `is_show` = 1 AND `pid` <> 0  [ RunTime:0.0000s ]
SQL: SHOW COLUMNS FROM `en_navigation` [ RunTime:0.0005s ]
NOTIC: [8] Undefined index: validate D:\wamp64\www\website\ThinkPHP\Library\Think\Model.class.php 第 1308 行.
NOTIC: [8] Undefined index: auto D:\wamp64\www\website\ThinkPHP\Library\Think\Model.class.php 第 1538 行.
SQL: UPDATE `en_navigation` SET `pid`='0',`name`='专家管理',`url`='javascript:void(0);' WHERE `id` = 3 [ RunTime:0.0005s ]

[ 2018-01-04T17:34:57+08:00 ] ::1 /website/admin/navigation/index.html
INFO: [ app_init ] --START--
INFO: Run Behavior\BuildLiteBehavior [ RunTime:0.000000s ]
INFO: [ app_init ] --END-- [ RunTime:0.000500s ]

[ 2018-01-04T17:35:01+08:00 ] ::1 /website/admin/navigation/editor/id/4.html
INFO: [ app_init ] --START--
INFO: Run Behavior\BuildLiteBehavior [ RunTime:0.000000s ]
INFO: [ app_init ] --END-- [ RunTime:0.000500s ]

[ 2018-01-04T17:35:10+08:00 ] ::1 /website/admin/navigation/editor.html
INFO: [ app_init ] --START--
INFO: Run Behavior\BuildLiteBehavior [ RunTime:0.000000s ]
INFO: [ app_init ] --END-- [ RunTime:0.000500s ]
INFO: [ app_begin ] --START--
INFO: Run Behavior\ReadHtmlCacheBehavior [ RunTime:0.001500s ]
INFO: Run Behavior\CheckLangBehavior [ RunTime:0.001500s ]
INFO: [ app_begin ] --END-- [ RunTime:0.003000s ]
NOTIC: [2] Missing argument 1 for Common\Controller\CommonController::is_mobile(), called in D:\wamp64\www\website\Application\Common\Controller\CommonController.class.php on line 14 and defined D:\wamp64\www\website\Application\Common\Controller\CommonController.class.php 第 22 行.
SQL: SHOW COLUMNS FROM `en_navigation` [ RunTime:0.0005s ]
SQL: SELECT `id`,`pid`,`sort`,`name`,`url`,`is_show` FROM `en_navigation` WHERE `is_show` = 1  [ RunTime:0.0000s ]
SQL: SHOW COLUMNS FROM `en_admin` [ RunTime:0.0005s ]
SQL: SELECT `id`,`group_id`,`nickname`,`password`,`truename`,`phone`,`email`,`register_time`,`register_ip`,`last_login_time`,`last_login_ip`,`status` FROM `en_admin` WHERE `id` = '1' LIMIT 1   [ RunTime:0.0005s ]
SQL: SELECT `id`,`pid`,`sort`,`name`,`url`,`is_show` FROM `en_navigation` WHERE `is_show` = 1 AND `pid` <> 0  [ RunTime:0.0005s ]
SQL: SHOW COLUMNS FROM `en_navigation` [ RunTime:0.0005s ]
NOTIC: [8] Undefined index: validate D:\wamp64\www\website\ThinkPHP\Library\Think\Model.class.php 第 1308 行.
NOTIC: [8] Undefined index: auto D:\wamp64\www\website\ThinkPHP\Library\Think\Model.class.php 第 1538 行.
SQL: UPDATE `en_navigation` SET `pid`='0',`name`='博物馆管理',`url`='javascript:void(0);' WHERE `id` = 4 [ RunTime:0.0000s ]

[ 2018-01-04T17:35:12+08:00 ] ::1 /website/admin/navigation/index.html
INFO: [ app_init ] --START--
INFO: Run Behavior\BuildLiteBehavior [ RunTime:0.000000s ]
INFO: [ app_init ] --END-- [ RunTime:0.000500s ]

[ 2018-01-04T17:35:19+08:00 ] ::1 /website/admin/navigation/editor/id/5.html
INFO: [ app_init ] --START--
INFO: Run Behavior\BuildLiteBehavior [ RunTime:0.000500s ]
INFO: [ app_init ] --END-- [ RunTime:0.001000s ]

[ 2018-01-04T17:35:27+08:00 ] ::1 /website/admin/navigation/editor.html
INFO: [ app_init ] --START--
INFO: Run Behavior\BuildLiteBehavior [ RunTime:0.000000s ]
INFO: [ app_init ] --END-- [ RunTime:0.001000s ]
INFO: [ app_begin ] --START--
INFO: Run Behavior\ReadHtmlCacheBehavior [ RunTime:0.001000s ]
INFO: Run Behavior\CheckLangBehavior [ RunTime:0.001500s ]
INFO: [ app_begin ] --END-- [ RunTime:0.002500s ]
NOTIC: [2] Missing argument 1 for Common\Controller\CommonController::is_mobile(), called in D:\wamp64\www\website\Application\Common\Controller\CommonController.class.php on line 14 and defined D:\wamp64\www\website\Application\Common\Controller\CommonController.class.php 第 22 行.
SQL: SHOW COLUMNS FROM `en_navigation` [ RunTime:0.0000s ]
SQL: SELECT `id`,`pid`,`sort`,`name`,`url`,`is_show` FROM `en_navigation` WHERE `is_show` = 1  [ RunTime:0.0005s ]
SQL: SHOW COLUMNS FROM `en_admin` [ RunTime:0.0000s ]
SQL: SELECT `id`,`group_id`,`nickname`,`password`,`truename`,`phone`,`email`,`register_time`,`register_ip`,`last_login_time`,`last_login_ip`,`status` FROM `en_admin` WHERE `id` = '1' LIMIT 1   [ RunTime:0.0000s ]
SQL: SELECT `id`,`pid`,`sort`,`name`,`url`,`is_show` FROM `en_navigation` WHERE `is_show` = 1 AND `pid` <> 0  [ RunTime:0.0005s ]
SQL: SHOW COLUMNS FROM `en_navigation` [ RunTime:0.0005s ]
NOTIC: [8] Undefined index: validate D:\wamp64\www\website\ThinkPHP\Library\Think\Model.class.php 第 1308 行.
NOTIC: [8] Undefined index: auto D:\wamp64\www\website\ThinkPHP\Library\Think\Model.class.php 第 1538 行.
SQL: UPDATE `en_navigation` SET `pid`='0',`name`='申报书管理',`url`='javascript:void(0);' WHERE `id` = 5 [ RunTime:0.0005s ]

[ 2018-01-04T17:35:28+08:00 ] ::1 /website/admin/navigation/index.html
INFO: [ app_init ] --START--
INFO: Run Behavior\BuildLiteBehavior [ RunTime:0.000500s ]
INFO: [ app_init ] --END-- [ RunTime:0.001000s ]

[ 2018-01-04T17:35:29+08:00 ] ::1 /website/admin/navigation/editor/id/6.html
INFO: [ app_init ] --START--
INFO: Run Behavior\BuildLiteBehavior [ RunTime:0.000000s ]
INFO: [ app_init ] --END-- [ RunTime:0.001000s ]

[ 2018-01-04T17:35:42+08:00 ] ::1 /website/admin/navigation/editor.html
INFO: [ app_init ] --START--
INFO: Run Behavior\BuildLiteBehavior [ RunTime:0.000000s ]
INFO: [ app_init ] --END-- [ RunTime:0.001000s ]
INFO: [ app_begin ] --START--
INFO: Run Behavior\ReadHtmlCacheBehavior [ RunTime:0.001000s ]
INFO: Run Behavior\CheckLangBehavior [ RunTime:0.001500s ]
INFO: [ app_begin ] --END-- [ RunTime:0.003000s ]
NOTIC: [2] Missing argument 1 for Common\Controller\CommonController::is_mobile(), called in D:\wamp64\www\website\Application\Common\Controller\CommonController.class.php on line 14 and defined D:\wamp64\www\website\Application\Common\Controller\CommonController.class.php 第 22 行.
SQL: SHOW COLUMNS FROM `en_navigation` [ RunTime:0.0005s ]
SQL: SELECT `id`,`pid`,`sort`,`name`,`url`,`is_show` FROM `en_navigation` WHERE `is_show` = 1  [ RunTime:0.0005s ]
SQL: SHOW COLUMNS FROM `en_admin` [ RunTime:0.0005s ]
SQL: SELECT `id`,`group_id`,`nickname`,`password`,`truename`,`phone`,`email`,`register_time`,`register_ip`,`last_login_time`,`last_login_ip`,`status` FROM `en_admin` WHERE `id` = '1' LIMIT 1   [ RunTime:0.0005s ]
SQL: SELECT `id`,`pid`,`sort`,`name`,`url`,`is_show` FROM `en_navigation` WHERE `is_show` = 1 AND `pid` <> 0  [ RunTime:0.0000s ]
SQL: SHOW COLUMNS FROM `en_navigation` [ RunTime:0.0000s ]
NOTIC: [8] Undefined index: validate D:\wamp64\www\website\ThinkPHP\Library\Think\Model.class.php 第 1308 行.
NOTIC: [8] Undefined index: auto D:\wamp64\www\website\ThinkPHP\Library\Think\Model.class.php 第 1538 行.
SQL: UPDATE `en_navigation` SET `pid`='0',`name`='专家打分表管理',`url`='javascript:void(0);' WHERE `id` = 6 [ RunTime:0.0005s ]

[ 2018-01-04T17:35:43+08:00 ] ::1 /website/admin/navigation/index.html
INFO: [ app_init ] --START--
INFO: Run Behavior\BuildLiteBehavior [ RunTime:0.000000s ]
INFO: [ app_init ] --END-- [ RunTime:0.000500s ]

[ 2018-01-04T17:35:46+08:00 ] ::1 /website/admin/navigation/create.html
INFO: [ app_init ] --START--
INFO: Run Behavior\BuildLiteBehavior [ RunTime:0.000000s ]
INFO: [ app_init ] --END-- [ RunTime:0.000500s ]

[ 2018-01-04T17:35:55+08:00 ] ::1 /website/admin/navigation/index/pid/6.html
INFO: [ app_init ] --START--
INFO: Run Behavior\BuildLiteBehavior [ RunTime:0.000500s ]
INFO: [ app_init ] --END-- [ RunTime:0.000500s ]

[ 2018-01-04T17:36:39+08:00 ] ::1 /website/admin/navigation/create.html
INFO: [ app_init ] --START--
INFO: Run Behavior\BuildLiteBehavior [ RunTime:0.000000s ]
INFO: [ app_init ] --END-- [ RunTime:0.000500s ]

[ 2018-01-04T17:36:53+08:00 ] ::1 /website/admin/navigation/create.html
INFO: [ app_init ] --START--
INFO: Run Behavior\BuildLiteBehavior [ RunTime:0.000000s ]
INFO: [ app_init ] --END-- [ RunTime:0.000500s ]
INFO: [ app_begin ] --START--
INFO: Run Behavior\ReadHtmlCacheBehavior [ RunTime:0.000500s ]
INFO: Run Behavior\CheckLangBehavior [ RunTime:0.001000s ]
INFO: [ app_begin ] --END-- [ RunTime:0.001500s ]
NOTIC: [2] Missing argument 1 for Common\Controller\CommonController::is_mobile(), called in D:\wamp64\www\website\Application\Common\Controller\CommonController.class.php on line 14 and defined D:\wamp64\www\website\Application\Common\Controller\CommonController.class.php 第 22 行.
SQL: SHOW COLUMNS FROM `en_navigation` [ RunTime:0.0010s ]
SQL: SELECT `id`,`pid`,`sort`,`name`,`url`,`is_show` FROM `en_navigation` WHERE `is_show` = 1  [ RunTime:0.0005s ]
SQL: SHOW COLUMNS FROM `en_admin` [ RunTime:0.0010s ]
SQL: SELECT `id`,`group_id`,`nickname`,`password`,`truename`,`phone`,`email`,`register_time`,`register_ip`,`last_login_time`,`last_login_ip`,`status` FROM `en_admin` WHERE `id` = '1' LIMIT 1   [ RunTime:0.0000s ]
SQL: SELECT `id`,`pid`,`sort`,`name`,`url`,`is_show` FROM `en_navigation` WHERE `is_show` = 1 AND `pid` <> 0  [ RunTime:0.0000s ]
SQL: SHOW COLUMNS FROM `en_navigation` [ RunTime:0.0005s ]
NOTIC: [8] Undefined index: validate D:\wamp64\www\website\ThinkPHP\Library\Think\Model.class.php 第 1308 行.
NOTIC: [8] Undefined index: auto D:\wamp64\www\website\ThinkPHP\Library\Think\Model.class.php 第 1538 行.
NOTIC: [8] Use of undefined constant intval - assumed 'intval' D:\wamp64\www\website\Application\Admin\Model\NavigationModel.class.php 第 14 行.
SQL: SELECT MAX(sort) AS tp_max FROM `en_navigation` WHERE `pid` = 0 LIMIT 1   [ RunTime:0.0015s ]
SQL: INSERT INTO `en_navigation` (`pid`,`name`,`url`,`sort`) VALUES ('0','计算得分','javascript:void(0);','7') [ RunTime:0.0005s ]

[ 2018-01-04T17:36:54+08:00 ] ::1 /website/admin/navigation/index/pid/6.html
INFO: [ app_init ] --START--
INFO: Run Behavior\BuildLiteBehavior [ RunTime:0.000000s ]
INFO: [ app_init ] --END-- [ RunTime:0.000500s ]

[ 2018-01-04T17:37:00+08:00 ] ::1 /website/admin/navigation/index.html
INFO: [ app_init ] --START--
INFO: Run Behavior\BuildLiteBehavior [ RunTime:0.000000s ]
INFO: [ app_init ] --END-- [ RunTime:0.000500s ]

[ 2018-01-04T17:37:02+08:00 ] ::1 /website/admin/navigation/create.html
INFO: [ app_init ] --START--
INFO: Run Behavior\BuildLiteBehavior [ RunTime:0.000000s ]
INFO: [ app_init ] --END-- [ RunTime:0.000500s ]

[ 2018-01-04T17:37:13+08:00 ] ::1 /website/admin/navigation/create.html
INFO: [ app_init ] --START--
INFO: Run Behavior\BuildLiteBehavior [ RunTime:0.000000s ]
INFO: [ app_init ] --END-- [ RunTime:0.000500s ]
INFO: [ app_begin ] --START--
INFO: Run Behavior\ReadHtmlCacheBehavior [ RunTime:0.001000s ]
INFO: Run Behavior\CheckLangBehavior [ RunTime:0.001000s ]
INFO: [ app_begin ] --END-- [ RunTime:0.002000s ]
NOTIC: [2] Missing argument 1 for Common\Controller\CommonController::is_mobile(), called in D:\wamp64\www\website\Application\Common\Controller\CommonController.class.php on line 14 and defined D:\wamp64\www\website\Application\Common\Controller\CommonController.class.php 第 22 行.
SQL: SHOW COLUMNS FROM `en_navigation` [ RunTime:0.0000s ]
SQL: SELECT `id`,`pid`,`sort`,`name`,`url`,`is_show` FROM `en_navigation` WHERE `is_show` = 1  [ RunTime:0.0005s ]
SQL: SHOW COLUMNS FROM `en_admin` [ RunTime:0.0005s ]
SQL: SELECT `id`,`group_id`,`nickname`,`password`,`truename`,`phone`,`email`,`register_time`,`register_ip`,`last_login_time`,`last_login_ip`,`status` FROM `en_admin` WHERE `id` = '1' LIMIT 1   [ RunTime:0.0005s ]
SQL: SELECT `id`,`pid`,`sort`,`name`,`url`,`is_show` FROM `en_navigation` WHERE `is_show` = 1 AND `pid` <> 0  [ RunTime:0.0005s ]
SQL: SHOW COLUMNS FROM `en_navigation` [ RunTime:0.0005s ]
NOTIC: [8] Undefined index: validate D:\wamp64\www\website\ThinkPHP\Library\Think\Model.class.php 第 1308 行.
NOTIC: [8] Undefined index: auto D:\wamp64\www\website\ThinkPHP\Library\Think\Model.class.php 第 1538 行.
NOTIC: [8] Use of undefined constant intval - assumed 'intval' D:\wamp64\www\website\Application\Admin\Model\NavigationModel.class.php 第 14 行.
SQL: SELECT MAX(sort) AS tp_max FROM `en_navigation` WHERE `pid` = 0 LIMIT 1   [ RunTime:0.0000s ]
SQL: INSERT INTO `en_navigation` (`pid`,`name`,`url`,`sort`) VALUES ('0','统计表','javascript:void(0);','8') [ RunTime:0.0000s ]

[ 2018-01-04T17:37:14+08:00 ] ::1 /website/admin/navigation/index.html
INFO: [ app_init ] --START--
INFO: Run Behavior\BuildLiteBehavior [ RunTime:0.000000s ]
INFO: [ app_init ] --END-- [ RunTime:0.000500s ]

[ 2018-01-04T17:37:28+08:00 ] ::1 /website/admin/navigation/create.html
INFO: [ app_init ] --START--
INFO: Run Behavior\BuildLiteBehavior [ RunTime:0.000000s ]
INFO: [ app_init ] --END-- [ RunTime:0.001000s ]

[ 2018-01-04T17:37:37+08:00 ] ::1 /website/admin/navigation/create.html
INFO: [ app_init ] --START--
INFO: Run Behavior\BuildLiteBehavior [ RunTime:0.000500s ]
INFO: [ app_init ] --END-- [ RunTime:0.001000s ]
INFO: [ app_begin ] --START--
INFO: Run Behavior\ReadHtmlCacheBehavior [ RunTime:0.000500s ]
INFO: Run Behavior\CheckLangBehavior [ RunTime:0.000500s ]
INFO: [ app_begin ] --END-- [ RunTime:0.001500s ]
NOTIC: [2] Missing argument 1 for Common\Controller\CommonController::is_mobile(), called in D:\wamp64\www\website\Application\Common\Controller\CommonController.class.php on line 14 and defined D:\wamp64\www\website\Application\Common\Controller\CommonController.class.php 第 22 行.
SQL: SHOW COLUMNS FROM `en_navigation` [ RunTime:0.0005s ]
SQL: SELECT `id`,`pid`,`sort`,`name`,`url`,`is_show` FROM `en_navigation` WHERE `is_show` = 1  [ RunTime:0.0005s ]
SQL: SHOW COLUMNS FROM `en_admin` [ RunTime:0.0005s ]
SQL: SELECT `id`,`group_id`,`nickname`,`password`,`truename`,`phone`,`email`,`register_time`,`register_ip`,`last_login_time`,`last_login_ip`,`status` FROM `en_admin` WHERE `id` = '1' LIMIT 1   [ RunTime:0.0005s ]
SQL: SELECT `id`,`pid`,`sort`,`name`,`url`,`is_show` FROM `en_navigation` WHERE `is_show` = 1 AND `pid` <> 0  [ RunTime:0.0005s ]
SQL: SHOW COLUMNS FROM `en_navigation` [ RunTime:0.0010s ]
NOTIC: [8] Undefined index: validate D:\wamp64\www\website\ThinkPHP\Library\Think\Model.class.php 第 1308 行.
NOTIC: [8] Undefined index: auto D:\wamp64\www\website\ThinkPHP\Library\Think\Model.class.php 第 1538 行.
NOTIC: [8] Use of undefined constant intval - assumed 'intval' D:\wamp64\www\website\Application\Admin\Model\NavigationModel.class.php 第 14 行.
SQL: SELECT MAX(sort) AS tp_max FROM `en_navigation` WHERE `pid` = 0 LIMIT 1   [ RunTime:0.0005s ]
SQL: INSERT INTO `en_navigation` (`pid`,`name`,`url`,`sort`) VALUES ('0','总分排名','javascript:void(0);','9') [ RunTime:0.0005s ]

[ 2018-01-04T17:37:38+08:00 ] ::1 /website/admin/navigation/index.html
INFO: [ app_init ] --START--
INFO: Run Behavior\BuildLiteBehavior [ RunTime:0.000500s ]
INFO: [ app_init ] --END-- [ RunTime:0.001000s ]

[ 2018-01-04T17:37:49+08:00 ] ::1 /website/admin/navigation/create.html
INFO: [ app_init ] --START--
INFO: Run Behavior\BuildLiteBehavior [ RunTime:0.000000s ]
INFO: [ app_init ] --END-- [ RunTime:0.001000s ]

[ 2018-01-04T17:37:58+08:00 ] ::1 /website/admin/navigation/create.html
INFO: [ app_init ] --START--
INFO: Run Behavior\BuildLiteBehavior [ RunTime:0.000000s ]
INFO: [ app_init ] --END-- [ RunTime:0.000500s ]
INFO: [ app_begin ] --START--
INFO: Run Behavior\ReadHtmlCacheBehavior [ RunTime:0.000500s ]
INFO: Run Behavior\CheckLangBehavior [ RunTime:0.001000s ]
INFO: [ app_begin ] --END-- [ RunTime:0.001500s ]
NOTIC: [2] Missing argument 1 for Common\Controller\CommonController::is_mobile(), called in D:\wamp64\www\website\Application\Common\Controller\CommonController.class.php on line 14 and defined D:\wamp64\www\website\Application\Common\Controller\CommonController.class.php 第 22 行.
SQL: SHOW COLUMNS FROM `en_navigation` [ RunTime:0.0005s ]
SQL: SELECT `id`,`pid`,`sort`,`name`,`url`,`is_show` FROM `en_navigation` WHERE `is_show` = 1  [ RunTime:0.0005s ]
SQL: SHOW COLUMNS FROM `en_admin` [ RunTime:0.0005s ]
SQL: SELECT `id`,`group_id`,`nickname`,`password`,`truename`,`phone`,`email`,`register_time`,`register_ip`,`last_login_time`,`last_login_ip`,`status` FROM `en_admin` WHERE `id` = '1' LIMIT 1   [ RunTime:0.0005s ]
SQL: SELECT `id`,`pid`,`sort`,`name`,`url`,`is_show` FROM `en_navigation` WHERE `is_show` = 1 AND `pid` <> 0  [ RunTime:0.0005s ]
SQL: SHOW COLUMNS FROM `en_navigation` [ RunTime:0.0005s ]
NOTIC: [8] Undefined index: validate D:\wamp64\www\website\ThinkPHP\Library\Think\Model.class.php 第 1308 行.
NOTIC: [8] Undefined index: auto D:\wamp64\www\website\ThinkPHP\Library\Think\Model.class.php 第 1538 行.
NOTIC: [8] Use of undefined constant intval - assumed 'intval' D:\wamp64\www\website\Application\Admin\Model\NavigationModel.class.php 第 14 行.
SQL: SELECT MAX(sort) AS tp_max FROM `en_navigation` WHERE `pid` = 0 LIMIT 1   [ RunTime:0.0000s ]
SQL: INSERT INTO `en_navigation` (`pid`,`name`,`url`,`sort`) VALUES ('0','定量排名','javascript:void(0);','10') [ RunTime:0.0000s ]

[ 2018-01-04T17:37:59+08:00 ] ::1 /website/admin/navigation/index.html
INFO: [ app_init ] --START--
INFO: Run Behavior\BuildLiteBehavior [ RunTime:0.000000s ]
INFO: [ app_init ] --END-- [ RunTime:0.000500s ]

[ 2018-01-04T17:38:01+08:00 ] ::1 /website/admin/navigation/create.html
INFO: [ app_init ] --START--
INFO: Run Behavior\BuildLiteBehavior [ RunTime:0.000000s ]
INFO: [ app_init ] --END-- [ RunTime:0.000500s ]

[ 2018-01-04T17:38:09+08:00 ] ::1 /website/admin/navigation/create.html
INFO: [ app_init ] --START--
INFO: Run Behavior\BuildLiteBehavior [ RunTime:0.000000s ]
INFO: [ app_init ] --END-- [ RunTime:0.000500s ]
INFO: [ app_begin ] --START--
INFO: Run Behavior\ReadHtmlCacheBehavior [ RunTime:0.001000s ]
INFO: Run Behavior\CheckLangBehavior [ RunTime:0.001000s ]
INFO: [ app_begin ] --END-- [ RunTime:0.002000s ]
NOTIC: [2] Missing argument 1 for Common\Controller\CommonController::is_mobile(), called in D:\wamp64\www\website\Application\Common\Controller\CommonController.class.php on line 14 and defined D:\wamp64\www\website\Application\Common\Controller\CommonController.class.php 第 22 行.
SQL: SHOW COLUMNS FROM `en_navigation` [ RunTime:0.0005s ]
SQL: SELECT `id`,`pid`,`sort`,`name`,`url`,`is_show` FROM `en_navigation` WHERE `is_show` = 1  [ RunTime:0.0005s ]
SQL: SHOW COLUMNS FROM `en_admin` [ RunTime:0.0010s ]
SQL: SELECT `id`,`group_id`,`nickname`,`password`,`truename`,`phone`,`email`,`register_time`,`register_ip`,`last_login_time`,`last_login_ip`,`status` FROM `en_admin` WHERE `id` = '1' LIMIT 1   [ RunTime:0.0000s ]
SQL: SELECT `id`,`pid`,`sort`,`name`,`url`,`is_show` FROM `en_navigation` WHERE `is_show` = 1 AND `pid` <> 0  [ RunTime:0.0005s ]
SQL: SHOW COLUMNS FROM `en_navigation` [ RunTime:0.0005s ]
NOTIC: [8] Undefined index: validate D:\wamp64\www\website\ThinkPHP\Library\Think\Model.class.php 第 1308 行.
NOTIC: [8] Undefined index: auto D:\wamp64\www\website\ThinkPHP\Library\Think\Model.class.php 第 1538 行.
NOTIC: [8] Use of undefined constant intval - assumed 'intval' D:\wamp64\www\website\Application\Admin\Model\NavigationModel.class.php 第 14 行.
SQL: SELECT MAX(sort) AS tp_max FROM `en_navigation` WHERE `pid` = 0 LIMIT 1   [ RunTime:0.0005s ]
SQL: INSERT INTO `en_navigation` (`pid`,`name`,`url`,`sort`) VALUES ('0','定性排名','javascript:void(0);','11') [ RunTime:0.0005s ]

[ 2018-01-04T17:38:10+08:00 ] ::1 /website/admin/navigation/index.html
INFO: [ app_init ] --START--
INFO: Run Behavior\BuildLiteBehavior [ RunTime:0.000000s ]
INFO: [ app_init ] --END-- [ RunTime:0.001000s ]

[ 2018-01-04T17:40:25+08:00 ] ::1 /website/admin/navigation/index.html
INFO: [ app_init ] --START--
INFO: Run Behavior\BuildLiteBehavior [ RunTime:0.000000s ]
INFO: [ app_init ] --END-- [ RunTime:0.000500s ]

[ 2018-01-04T17:40:27+08:00 ] ::1 /website/admin/rule/index.html
INFO: [ app_init ] --START--
INFO: Run Behavior\BuildLiteBehavior [ RunTime:0.000000s ]
INFO: [ app_init ] --END-- [ RunTime:0.000500s ]

[ 2018-01-04T17:40:28+08:00 ] ::1 /website/admin/group/index.html
INFO: [ app_init ] --START--
INFO: Run Behavior\BuildLiteBehavior [ RunTime:0.000000s ]
INFO: [ app_init ] --END-- [ RunTime:0.000500s ]

[ 2018-01-04T17:40:59+08:00 ] ::1 /website/admin/basic_config/index.html
INFO: [ app_init ] --START--
INFO: Run Behavior\BuildLiteBehavior [ RunTime:0.000000s ]
INFO: [ app_init ] --END-- [ RunTime:0.000500s ]

[ 2018-01-04T17:41:01+08:00 ] ::1 /website/admin/adjunct_config/index.html
INFO: [ app_init ] --START--
INFO: Run Behavior\BuildLiteBehavior [ RunTime:0.000000s ]
INFO: [ app_init ] --END-- [ RunTime:0.000500s ]

[ 2018-01-04T17:41:03+08:00 ] ::1 /website/admin/basic_config/index.html
INFO: [ app_init ] --START--
INFO: Run Behavior\BuildLiteBehavior [ RunTime:0.000000s ]
INFO: [ app_init ] --END-- [ RunTime:0.000500s ]

[ 2018-01-04T17:41:10+08:00 ] ::1 /website/admin/navigation/index.html
INFO: [ app_init ] --START--
INFO: Run Behavior\BuildLiteBehavior [ RunTime:0.000000s ]
INFO: [ app_init ] --END-- [ RunTime:0.000500s ]

[ 2018-01-04T17:41:11+08:00 ] ::1 /website/admin/rule/index.html
INFO: [ app_init ] --START--
INFO: Run Behavior\BuildLiteBehavior [ RunTime:0.000000s ]
INFO: [ app_init ] --END-- [ RunTime:0.001000s ]

[ 2018-01-04T17:41:13+08:00 ] ::1 /website/admin/group/index.html
INFO: [ app_init ] --START--
INFO: Run Behavior\BuildLiteBehavior [ RunTime:0.000500s ]
INFO: [ app_init ] --END-- [ RunTime:0.001000s ]

[ 2018-01-04T17:41:14+08:00 ] ::1 /website/admin/file/index.html
INFO: [ app_init ] --START--
INFO: Run Behavior\BuildLiteBehavior [ RunTime:0.000000s ]
INFO: [ app_init ] --END-- [ RunTime:0.000500s ]

[ 2018-01-04T17:41:15+08:00 ] ::1 /website/admin/database/index.html
INFO: [ app_init ] --START--
INFO: Run Behavior\BuildLiteBehavior [ RunTime:0.000000s ]
INFO: [ app_init ] --END-- [ RunTime:0.001000s ]

[ 2018-01-04T17:41:16+08:00 ] ::1 /website/admin/navigation/index.html
INFO: [ app_init ] --START--
INFO: Run Behavior\BuildLiteBehavior [ RunTime:0.000000s ]
INFO: [ app_init ] --END-- [ RunTime:0.001000s ]

[ 2018-01-04T17:41:18+08:00 ] ::1 /website/admin/group/index.html
INFO: [ app_init ] --START--
INFO: Run Behavior\BuildLiteBehavior [ RunTime:0.000000s ]
INFO: [ app_init ] --END-- [ RunTime:0.000500s ]

[ 2018-01-04T17:41:49+08:00 ] ::1 /website/admin/basic_config/index.html
INFO: [ app_init ] --START--
INFO: Run Behavior\BuildLiteBehavior [ RunTime:0.000000s ]
INFO: [ app_init ] --END-- [ RunTime:0.001500s ]

[ 2018-01-04T17:41:50+08:00 ] ::1 /website/admin/email_config/index.html
INFO: [ app_init ] --START--
INFO: Run Behavior\BuildLiteBehavior [ RunTime:0.000000s ]
INFO: [ app_init ] --END-- [ RunTime:0.000500s ]

[ 2018-01-04T17:41:52+08:00 ] ::1 /website/admin/adjunct_config/index.html
INFO: [ app_init ] --START--
INFO: Run Behavior\BuildLiteBehavior [ RunTime:0.000000s ]
INFO: [ app_init ] --END-- [ RunTime:0.000500s ]

[ 2018-01-04T17:42:09+08:00 ] ::1 /website/admin/email_config/index.html
INFO: [ app_init ] --START--
INFO: Run Behavior\BuildLiteBehavior [ RunTime:0.000000s ]
INFO: [ app_init ] --END-- [ RunTime:0.000500s ]

[ 2018-01-04T17:42:11+08:00 ] ::1 /website/admin/core_config/index.html
INFO: [ app_init ] --START--
INFO: Run Behavior\BuildLiteBehavior [ RunTime:0.000000s ]
INFO: [ app_init ] --END-- [ RunTime:0.000500s ]

[ 2018-01-04T17:42:11+08:00 ] ::1 /website/admin/basic_config/index.html
INFO: [ app_init ] --START--
INFO: Run Behavior\BuildLiteBehavior [ RunTime:0.000000s ]
INFO: [ app_init ] --END-- [ RunTime:0.001000s ]

[ 2018-01-04T17:42:13+08:00 ] ::1 /website/admin/web_config/index.html
INFO: [ app_init ] --START--
INFO: Run Behavior\BuildLiteBehavior [ RunTime:0.000000s ]
INFO: [ app_init ] --END-- [ RunTime:0.000500s ]

[ 2018-01-04T17:42:15+08:00 ] ::1 /website/admin/web_config/index.html
INFO: [ app_init ] --START--
INFO: Run Behavior\BuildLiteBehavior [ RunTime:0.000000s ]
INFO: [ app_init ] --END-- [ RunTime:0.000500s ]

[ 2018-01-04T17:42:17+08:00 ] ::1 /website/admin/navigation/index.html
INFO: [ app_init ] --START--
INFO: Run Behavior\BuildLiteBehavior [ RunTime:0.000000s ]
INFO: [ app_init ] --END-- [ RunTime:0.000500s ]

[ 2018-01-04T17:42:18+08:00 ] ::1 /website/admin/rule/index.html
INFO: [ app_init ] --START--
INFO: Run Behavior\BuildLiteBehavior [ RunTime:0.000000s ]
INFO: [ app_init ] --END-- [ RunTime:0.000500s ]

[ 2018-01-04T17:42:20+08:00 ] ::1 /website/admin/group/index.html
INFO: [ app_init ] --START--
INFO: Run Behavior\BuildLiteBehavior [ RunTime:0.000000s ]
INFO: [ app_init ] --END-- [ RunTime:0.000500s ]

[ 2018-01-04T17:42:21+08:00 ] ::1 /website/admin/admin/index.html
INFO: [ app_init ] --START--
INFO: Run Behavior\BuildLiteBehavior [ RunTime:0.000000s ]
INFO: [ app_init ] --END-- [ RunTime:0.000500s ]

[ 2018-01-04T17:43:31+08:00 ] ::1 /website/admin/admin/index.html
INFO: [ app_init ] --START--
INFO: Run Behavior\BuildLiteBehavior [ RunTime:0.000000s ]
INFO: [ app_init ] --END-- [ RunTime:0.000500s ]

[ 2018-01-04T17:51:03+08:00 ] ::1 /website/admin/admin/create.html
INFO: [ app_init ] --START--
INFO: Run Behavior\BuildLiteBehavior [ RunTime:0.000000s ]
INFO: [ app_init ] --END-- [ RunTime:0.001000s ]

[ 2018-01-04T17:52:48+08:00 ] ::1 /website/admin/admin/create.html
INFO: [ app_init ] --START--
INFO: Run Behavior\BuildLiteBehavior [ RunTime:0.000000s ]
INFO: [ app_init ] --END-- [ RunTime:0.000500s ]

[ 2018-01-04T17:56:24+08:00 ] ::1 /website/admin/navigation/index.html
INFO: [ app_init ] --START--
INFO: Run Behavior\BuildLiteBehavior [ RunTime:0.000000s ]
INFO: [ app_init ] --END-- [ RunTime:0.000500s ]

[ 2018-01-04T17:56:30+08:00 ] ::1 /website/admin/navigation/editor/id/1.html
INFO: [ app_init ] --START--
INFO: Run Behavior\BuildLiteBehavior [ RunTime:0.000500s ]
INFO: [ app_init ] --END-- [ RunTime:0.000500s ]

[ 2018-01-04T17:56:36+08:00 ] ::1 /website/admin/navigation/index/pid/5.html
INFO: [ app_init ] --START--
INFO: Run Behavior\BuildLiteBehavior [ RunTime:0.000000s ]
INFO: [ app_init ] --END-- [ RunTime:0.000500s ]

[ 2018-01-04T17:56:38+08:00 ] ::1 /website/admin/navigation/create/pid/5.html
INFO: [ app_init ] --START--
INFO: Run Behavior\BuildLiteBehavior [ RunTime:0.000000s ]
INFO: [ app_init ] --END-- [ RunTime:0.001000s ]

[ 2018-01-04T17:56:45+08:00 ] ::1 /website/admin/navigation/index.html
INFO: [ app_init ] --START--
INFO: Run Behavior\BuildLiteBehavior [ RunTime:0.000000s ]
INFO: [ app_init ] --END-- [ RunTime:0.000500s ]

[ 2018-01-04T17:57:01+08:00 ] ::1 /website/admin/navigation/index.html
INFO: [ app_init ] --START--
INFO: Run Behavior\BuildLiteBehavior [ RunTime:0.000500s ]
INFO: [ app_init ] --END-- [ RunTime:0.001000s ]

[ 2018-01-04T17:57:07+08:00 ] ::1 /website/admin/navigation/index/pid/2.html
INFO: [ app_init ] --START--
INFO: Run Behavior\BuildLiteBehavior [ RunTime:0.000500s ]
INFO: [ app_init ] --END-- [ RunTime:0.000500s ]

[ 2018-01-04T18:01:20+08:00 ] ::1 /website/admin/admin/index.html
INFO: [ app_init ] --START--
INFO: Run Behavior\BuildLiteBehavior [ RunTime:0.000500s ]
INFO: [ app_init ] --END-- [ RunTime:0.000500s ]

[ 2018-01-04T18:04:13+08:00 ] ::1 /website/admin/admin/change_status/type/status/status/1/id/1.html
INFO: [ app_init ] --START--
INFO: Run Behavior\BuildLiteBehavior [ RunTime:0.000000s ]
INFO: [ app_init ] --END-- [ RunTime:0.000000s ]
INFO: [ app_begin ] --START--
INFO: Run Behavior\ReadHtmlCacheBehavior [ RunTime:0.001000s ]
INFO: Run Behavior\CheckLangBehavior [ RunTime:0.001000s ]
INFO: [ app_begin ] --END-- [ RunTime:0.002000s ]
NOTIC: [2] Missing argument 1 for Common\Controller\CommonController::is_mobile(), called in D:\wamp64\www\website\Application\Common\Controller\CommonController.class.php on line 14 and defined D:\wamp64\www\website\Application\Common\Controller\CommonController.class.php 第 22 行.
SQL: SHOW COLUMNS FROM `en_navigation` [ RunTime:0.0005s ]
SQL: SELECT `id`,`pid`,`sort`,`name`,`url`,`is_show` FROM `en_navigation` WHERE `is_show` = 1  [ RunTime:0.0000s ]
SQL: SHOW COLUMNS FROM `en_admin` [ RunTime:0.0005s ]
SQL: SELECT `id`,`group_id`,`nickname`,`password`,`truename`,`phone`,`email`,`register_time`,`register_ip`,`last_login_time`,`last_login_ip`,`status` FROM `en_admin` WHERE `id` = '1' LIMIT 1   [ RunTime:0.0000s ]
SQL: SELECT `id`,`pid`,`sort`,`name`,`url`,`is_show` FROM `en_navigation` WHERE `is_show` = 1 AND `pid` <> 0  [ RunTime:0.0005s ]

[ 2018-01-04T18:04:16+08:00 ] ::1 /website/admin/admin/change_status/type/status/status/1/id/2.html
INFO: [ app_init ] --START--
INFO: Run Behavior\BuildLiteBehavior [ RunTime:0.000000s ]
INFO: [ app_init ] --END-- [ RunTime:0.001000s ]
INFO: [ app_begin ] --START--
INFO: Run Behavior\ReadHtmlCacheBehavior [ RunTime:0.001000s ]
INFO: Run Behavior\CheckLangBehavior [ RunTime:0.001000s ]
INFO: [ app_begin ] --END-- [ RunTime:0.002000s ]
NOTIC: [2] Missing argument 1 for Common\Controller\CommonController::is_mobile(), called in D:\wamp64\www\website\Application\Common\Controller\CommonController.class.php on line 14 and defined D:\wamp64\www\website\Application\Common\Controller\CommonController.class.php 第 22 行.
SQL: SHOW COLUMNS FROM `en_navigation` [ RunTime:0.0010s ]
SQL: SELECT `id`,`pid`,`sort`,`name`,`url`,`is_show` FROM `en_navigation` WHERE `is_show` = 1  [ RunTime:0.0005s ]
SQL: SHOW COLUMNS FROM `en_admin` [ RunTime:0.0010s ]
SQL: SELECT `id`,`group_id`,`nickname`,`password`,`truename`,`phone`,`email`,`register_time`,`register_ip`,`last_login_time`,`last_login_ip`,`status` FROM `en_admin` WHERE `id` = '1' LIMIT 1   [ RunTime:0.0005s ]
SQL: SELECT `id`,`pid`,`sort`,`name`,`url`,`is_show` FROM `en_navigation` WHERE `is_show` = 1 AND `pid` <> 0  [ RunTime:0.0005s ]
SQL: UPDATE `en_admin` SET `status`='0' WHERE `id` = 2 [ RunTime:0.0000s ]

[ 2018-01-04T18:04:17+08:00 ] ::1 /website/admin/admin/index.html
INFO: [ app_init ] --START--
INFO: Run Behavior\BuildLiteBehavior [ RunTime:0.000000s ]
INFO: [ app_init ] --END-- [ RunTime:0.001500s ]

[ 2018-01-04T18:04:19+08:00 ] ::1 /website/admin/admin/change_status/type/status/status/0/id/2.html
INFO: [ app_init ] --START--
INFO: Run Behavior\BuildLiteBehavior [ RunTime:0.000000s ]
INFO: [ app_init ] --END-- [ RunTime:0.000500s ]
INFO: [ app_begin ] --START--
INFO: Run Behavior\ReadHtmlCacheBehavior [ RunTime:0.000500s ]
INFO: Run Behavior\CheckLangBehavior [ RunTime:0.000500s ]
INFO: [ app_begin ] --END-- [ RunTime:0.002000s ]
NOTIC: [2] Missing argument 1 for Common\Controller\CommonController::is_mobile(), called in D:\wamp64\www\website\Application\Common\Controller\CommonController.class.php on line 14 and defined D:\wamp64\www\website\Application\Common\Controller\CommonController.class.php 第 22 行.
SQL: SHOW COLUMNS FROM `en_navigation` [ RunTime:0.0005s ]
SQL: SELECT `id`,`pid`,`sort`,`name`,`url`,`is_show` FROM `en_navigation` WHERE `is_show` = 1  [ RunTime:0.0005s ]
SQL: SHOW COLUMNS FROM `en_admin` [ RunTime:0.0005s ]
SQL: SELECT `id`,`group_id`,`nickname`,`password`,`truename`,`phone`,`email`,`register_time`,`register_ip`,`last_login_time`,`last_login_ip`,`status` FROM `en_admin` WHERE `id` = '1' LIMIT 1   [ RunTime:0.0005s ]
SQL: SELECT `id`,`pid`,`sort`,`name`,`url`,`is_show` FROM `en_navigation` WHERE `is_show` = 1 AND `pid` <> 0  [ RunTime:0.0000s ]
SQL: UPDATE `en_admin` SET `status`='1' WHERE `id` = 2 [ RunTime:0.0000s ]

[ 2018-01-04T18:04:20+08:00 ] ::1 /website/admin/admin/index.html
INFO: [ app_init ] --START--
INFO: Run Behavior\BuildLiteBehavior [ RunTime:0.000000s ]
INFO: [ app_init ] --END-- [ RunTime:0.001000s ]

[ 2018-01-04T18:10:25+08:00 ] ::1 /website/admin/admin/create.html
INFO: [ app_init ] --START--
INFO: Run Behavior\BuildLiteBehavior [ RunTime:0.000000s ]
INFO: [ app_init ] --END-- [ RunTime:0.001000s ]

[ 2018-01-04T18:14:09+08:00 ] ::1 /website/admin/basic_config/index.html
INFO: [ app_init ] --START--
INFO: Run Behavior\BuildLiteBehavior [ RunTime:0.000000s ]
INFO: [ app_init ] --END-- [ RunTime:0.001000s ]

[ 2018-01-04T18:14:12+08:00 ] ::1 /website/admin/config/create/group_id/2.html
INFO: [ app_init ] --START--
INFO: Run Behavior\BuildLiteBehavior [ RunTime:0.000000s ]
INFO: [ app_init ] --END-- [ RunTime:0.001000s ]

[ 2018-01-04T18:15:50+08:00 ] ::1 /website/admin/basic_config/index.html
INFO: [ app_init ] --START--
INFO: Run Behavior\BuildLiteBehavior [ RunTime:0.000000s ]
INFO: [ app_init ] --END-- [ RunTime:0.000500s ]

[ 2018-01-04T18:15:57+08:00 ] ::1 /website/admin/config/create/group_id/2.html
INFO: [ app_init ] --START--
INFO: Run Behavior\BuildLiteBehavior [ RunTime:0.000000s ]
INFO: [ app_init ] --END-- [ RunTime:0.001000s ]

[ 2018-01-04T18:16:44+08:00 ] ::1 /website/admin/rule/index.html
INFO: [ app_init ] --START--
INFO: Run Behavior\BuildLiteBehavior [ RunTime:0.000500s ]
INFO: [ app_init ] --END-- [ RunTime:0.001000s ]

[ 2018-01-04T18:26:27+08:00 ] ::1 /website/admin/group/index.html
INFO: [ app_init ] --START--
INFO: Run Behavior\BuildLiteBehavior [ RunTime:0.000000s ]
INFO: [ app_init ] --END-- [ RunTime:0.001000s ]

[ 2018-01-04T18:26:31+08:00 ] ::1 /website/admin/file/index.html
INFO: [ app_init ] --START--
INFO: Run Behavior\BuildLiteBehavior [ RunTime:0.000500s ]
INFO: [ app_init ] --END-- [ RunTime:0.001000s ]

[ 2018-01-04T18:26:34+08:00 ] ::1 /website/admin/group/index.html
INFO: [ app_init ] --START--
INFO: Run Behavior\BuildLiteBehavior [ RunTime:0.000000s ]
INFO: [ app_init ] --END-- [ RunTime:0.000500s ]

[ 2018-01-04T18:26:35+08:00 ] ::1 /website/admin/rule/index.html
INFO: [ app_init ] --START--
INFO: Run Behavior\BuildLiteBehavior [ RunTime:0.000000s ]
INFO: [ app_init ] --END-- [ RunTime:0.000500s ]

[ 2018-01-04T18:26:36+08:00 ] ::1 /website/admin/admin/index.html
INFO: [ app_init ] --START--
INFO: Run Behavior\BuildLiteBehavior [ RunTime:0.000500s ]
INFO: [ app_init ] --END-- [ RunTime:0.001000s ]

[ 2018-01-04T18:27:38+08:00 ] ::1 /website/admin/file/index.html
INFO: [ app_init ] --START--
INFO: Run Behavior\BuildLiteBehavior [ RunTime:0.000000s ]
INFO: [ app_init ] --END-- [ RunTime:0.000500s ]

[ 2018-01-04T18:27:40+08:00 ] ::1 /website/admin/admin/index.html
INFO: [ app_init ] --START--
INFO: Run Behavior\BuildLiteBehavior [ RunTime:0.000000s ]
INFO: [ app_init ] --END-- [ RunTime:0.001000s ]

[ 2018-01-04T18:27:41+08:00 ] ::1 /website/admin/rule/index.html
INFO: [ app_init ] --START--
INFO: Run Behavior\BuildLiteBehavior [ RunTime:0.000000s ]
INFO: [ app_init ] --END-- [ RunTime:0.001000s ]

[ 2018-01-04T18:27:43+08:00 ] ::1 /website/admin/admin/index.html
INFO: [ app_init ] --START--
INFO: Run Behavior\BuildLiteBehavior [ RunTime:0.000000s ]
INFO: [ app_init ] --END-- [ RunTime:0.001000s ]

[ 2018-01-04T18:27:44+08:00 ] ::1 /website/admin/rule/index.html
INFO: [ app_init ] --START--
INFO: Run Behavior\BuildLiteBehavior [ RunTime:0.000000s ]
INFO: [ app_init ] --END-- [ RunTime:0.001000s ]

[ 2018-01-04T18:27:45+08:00 ] ::1 /website/admin/navigation/index.html
INFO: [ app_init ] --START--
INFO: Run Behavior\BuildLiteBehavior [ RunTime:0.000000s ]
INFO: [ app_init ] --END-- [ RunTime:0.000500s ]

[ 2018-01-04T18:28:08+08:00 ] ::1 /website/admin/navigation/editor/id/2.html
INFO: [ app_init ] --START--
INFO: Run Behavior\BuildLiteBehavior [ RunTime:0.000000s ]
INFO: [ app_init ] --END-- [ RunTime:0.000500s ]

[ 2018-01-04T18:28:12+08:00 ] ::1 /website/admin/navigation/index/pid/2.html
INFO: [ app_init ] --START--
INFO: Run Behavior\BuildLiteBehavior [ RunTime:0.000000s ]
INFO: [ app_init ] --END-- [ RunTime:0.000500s ]

[ 2018-01-04T18:28:21+08:00 ] ::1 /website/admin/navigation/index.html
INFO: [ app_init ] --START--
INFO: Run Behavior\BuildLiteBehavior [ RunTime:0.000000s ]
INFO: [ app_init ] --END-- [ RunTime:0.000500s ]

[ 2018-01-04T18:33:56+08:00 ] ::1 /website/admin/navigation/change_status/type/is_show/is_show/1/id/1.html
INFO: [ app_init ] --START--
INFO: Run Behavior\BuildLiteBehavior [ RunTime:0.000000s ]
INFO: [ app_init ] --END-- [ RunTime:0.000000s ]
INFO: [ app_begin ] --START--
INFO: Run Behavior\ReadHtmlCacheBehavior [ RunTime:0.000500s ]
INFO: Run Behavior\CheckLangBehavior [ RunTime:0.000500s ]
INFO: [ app_begin ] --END-- [ RunTime:0.001500s ]
NOTIC: [2] Missing argument 1 for Common\Controller\CommonController::is_mobile(), called in D:\wamp64\www\website\Application\Common\Controller\CommonController.class.php on line 14 and defined D:\wamp64\www\website\Application\Common\Controller\CommonController.class.php 第 22 行.
SQL: SHOW COLUMNS FROM `en_navigation` [ RunTime:0.0005s ]
SQL: SELECT `id`,`pid`,`sort`,`name`,`url`,`is_show` FROM `en_navigation` WHERE `is_show` = 1  [ RunTime:0.0005s ]
SQL: SHOW COLUMNS FROM `en_admin` [ RunTime:0.0005s ]
SQL: SELECT `id`,`group_id`,`nickname`,`password`,`truename`,`phone`,`email`,`register_time`,`register_ip`,`last_login_time`,`last_login_ip`,`status` FROM `en_admin` WHERE `id` = '1' LIMIT 1   [ RunTime:0.0005s ]
SQL: SELECT `id`,`pid`,`sort`,`name`,`url`,`is_show` FROM `en_navigation` WHERE `is_show` = 1 AND `pid` <> 0  [ RunTime:0.0000s ]
SQL: UPDATE `en_navigation` SET `is_show`='0' WHERE `id` = 1 [ RunTime:0.0000s ]

[ 2018-01-04T18:33:57+08:00 ] ::1 /website/admin/navigation/index.html
INFO: [ app_init ] --START--
INFO: Run Behavior\BuildLiteBehavior [ RunTime:0.000000s ]
INFO: [ app_init ] --END-- [ RunTime:0.000500s ]

[ 2018-01-04T18:34:00+08:00 ] ::1 /website/admin/navigation/change_status/type/is_show/is_show/0/id/1.html
INFO: [ app_init ] --START--
INFO: Run Behavior\BuildLiteBehavior [ RunTime:0.000000s ]
INFO: [ app_init ] --END-- [ RunTime:0.000500s ]
INFO: [ app_begin ] --START--
INFO: Run Behavior\ReadHtmlCacheBehavior [ RunTime:0.000500s ]
INFO: Run Behavior\CheckLangBehavior [ RunTime:0.000500s ]
INFO: [ app_begin ] --END-- [ RunTime:0.001500s ]
NOTIC: [2] Missing argument 1 for Common\Controller\CommonController::is_mobile(), called in D:\wamp64\www\website\Application\Common\Controller\CommonController.class.php on line 14 and defined D:\wamp64\www\website\Application\Common\Controller\CommonController.class.php 第 22 行.
SQL: SHOW COLUMNS FROM `en_navigation` [ RunTime:0.0010s ]
SQL: SELECT `id`,`pid`,`sort`,`name`,`url`,`is_show` FROM `en_navigation` WHERE `is_show` = 1  [ RunTime:0.0005s ]
SQL: SHOW COLUMNS FROM `en_admin` [ RunTime:0.0005s ]
SQL: SELECT `id`,`group_id`,`nickname`,`password`,`truename`,`phone`,`email`,`register_time`,`register_ip`,`last_login_time`,`last_login_ip`,`status` FROM `en_admin` WHERE `id` = '1' LIMIT 1   [ RunTime:0.0005s ]
SQL: SELECT `id`,`pid`,`sort`,`name`,`url`,`is_show` FROM `en_navigation` WHERE `is_show` = 1 AND `pid` <> 0  [ RunTime:0.0000s ]
SQL: UPDATE `en_navigation` SET `is_show`='1' WHERE `id` = 1 [ RunTime:0.0005s ]

[ 2018-01-04T18:34:01+08:00 ] ::1 /website/admin/navigation/index.html
INFO: [ app_init ] --START--
INFO: Run Behavior\BuildLiteBehavior [ RunTime:0.000500s ]
INFO: [ app_init ] --END-- [ RunTime:0.001000s ]

[ 2018-01-04T18:34:27+08:00 ] ::1 /website/admin/navigation/index/pid/1.html
INFO: [ app_init ] --START--
INFO: Run Behavior\BuildLiteBehavior [ RunTime:0.000000s ]
INFO: [ app_init ] --END-- [ RunTime:0.001000s ]

[ 2018-01-04T18:43:00+08:00 ] ::1 /website/admin/admin/index.html
INFO: [ app_init ] --START--
INFO: Run Behavior\BuildLiteBehavior [ RunTime:0.000000s ]
INFO: [ app_init ] --END-- [ RunTime:0.001000s ]

[ 2018-01-04T18:43:02+08:00 ] ::1 /website/admin/admin/editor/id/1.html
INFO: [ app_init ] --START--
INFO: Run Behavior\BuildLiteBehavior [ RunTime:0.000000s ]
INFO: [ app_init ] --END-- [ RunTime:0.001000s ]

[ 2018-01-04T18:46:48+08:00 ] ::1 /website/admin/admin/editor/id/1.html
INFO: [ app_init ] --START--
INFO: Run Behavior\BuildLiteBehavior [ RunTime:0.000000s ]
INFO: [ app_init ] --END-- [ RunTime:0.001000s ]

[ 2018-01-04T18:47:18+08:00 ] ::1 /website/admin/admin/editor/id/1.html
INFO: [ app_init ] --START--
INFO: Run Behavior\BuildLiteBehavior [ RunTime:0.000000s ]
INFO: [ app_init ] --END-- [ RunTime:0.001000s ]

[ 2018-01-04T19:01:30+08:00 ] ::1 /website/admin/file/index.html
INFO: [ app_init ] --START--
INFO: Run Behavior\BuildLiteBehavior [ RunTime:0.000000s ]
INFO: [ app_init ] --END-- [ RunTime:0.000500s ]

[ 2018-01-04T19:01:42+08:00 ] ::1 /website/admin/adjunct_config/index.html
INFO: [ app_init ] --START--
INFO: Run Behavior\BuildLiteBehavior [ RunTime:0.000000s ]
INFO: [ app_init ] --END-- [ RunTime:0.000500s ]

[ 2018-01-04T19:01:46+08:00 ] ::1 /website/admin/email_config/index.html
INFO: [ app_init ] --START--
INFO: Run Behavior\BuildLiteBehavior [ RunTime:0.000000s ]
INFO: [ app_init ] --END-- [ RunTime:0.000500s ]

[ 2018-01-04T19:01:47+08:00 ] ::1 /website/admin/core_config/index.html
INFO: [ app_init ] --START--
INFO: Run Behavior\BuildLiteBehavior [ RunTime:0.000000s ]
INFO: [ app_init ] --END-- [ RunTime:0.001000s ]

[ 2018-01-04T19:01:49+08:00 ] ::1 /website/admin/basic_config/index.html
INFO: [ app_init ] --START--
INFO: Run Behavior\BuildLiteBehavior [ RunTime:0.000000s ]
INFO: [ app_init ] --END-- [ RunTime:0.000500s ]

[ 2018-01-04T19:01:50+08:00 ] ::1 /website/admin/web_config/index.html
INFO: [ app_init ] --START--
INFO: Run Behavior\BuildLiteBehavior [ RunTime:0.000000s ]
INFO: [ app_init ] --END-- [ RunTime:0.001000s ]

[ 2018-01-04T19:01:56+08:00 ] ::1 /website/admin/adjunct_config/index.html
INFO: [ app_init ] --START--
INFO: Run Behavior\BuildLiteBehavior [ RunTime:0.000000s ]
INFO: [ app_init ] --END-- [ RunTime:0.000500s ]

[ 2018-01-04T19:01:59+08:00 ] ::1 /website/admin/config/create/group_id/5.html
INFO: [ app_init ] --START--
INFO: Run Behavior\BuildLiteBehavior [ RunTime:0.000000s ]
INFO: [ app_init ] --END-- [ RunTime:0.002000s ]

[ 2018-01-04T19:02:04+08:00 ] ::1 /website/admin/database/index.html
INFO: [ app_init ] --START--
INFO: Run Behavior\BuildLiteBehavior [ RunTime:0.000500s ]
INFO: [ app_init ] --END-- [ RunTime:0.001000s ]

[ 2018-01-04T19:02:06+08:00 ] ::1 /website/admin/file/index.html
INFO: [ app_init ] --START--
INFO: Run Behavior\BuildLiteBehavior [ RunTime:0.000000s ]
INFO: [ app_init ] --END-- [ RunTime:0.000500s ]

[ 2018-01-04T19:02:11+08:00 ] ::1 /website/admin/admin/index.html
INFO: [ app_init ] --START--
INFO: Run Behavior\BuildLiteBehavior [ RunTime:0.000000s ]
INFO: [ app_init ] --END-- [ RunTime:0.001000s ]

[ 2018-01-04T19:02:12+08:00 ] ::1 /website/admin/group/index.html
INFO: [ app_init ] --START--
INFO: Run Behavior\BuildLiteBehavior [ RunTime:0.000000s ]
INFO: [ app_init ] --END-- [ RunTime:0.001000s ]

[ 2018-01-04T19:02:13+08:00 ] ::1 /website/admin/rule/index.html
INFO: [ app_init ] --START--
INFO: Run Behavior\BuildLiteBehavior [ RunTime:0.000000s ]
INFO: [ app_init ] --END-- [ RunTime:0.000500s ]

[ 2018-01-04T19:02:14+08:00 ] ::1 /website/admin/navigation/index.html
INFO: [ app_init ] --START--
INFO: Run Behavior\BuildLiteBehavior [ RunTime:0.000000s ]
INFO: [ app_init ] --END-- [ RunTime:0.000500s ]

[ 2018-01-04T19:02:17+08:00 ] ::1 /website/admin/web_config/index.html
INFO: [ app_init ] --START--
INFO: Run Behavior\BuildLiteBehavior [ RunTime:0.000000s ]
INFO: [ app_init ] --END-- [ RunTime:0.000500s ]

[ 2018-01-04T19:02:19+08:00 ] ::1 /website/admin/basic_config/index.html
INFO: [ app_init ] --START--
INFO: Run Behavior\BuildLiteBehavior [ RunTime:0.000000s ]
INFO: [ app_init ] --END-- [ RunTime:0.001000s ]

[ 2018-01-04T19:02:20+08:00 ] ::1 /website/admin/core_config/index.html
INFO: [ app_init ] --START--
INFO: Run Behavior\BuildLiteBehavior [ RunTime:0.000000s ]
INFO: [ app_init ] --END-- [ RunTime:0.000500s ]

[ 2018-01-04T19:02:21+08:00 ] ::1 /website/admin/email_config/index.html
INFO: [ app_init ] --START--
INFO: Run Behavior\BuildLiteBehavior [ RunTime:0.000000s ]
INFO: [ app_init ] --END-- [ RunTime:0.000500s ]

[ 2018-01-04T19:02:23+08:00 ] ::1 /website/admin/core_config/index.html
INFO: [ app_init ] --START--
INFO: Run Behavior\BuildLiteBehavior [ RunTime:0.000000s ]
INFO: [ app_init ] --END-- [ RunTime:0.001000s ]

[ 2018-01-04T19:02:25+08:00 ] ::1 /website/admin/adjunct_config/index.html
INFO: [ app_init ] --START--
INFO: Run Behavior\BuildLiteBehavior [ RunTime:0.000000s ]
INFO: [ app_init ] --END-- [ RunTime:0.000500s ]

[ 2018-01-04T19:02:28+08:00 ] ::1 /website/admin/database/index.html
INFO: [ app_init ] --START--
INFO: Run Behavior\BuildLiteBehavior [ RunTime:0.000000s ]
INFO: [ app_init ] --END-- [ RunTime:0.001000s ]

[ 2018-01-04T19:02:30+08:00 ] ::1 /website/admin/file/index.html
INFO: [ app_init ] --START--
INFO: Run Behavior\BuildLiteBehavior [ RunTime:0.000000s ]
INFO: [ app_init ] --END-- [ RunTime:0.000500s ]

[ 2018-01-04T19:03:03+08:00 ] ::1 /website/admin/file/index.html
INFO: [ app_init ] --START--
INFO: Run Behavior\BuildLiteBehavior [ RunTime:0.000000s ]
INFO: [ app_init ] --END-- [ RunTime:0.000500s ]

[ 2018-01-04T19:03:04+08:00 ] ::1 /website/admin/file/index.html
INFO: [ app_init ] --START--
INFO: Run Behavior\BuildLiteBehavior [ RunTime:0.000000s ]
INFO: [ app_init ] --END-- [ RunTime:0.001000s ]

[ 2018-01-04T19:03:04+08:00 ] ::1 /website/admin/file/index.html
INFO: [ app_init ] --START--
INFO: Run Behavior\BuildLiteBehavior [ RunTime:0.000000s ]
INFO: [ app_init ] --END-- [ RunTime:0.000500s ]

[ 2018-01-04T19:04:26+08:00 ] ::1 /website/admin/adjunct_config/index.html
INFO: [ app_init ] --START--
INFO: Run Behavior\BuildLiteBehavior [ RunTime:0.000000s ]
INFO: [ app_init ] --END-- [ RunTime:0.000500s ]

[ 2018-01-04T19:04:28+08:00 ] ::1 /website/admin/email_config/index.html
INFO: [ app_init ] --START--
INFO: Run Behavior\BuildLiteBehavior [ RunTime:0.000000s ]
INFO: [ app_init ] --END-- [ RunTime:0.000500s ]

[ 2018-01-04T19:04:30+08:00 ] ::1 /website/admin/core_config/index.html
INFO: [ app_init ] --START--
INFO: Run Behavior\BuildLiteBehavior [ RunTime:0.000000s ]
INFO: [ app_init ] --END-- [ RunTime:0.000500s ]

[ 2018-01-04T19:04:32+08:00 ] ::1 /website/admin/basic_config/index.html
INFO: [ app_init ] --START--
INFO: Run Behavior\BuildLiteBehavior [ RunTime:0.000000s ]
INFO: [ app_init ] --END-- [ RunTime:0.000500s ]

[ 2018-01-04T19:04:33+08:00 ] ::1 /website/admin/navigation/index.html
INFO: [ app_init ] --START--
INFO: Run Behavior\BuildLiteBehavior [ RunTime:0.000000s ]
INFO: [ app_init ] --END-- [ RunTime:0.001500s ]

[ 2018-01-04T19:04:34+08:00 ] ::1 /website/admin/rule/index.html
INFO: [ app_init ] --START--
INFO: Run Behavior\BuildLiteBehavior [ RunTime:0.000000s ]
INFO: [ app_init ] --END-- [ RunTime:0.000500s ]

[ 2018-01-04T19:04:36+08:00 ] ::1 /website/admin/group/index.html
INFO: [ app_init ] --START--
INFO: Run Behavior\BuildLiteBehavior [ RunTime:0.000500s ]
INFO: [ app_init ] --END-- [ RunTime:0.001000s ]

[ 2018-01-04T19:04:38+08:00 ] ::1 /website/admin/file/index.html
INFO: [ app_init ] --START--
INFO: Run Behavior\BuildLiteBehavior [ RunTime:0.000000s ]
INFO: [ app_init ] --END-- [ RunTime:0.000500s ]

[ 2018-01-04T19:04:41+08:00 ] ::1 /website/admin/file/index.html
INFO: [ app_init ] --START--
INFO: Run Behavior\BuildLiteBehavior [ RunTime:0.000500s ]
INFO: [ app_init ] --END-- [ RunTime:0.001000s ]

[ 2018-01-04T19:04:41+08:00 ] ::1 /website/admin/file/index.html
INFO: [ app_init ] --START--
INFO: Run Behavior\BuildLiteBehavior [ RunTime:0.000000s ]
INFO: [ app_init ] --END-- [ RunTime:0.000500s ]

[ 2018-01-04T19:04:51+08:00 ] ::1 /website/admin/database/index.html
INFO: [ app_init ] --START--
INFO: Run Behavior\BuildLiteBehavior [ RunTime:0.000000s ]
INFO: [ app_init ] --END-- [ RunTime:0.000500s ]

[ 2018-01-04T19:04:53+08:00 ] ::1 /website/admin/file/index.html
INFO: [ app_init ] --START--
INFO: Run Behavior\BuildLiteBehavior [ RunTime:0.000000s ]
INFO: [ app_init ] --END-- [ RunTime:0.001000s ]

[ 2018-01-04T19:04:55+08:00 ] ::1 /website/admin/admin/index.html
INFO: [ app_init ] --START--
INFO: Run Behavior\BuildLiteBehavior [ RunTime:0.000000s ]
INFO: [ app_init ] --END-- [ RunTime:0.001000s ]

[ 2018-01-04T19:04:56+08:00 ] ::1 /website/admin/group/index.html
INFO: [ app_init ] --START--
INFO: Run Behavior\BuildLiteBehavior [ RunTime:0.000000s ]
INFO: [ app_init ] --END-- [ RunTime:0.000500s ]

[ 2018-01-04T19:04:58+08:00 ] ::1 /website/admin/web_config/index.html
INFO: [ app_init ] --START--
INFO: Run Behavior\BuildLiteBehavior [ RunTime:0.000000s ]
INFO: [ app_init ] --END-- [ RunTime:0.001000s ]

[ 2018-01-04T19:05:39+08:00 ] ::1 /website/admin/web_config/index.html
INFO: [ app_init ] --START--
INFO: Run Behavior\BuildLiteBehavior [ RunTime:0.000000s ]
INFO: [ app_init ] --END-- [ RunTime:0.000500s ]

[ 2018-01-04T19:06:56+08:00 ] ::1 /website/admin/upload/index.html?dir=image
INFO: [ app_init ] --START--
INFO: Run Behavior\BuildLiteBehavior [ RunTime:0.000000s ]
INFO: [ app_init ] --END-- [ RunTime:0.000500s ]

[ 2018-01-04T19:07:04+08:00 ] ::1 /website/admin/web_config/index.html
INFO: [ app_init ] --START--
INFO: Run Behavior\BuildLiteBehavior [ RunTime:0.000000s ]
INFO: [ app_init ] --END-- [ RunTime:0.000500s ]

[ 2018-01-04T19:07:17+08:00 ] ::1 /website/admin/config/editor/id/1.html
INFO: [ app_init ] --START--
INFO: Run Behavior\BuildLiteBehavior [ RunTime:0.000000s ]
INFO: [ app_init ] --END-- [ RunTime:0.001000s ]

[ 2018-01-04T19:07:23+08:00 ] ::1 /website/admin/config/editor/id/1.html
INFO: [ app_init ] --START--
INFO: Run Behavior\BuildLiteBehavior [ RunTime:0.000000s ]
INFO: [ app_init ] --END-- [ RunTime:0.000500s ]

[ 2018-01-04T19:07:28+08:00 ] ::1 /website/admin/config/editor/id/1.html
INFO: [ app_init ] --START--
INFO: Run Behavior\BuildLiteBehavior [ RunTime:0.000500s ]
INFO: [ app_init ] --END-- [ RunTime:0.000500s ]

[ 2018-01-04T19:08:46+08:00 ] ::1 /website/admin/web_config/index.html
INFO: [ app_init ] --START--
INFO: Run Behavior\BuildLiteBehavior [ RunTime:0.000000s ]
INFO: [ app_init ] --END-- [ RunTime:0.000500s ]

[ 2018-01-04T19:08:47+08:00 ] ::1 /website/admin/navigation/index.html
INFO: [ app_init ] --START--
INFO: Run Behavior\BuildLiteBehavior [ RunTime:0.000000s ]
INFO: [ app_init ] --END-- [ RunTime:0.000500s ]

[ 2018-01-04T19:09:07+08:00 ] ::1 /website/admin/navigation/switch_language.html?for_language=%E4%B8%AD%E6%96%87
INFO: [ app_init ] --START--
INFO: Run Behavior\BuildLiteBehavior [ RunTime:0.000500s ]
INFO: [ app_init ] --END-- [ RunTime:0.001000s ]
INFO: [ app_begin ] --START--
INFO: Run Behavior\ReadHtmlCacheBehavior [ RunTime:0.001000s ]
INFO: Run Behavior\CheckLangBehavior [ RunTime:0.001000s ]
INFO: [ app_begin ] --END-- [ RunTime:0.002000s ]
NOTIC: [2] Missing argument 1 for Common\Controller\CommonController::is_mobile(), called in D:\wamp64\www\website\Application\Common\Controller\CommonController.class.php on line 14 and defined D:\wamp64\www\website\Application\Common\Controller\CommonController.class.php 第 22 行.
SQL: SHOW COLUMNS FROM `en_navigation` [ RunTime:0.0005s ]
SQL: SELECT `id`,`pid`,`sort`,`name`,`url`,`is_show` FROM `en_navigation` WHERE `is_show` = 1  [ RunTime:0.0000s ]
SQL: SHOW COLUMNS FROM `en_admin` [ RunTime:0.0005s ]
SQL: SELECT `id`,`group_id`,`nickname`,`password`,`truename`,`phone`,`email`,`register_time`,`register_ip`,`last_login_time`,`last_login_ip`,`status` FROM `en_admin` WHERE `id` = '1' LIMIT 1   [ RunTime:0.0005s ]
SQL: SELECT `id`,`pid`,`sort`,`name`,`url`,`is_show` FROM `en_navigation` WHERE `is_show` = 1 AND `pid` <> 0  [ RunTime:0.0005s ]
NOTIC: [2] Missing argument 1 for Think\Controller::ajaxReturn(), called in D:\wamp64\www\website\Application\Admin\Controller\BaseController.class.php on line 108 and defined D:\wamp64\www\website\ThinkPHP\Library\Think\Controller.class.php 第 254 行.
NOTIC: [8] Undefined variable: data D:\wamp64\www\website\ThinkPHP\Library\Think\Controller.class.php 第 260 行.

[ 2018-01-04T19:09:07+08:00 ] ::1 /website/admin/navigation/index.html
INFO: [ app_init ] --START--
INFO: Run Behavior\BuildLiteBehavior [ RunTime:0.000000s ]
INFO: [ app_init ] --END-- [ RunTime:0.000500s ]

[ 2018-01-04T19:09:10+08:00 ] ::1 /website/admin/navigation/switch_language.html?for_language=english
INFO: [ app_init ] --START--
INFO: Run Behavior\BuildLiteBehavior [ RunTime:0.000000s ]
INFO: [ app_init ] --END-- [ RunTime:0.001500s ]
INFO: [ app_begin ] --START--
INFO: Run Behavior\ReadHtmlCacheBehavior [ RunTime:0.000500s ]
INFO: Run Behavior\CheckLangBehavior [ RunTime:0.001000s ]
INFO: [ app_begin ] --END-- [ RunTime:0.001500s ]
NOTIC: [2] Missing argument 1 for Common\Controller\CommonController::is_mobile(), called in D:\wamp64\www\website\Application\Common\Controller\CommonController.class.php on line 14 and defined D:\wamp64\www\website\Application\Common\Controller\CommonController.class.php 第 22 行.
SQL: SHOW COLUMNS FROM `zh_navigation` [ RunTime:0.0005s ]
SQL: SELECT `id`,`pid`,`sort`,`name`,`url`,`is_show` FROM `zh_navigation` WHERE `is_show` = 1  [ RunTime:0.0005s ]
SQL: SHOW COLUMNS FROM `zh_admin` [ RunTime:0.0005s ]
SQL: SELECT `id`,`group_id`,`nickname`,`password`,`truename`,`phone`,`email`,`register_time`,`register_ip`,`last_login_time`,`last_login_ip`,`status` FROM `zh_admin` WHERE `id` = '1' LIMIT 1   [ RunTime:0.0005s ]
SQL: SELECT `id`,`pid`,`sort`,`name`,`url`,`is_show` FROM `zh_navigation` WHERE `is_show` = 1 AND `pid` <> 0  [ RunTime:0.0005s ]
NOTIC: [2] Missing argument 1 for Think\Controller::ajaxReturn(), called in D:\wamp64\www\website\Application\Admin\Controller\BaseController.class.php on line 108 and defined D:\wamp64\www\website\ThinkPHP\Library\Think\Controller.class.php 第 254 行.
NOTIC: [8] Undefined variable: data D:\wamp64\www\website\ThinkPHP\Library\Think\Controller.class.php 第 260 行.

[ 2018-01-04T19:09:10+08:00 ] ::1 /website/admin/navigation/index.html
INFO: [ app_init ] --START--
INFO: Run Behavior\BuildLiteBehavior [ RunTime:0.000000s ]
INFO: [ app_init ] --END-- [ RunTime:0.000500s ]

[ 2018-01-04T19:09:11+08:00 ] ::1 /website/admin/navigation/switch_language.html?for_language=%E4%B8%AD%E6%96%87
INFO: [ app_init ] --START--
INFO: Run Behavior\BuildLiteBehavior [ RunTime:0.000000s ]
INFO: [ app_init ] --END-- [ RunTime:0.001000s ]
INFO: [ app_begin ] --START--
INFO: Run Behavior\ReadHtmlCacheBehavior [ RunTime:0.001000s ]
INFO: Run Behavior\CheckLangBehavior [ RunTime:0.001000s ]
INFO: [ app_begin ] --END-- [ RunTime:0.002000s ]
NOTIC: [2] Missing argument 1 for Common\Controller\CommonController::is_mobile(), called in D:\wamp64\www\website\Application\Common\Controller\CommonController.class.php on line 14 and defined D:\wamp64\www\website\Application\Common\Controller\CommonController.class.php 第 22 行.
SQL: SHOW COLUMNS FROM `en_navigation` [ RunTime:0.0005s ]
SQL: SELECT `id`,`pid`,`sort`,`name`,`url`,`is_show` FROM `en_navigation` WHERE `is_show` = 1  [ RunTime:0.0005s ]
SQL: SHOW COLUMNS FROM `en_admin` [ RunTime:0.0000s ]
SQL: SELECT `id`,`group_id`,`nickname`,`password`,`truename`,`phone`,`email`,`register_time`,`register_ip`,`last_login_time`,`last_login_ip`,`status` FROM `en_admin` WHERE `id` = '1' LIMIT 1   [ RunTime:0.0000s ]
SQL: SELECT `id`,`pid`,`sort`,`name`,`url`,`is_show` FROM `en_navigation` WHERE `is_show` = 1 AND `pid` <> 0  [ RunTime:0.0005s ]
NOTIC: [2] Missing argument 1 for Think\Controller::ajaxReturn(), called in D:\wamp64\www\website\Application\Admin\Controller\BaseController.class.php on line 108 and defined D:\wamp64\www\website\ThinkPHP\Library\Think\Controller.class.php 第 254 行.
NOTIC: [8] Undefined variable: data D:\wamp64\www\website\ThinkPHP\Library\Think\Controller.class.php 第 260 行.

[ 2018-01-04T19:09:11+08:00 ] ::1 /website/admin/navigation/index.html
INFO: [ app_init ] --START--
INFO: Run Behavior\BuildLiteBehavior [ RunTime:0.000000s ]
INFO: [ app_init ] --END-- [ RunTime:0.000500s ]

[ 2018-01-04T19:09:12+08:00 ] ::1 /website/admin/navigation/switch_language.html?for_language=english
INFO: [ app_init ] --START--
INFO: Run Behavior\BuildLiteBehavior [ RunTime:0.000000s ]
INFO: [ app_init ] --END-- [ RunTime:0.000500s ]
INFO: [ app_begin ] --START--
INFO: Run Behavior\ReadHtmlCacheBehavior [ RunTime:0.000500s ]
INFO: Run Behavior\CheckLangBehavior [ RunTime:0.000500s ]
INFO: [ app_begin ] --END-- [ RunTime:0.001500s ]
NOTIC: [2] Missing argument 1 for Common\Controller\CommonController::is_mobile(), called in D:\wamp64\www\website\Application\Common\Controller\CommonController.class.php on line 14 and defined D:\wamp64\www\website\Application\Common\Controller\CommonController.class.php 第 22 行.
SQL: SHOW COLUMNS FROM `zh_navigation` [ RunTime:0.0005s ]
SQL: SELECT `id`,`pid`,`sort`,`name`,`url`,`is_show` FROM `zh_navigation` WHERE `is_show` = 1  [ RunTime:0.0005s ]
SQL: SHOW COLUMNS FROM `zh_admin` [ RunTime:0.0005s ]
SQL: SELECT `id`,`group_id`,`nickname`,`password`,`truename`,`phone`,`email`,`register_time`,`register_ip`,`last_login_time`,`last_login_ip`,`status` FROM `zh_admin` WHERE `id` = '1' LIMIT 1   [ RunTime:0.0000s ]
SQL: SELECT `id`,`pid`,`sort`,`name`,`url`,`is_show` FROM `zh_navigation` WHERE `is_show` = 1 AND `pid` <> 0  [ RunTime:0.0000s ]
NOTIC: [2] Missing argument 1 for Think\Controller::ajaxReturn(), called in D:\wamp64\www\website\Application\Admin\Controller\BaseController.class.php on line 108 and defined D:\wamp64\www\website\ThinkPHP\Library\Think\Controller.class.php 第 254 行.
NOTIC: [8] Undefined variable: data D:\wamp64\www\website\ThinkPHP\Library\Think\Controller.class.php 第 260 行.

[ 2018-01-04T19:09:12+08:00 ] ::1 /website/admin/navigation/index.html
INFO: [ app_init ] --START--
INFO: Run Behavior\BuildLiteBehavior [ RunTime:0.000000s ]
INFO: [ app_init ] --END-- [ RunTime:0.000500s ]

