[ 2018-01-09T19:15:29+08:00 ] ::1 /website/admin/clear/cache.html
INFO: [ app_init ] --START--
INFO: Run Behavior\BuildLiteBehavior [ RunTime:0.000000s ]
INFO: [ app_init ] --END-- [ RunTime:0.000500s ]
INFO: [ app_begin ] --START--
INFO: Run Behavior\ReadHtmlCacheBehavior [ RunTime:0.000500s ]
INFO: Run Behavior\CheckLangBehavior [ RunTime:0.000500s ]
INFO: [ app_begin ] --END-- [ RunTime:0.001500s ]
NOTIC: [2] Missing argument 1 for Common\Controller\CommonController::is_mobile(), called in D:\wamp64\www\website\Application\Common\Controller\CommonController.class.php on line 14 and defined D:\wamp64\www\website\Application\Common\Controller\CommonController.class.php 第 22 行.
SQL: SHOW COLUMNS FROM `en_navigation` [ RunTime:0.0005s ]
SQL: SELECT `id`,`pid`,`sort`,`name`,`url`,`is_show` FROM `en_navigation` WHERE `is_show` = 1  [ RunTime:0.0005s ]
SQL: SHOW COLUMNS FROM `en_admin` [ RunTime:0.0005s ]
SQL: SELECT `id`,`group_id`,`nickname`,`password`,`truename`,`phone`,`email`,`register_time`,`register_ip`,`last_login_time`,`last_login_ip`,`status` FROM `en_admin` WHERE `id` = '1' LIMIT 1   [ RunTime:0.0005s ]
SQL: SELECT `id`,`pid`,`sort`,`name`,`url`,`is_show` FROM `en_navigation` WHERE `is_show` = 1 AND `pid` <> 0  [ RunTime:0.0000s ]
NOTIC: [8] Undefined variable: bread D:\wamp64\www\website\Application\Admin\Controller\BaseController.class.php 第 86 行.

[ 2018-01-09T19:15:30+08:00 ] ::1 /website/admin/assign_expert/search.html?year_id=1
INFO: [ app_init ] --START--
INFO: Run Behavior\BuildLiteBehavior [ RunTime:0.000000s ]
INFO: [ app_init ] --END-- [ RunTime:0.000500s ]

[ 2018-01-09T19:15:31+08:00 ] ::1 /website/admin/assign_expert/search.html?year_id=1
INFO: [ app_init ] --START--
INFO: Run Behavior\BuildLiteBehavior [ RunTime:0.000000s ]
INFO: [ app_init ] --END-- [ RunTime:0.000500s ]

[ 2018-01-09T19:16:05+08:00 ] ::1 /website/admin/museum/showmuseumyearlist.html
INFO: [ app_init ] --START--
INFO: Run Behavior\BuildLiteBehavior [ RunTime:0.000000s ]
INFO: [ app_init ] --END-- [ RunTime:0.000000s ]

[ 2018-01-09T19:16:08+08:00 ] ::1 /website/admin/museum/search.html
INFO: [ app_init ] --START--
INFO: Run Behavior\BuildLiteBehavior [ RunTime:0.000000s ]
INFO: [ app_init ] --END-- [ RunTime:0.000500s ]
INFO: [ app_begin ] --START--
INFO: Run Behavior\ReadHtmlCacheBehavior [ RunTime:0.000500s ]
INFO: Run Behavior\CheckLangBehavior [ RunTime:0.001000s ]
INFO: [ app_begin ] --END-- [ RunTime:0.001500s ]
NOTIC: [2] Missing argument 1 for Common\Controller\CommonController::is_mobile(), called in D:\wamp64\www\website\Application\Common\Controller\CommonController.class.php on line 14 and defined D:\wamp64\www\website\Application\Common\Controller\CommonController.class.php 第 22 行.
SQL: SHOW COLUMNS FROM `en_navigation` [ RunTime:0.0005s ]
SQL: SELECT `id`,`pid`,`sort`,`name`,`url`,`is_show` FROM `en_navigation` WHERE `is_show` = 1  [ RunTime:0.0000s ]
SQL: SHOW COLUMNS FROM `en_admin` [ RunTime:0.0005s ]
SQL: SELECT `id`,`group_id`,`nickname`,`password`,`truename`,`phone`,`email`,`register_time`,`register_ip`,`last_login_time`,`last_login_ip`,`status` FROM `en_admin` WHERE `id` = '1' LIMIT 1   [ RunTime:0.0000s ]
SQL: SELECT `id`,`pid`,`sort`,`name`,`url`,`is_show` FROM `en_navigation` WHERE `is_show` = 1 AND `pid` <> 0  [ RunTime:0.0005s ]
SQL: SHOW COLUMNS FROM `en_museum` [ RunTime:0.0005s ]
SQL: SHOW COLUMNS FROM `en_museum_type` [ RunTime:0.0000s ]
SQL: SHOW COLUMNS FROM `en_museum_level` [ RunTime:0.0005s ]
SQL: SELECT `id`,`name`,`museum_type_id`,`museum_level_id`,`year_id`,`museum_desc` FROM `en_museum`  [ RunTime:0.0000s ]
SQL: SELECT `name` FROM `en_museum_type` WHERE `id` = '1' LIMIT 1   [ RunTime:0.0005s ]
SQL: SELECT `name` FROM `en_museum_level` WHERE `id` = '1' LIMIT 1   [ RunTime:0.0000s ]
SQL: SELECT `name` FROM `en_museum_type` WHERE `id` = '1' LIMIT 1   [ RunTime:0.0005s ]
SQL: SELECT `name` FROM `en_museum_level` WHERE `id` = '1' LIMIT 1   [ RunTime:0.0000s ]

[ 2018-01-09T19:16:13+08:00 ] ::1 /website/admin/assign_expert/index.html
INFO: [ app_init ] --START--
INFO: Run Behavior\BuildLiteBehavior [ RunTime:0.000500s ]
INFO: [ app_init ] --END-- [ RunTime:0.001000s ]

[ 2018-01-09T19:16:14+08:00 ] ::1 /website/admin/assign_expert/search.html?year_id=1
INFO: [ app_init ] --START--
INFO: Run Behavior\BuildLiteBehavior [ RunTime:0.000000s ]
INFO: [ app_init ] --END-- [ RunTime:0.000500s ]

[ 2018-01-09T19:16:38+08:00 ] ::1 /website/admin/assign_expert/search.html?year_id=1
INFO: [ app_init ] --START--
INFO: Run Behavior\BuildLiteBehavior [ RunTime:0.000000s ]
INFO: [ app_init ] --END-- [ RunTime:0.000500s ]

[ 2018-01-09T19:16:42+08:00 ] ::1 /website/admin/assign_expert/search.html?year_id=2
INFO: [ app_init ] --START--
INFO: Run Behavior\BuildLiteBehavior [ RunTime:0.000000s ]
INFO: [ app_init ] --END-- [ RunTime:0.000500s ]

[ 2018-01-09T19:17:07+08:00 ] ::1 /website/admin/assign_expert/index.html
INFO: [ app_init ] --START--
INFO: Run Behavior\BuildLiteBehavior [ RunTime:0.000000s ]
INFO: [ app_init ] --END-- [ RunTime:0.000500s ]

[ 2018-01-09T19:17:09+08:00 ] ::1 /website/admin/assign_expert/search.html?year_id=1
INFO: [ app_init ] --START--
INFO: Run Behavior\BuildLiteBehavior [ RunTime:0.000000s ]
INFO: [ app_init ] --END-- [ RunTime:0.001000s ]

[ 2018-01-09T19:17:45+08:00 ] ::1 /website/admin/assign_expert/index.html
INFO: [ app_init ] --START--
INFO: Run Behavior\BuildLiteBehavior [ RunTime:0.000000s ]
INFO: [ app_init ] --END-- [ RunTime:0.001000s ]

[ 2018-01-09T19:17:46+08:00 ] ::1 /website/admin/assign_expert/index.html
INFO: [ app_init ] --START--
INFO: Run Behavior\BuildLiteBehavior [ RunTime:0.000000s ]
INFO: [ app_init ] --END-- [ RunTime:0.000500s ]

[ 2018-01-09T19:17:46+08:00 ] ::1 /website/admin/assign_expert/index.html
INFO: [ app_init ] --START--
INFO: Run Behavior\BuildLiteBehavior [ RunTime:0.000000s ]
INFO: [ app_init ] --END-- [ RunTime:0.001000s ]

[ 2018-01-09T19:17:48+08:00 ] ::1 /website/admin/assign_expert/search.html?year_id=1
INFO: [ app_init ] --START--
INFO: Run Behavior\BuildLiteBehavior [ RunTime:0.000000s ]
INFO: [ app_init ] --END-- [ RunTime:0.000500s ]

[ 2018-01-09T19:18:16+08:00 ] ::1 /website/admin/assign_expert/search.html?year_id=1
INFO: [ app_init ] --START--
INFO: Run Behavior\BuildLiteBehavior [ RunTime:0.000000s ]
INFO: [ app_init ] --END-- [ RunTime:0.000500s ]

[ 2018-01-09T19:18:20+08:00 ] ::1 /website/admin/assign_expert/index.html
INFO: [ app_init ] --START--
INFO: Run Behavior\BuildLiteBehavior [ RunTime:0.000000s ]
INFO: [ app_init ] --END-- [ RunTime:0.000500s ]

[ 2018-01-09T19:19:07+08:00 ] ::1 /website/admin/assign_expert/index.html
INFO: [ app_init ] --START--
INFO: Run Behavior\BuildLiteBehavior [ RunTime:0.000000s ]
INFO: [ app_init ] --END-- [ RunTime:0.001000s ]

[ 2018-01-09T19:19:08+08:00 ] ::1 /website/admin/assign_expert/search.html?year_id=1
INFO: [ app_init ] --START--
INFO: Run Behavior\BuildLiteBehavior [ RunTime:0.000000s ]
INFO: [ app_init ] --END-- [ RunTime:0.000500s ]

[ 2018-01-09T19:19:34+08:00 ] ::1 /website/admin/assign_expert/search.html?year_id=1
INFO: [ app_init ] --START--
INFO: Run Behavior\BuildLiteBehavior [ RunTime:0.000000s ]
INFO: [ app_init ] --END-- [ RunTime:0.001000s ]

[ 2018-01-09T19:19:34+08:00 ] ::1 /website/admin/assign_expert/search.html?year_id=1
INFO: [ app_init ] --START--
INFO: Run Behavior\BuildLiteBehavior [ RunTime:0.000000s ]
INFO: [ app_init ] --END-- [ RunTime:0.000500s ]

[ 2018-01-09T19:19:39+08:00 ] ::1 /website/admin/assign_expert/index.html
INFO: [ app_init ] --START--
INFO: Run Behavior\BuildLiteBehavior [ RunTime:0.000000s ]
INFO: [ app_init ] --END-- [ RunTime:0.001000s ]

[ 2018-01-09T19:19:41+08:00 ] ::1 /website/admin/assign_expert/search.html?year_id=1
INFO: [ app_init ] --START--
INFO: Run Behavior\BuildLiteBehavior [ RunTime:0.000500s ]
INFO: [ app_init ] --END-- [ RunTime:0.000500s ]

[ 2018-01-09T19:20:26+08:00 ] ::1 /website/admin/assign_expert/search.html?year_id=1
INFO: [ app_init ] --START--
INFO: Run Behavior\BuildLiteBehavior [ RunTime:0.000000s ]
INFO: [ app_init ] --END-- [ RunTime:0.000500s ]

[ 2018-01-09T19:20:38+08:00 ] ::1 /website/admin/assign_expert/search.html?year_id=1
INFO: [ app_init ] --START--
INFO: Run Behavior\BuildLiteBehavior [ RunTime:0.000000s ]
INFO: [ app_init ] --END-- [ RunTime:0.000500s ]

[ 2018-01-09T19:20:46+08:00 ] ::1 /website/admin/assign_expert/search.html?year_id=2
INFO: [ app_init ] --START--
INFO: Run Behavior\BuildLiteBehavior [ RunTime:0.000000s ]
INFO: [ app_init ] --END-- [ RunTime:0.000500s ]

[ 2018-01-09T19:20:48+08:00 ] ::1 /website/admin/assign_expert/search.html?year_id=3
INFO: [ app_init ] --START--
INFO: Run Behavior\BuildLiteBehavior [ RunTime:0.000500s ]
INFO: [ app_init ] --END-- [ RunTime:0.000500s ]

[ 2018-01-09T19:20:50+08:00 ] ::1 /website/admin/assign_expert/search.html?year_id=4
INFO: [ app_init ] --START--
INFO: Run Behavior\BuildLiteBehavior [ RunTime:0.000000s ]
INFO: [ app_init ] --END-- [ RunTime:0.000500s ]

[ 2018-01-09T19:22:00+08:00 ] ::1 /website/admin/assign_expert/search.html?year_id=4
INFO: [ app_init ] --START--
INFO: Run Behavior\BuildLiteBehavior [ RunTime:0.000000s ]
INFO: [ app_init ] --END-- [ RunTime:0.000500s ]

[ 2018-01-09T19:22:03+08:00 ] ::1 /website/admin/assign_expert/search.html?year_id=4
INFO: [ app_init ] --START--
INFO: Run Behavior\BuildLiteBehavior [ RunTime:0.000000s ]
INFO: [ app_init ] --END-- [ RunTime:0.000500s ]

[ 2018-01-09T19:22:03+08:00 ] ::1 /website/admin/assign_expert/search.html?year_id=4
INFO: [ app_init ] --START--
INFO: Run Behavior\BuildLiteBehavior [ RunTime:0.000000s ]
INFO: [ app_init ] --END-- [ RunTime:0.000000s ]

[ 2018-01-09T19:22:04+08:00 ] ::1 /website/admin/assign_expert/search.html?year_id=4
INFO: [ app_init ] --START--
INFO: Run Behavior\BuildLiteBehavior [ RunTime:0.000000s ]
INFO: [ app_init ] --END-- [ RunTime:0.000500s ]

[ 2018-01-09T19:22:06+08:00 ] ::1 /website/admin/assign_expert/index.html
INFO: [ app_init ] --START--
INFO: Run Behavior\BuildLiteBehavior [ RunTime:0.000000s ]
INFO: [ app_init ] --END-- [ RunTime:0.000500s ]

[ 2018-01-09T19:22:09+08:00 ] ::1 /website/admin/assign_expert/search.html?year_id=1
INFO: [ app_init ] --START--
INFO: Run Behavior\BuildLiteBehavior [ RunTime:0.000500s ]
INFO: [ app_init ] --END-- [ RunTime:0.000500s ]

[ 2018-01-09T19:22:35+08:00 ] ::1 /website/admin/assign_expert/search.html?year_id=1
INFO: [ app_init ] --START--
INFO: Run Behavior\BuildLiteBehavior [ RunTime:0.000000s ]
INFO: [ app_init ] --END-- [ RunTime:0.000000s ]

[ 2018-01-09T19:22:36+08:00 ] ::1 /website/admin/assign_expert/search.html?year_id=1
INFO: [ app_init ] --START--
INFO: Run Behavior\BuildLiteBehavior [ RunTime:0.000000s ]
INFO: [ app_init ] --END-- [ RunTime:0.000500s ]

[ 2018-01-09T19:22:40+08:00 ] ::1 /website/admin/assign_expert/index.html
INFO: [ app_init ] --START--
INFO: Run Behavior\BuildLiteBehavior [ RunTime:0.000000s ]
INFO: [ app_init ] --END-- [ RunTime:0.000500s ]

[ 2018-01-09T19:22:41+08:00 ] ::1 /website/admin/assign_expert/search.html?year_id=1
INFO: [ app_init ] --START--
INFO: Run Behavior\BuildLiteBehavior [ RunTime:0.000500s ]
INFO: [ app_init ] --END-- [ RunTime:0.001000s ]

[ 2018-01-09T19:46:17+08:00 ] ::1 /website/admin/assign_expert/search.html?year_id=1
INFO: [ app_init ] --START--
INFO: Run Behavior\BuildLiteBehavior [ RunTime:0.000000s ]
INFO: [ app_init ] --END-- [ RunTime:0.000500s ]

[ 2018-01-09T19:47:11+08:00 ] ::1 /website/admin/assign_expert/search.html?year_id=1
INFO: [ app_init ] --START--
INFO: Run Behavior\BuildLiteBehavior [ RunTime:0.000000s ]
INFO: [ app_init ] --END-- [ RunTime:0.001000s ]

[ 2018-01-09T19:48:50+08:00 ] ::1 /website/admin/assign_expert/search.html?year_id=1
INFO: [ app_init ] --START--
INFO: Run Behavior\BuildLiteBehavior [ RunTime:0.000000s ]
INFO: [ app_init ] --END-- [ RunTime:0.000500s ]

[ 2018-01-09T19:48:55+08:00 ] ::1 /website/admin/assign_expert/create/id/4/year_id/1.html
INFO: [ app_init ] --START--
INFO: Run Behavior\BuildLiteBehavior [ RunTime:0.000000s ]
INFO: [ app_init ] --END-- [ RunTime:0.000500s ]
INFO: [ app_begin ] --START--
INFO: Run Behavior\ReadHtmlCacheBehavior [ RunTime:0.000500s ]
INFO: Run Behavior\CheckLangBehavior [ RunTime:0.001000s ]
INFO: [ app_begin ] --END-- [ RunTime:0.002000s ]
NOTIC: [2] Missing argument 1 for Common\Controller\CommonController::is_mobile(), called in D:\wamp64\www\website\Application\Common\Controller\CommonController.class.php on line 14 and defined D:\wamp64\www\website\Application\Common\Controller\CommonController.class.php 第 22 行.
SQL: SHOW COLUMNS FROM `en_navigation` [ RunTime:0.0005s ]
SQL: SELECT `id`,`pid`,`sort`,`name`,`url`,`is_show` FROM `en_navigation` WHERE `is_show` = 1  [ RunTime:0.0005s ]
SQL: SHOW COLUMNS FROM `en_admin` [ RunTime:0.0000s ]
SQL: SELECT `id`,`group_id`,`nickname`,`password`,`truename`,`phone`,`email`,`register_time`,`register_ip`,`last_login_time`,`last_login_ip`,`status` FROM `en_admin` WHERE `id` = '1' LIMIT 1   [ RunTime:0.0005s ]
SQL: SELECT `id`,`pid`,`sort`,`name`,`url`,`is_show` FROM `en_navigation` WHERE `is_show` = 1 AND `pid` <> 0  [ RunTime:0.0000s ]
INFO: [ app_end ] --START--
INFO: Run Behavior\ShowPageTraceBehavior [ RunTime:0.000500s ]
INFO: [ app_end ] --END-- [ RunTime:0.001000s ]

[ 2018-01-09T19:49:13+08:00 ] ::1 /website/admin/assign_expert/search.html?year_id=2
INFO: [ app_init ] --START--
INFO: Run Behavior\BuildLiteBehavior [ RunTime:0.000000s ]
INFO: [ app_init ] --END-- [ RunTime:0.001000s ]

[ 2018-01-09T19:49:20+08:00 ] ::1 /website/admin/assign_expert/index.html
INFO: [ app_init ] --START--
INFO: Run Behavior\BuildLiteBehavior [ RunTime:0.000000s ]
INFO: [ app_init ] --END-- [ RunTime:0.000500s ]

[ 2018-01-09T19:49:23+08:00 ] ::1 /website/admin/assign_expert/search.html?year_id=2
INFO: [ app_init ] --START--
INFO: Run Behavior\BuildLiteBehavior [ RunTime:0.000000s ]
INFO: [ app_init ] --END-- [ RunTime:0.000500s ]

[ 2018-01-09T19:49:26+08:00 ] ::1 /website/admin/assign_expert/create/id/4/year_id/2.html
INFO: [ app_init ] --START--
INFO: Run Behavior\BuildLiteBehavior [ RunTime:0.000500s ]
INFO: [ app_init ] --END-- [ RunTime:0.001000s ]
INFO: [ app_begin ] --START--
INFO: Run Behavior\ReadHtmlCacheBehavior [ RunTime:0.001000s ]
INFO: Run Behavior\CheckLangBehavior [ RunTime:0.002000s ]
INFO: [ app_begin ] --END-- [ RunTime:0.003000s ]
NOTIC: [2] Missing argument 1 for Common\Controller\CommonController::is_mobile(), called in D:\wamp64\www\website\Application\Common\Controller\CommonController.class.php on line 14 and defined D:\wamp64\www\website\Application\Common\Controller\CommonController.class.php 第 22 行.
SQL: SHOW COLUMNS FROM `en_navigation` [ RunTime:0.0005s ]
SQL: SELECT `id`,`pid`,`sort`,`name`,`url`,`is_show` FROM `en_navigation` WHERE `is_show` = 1  [ RunTime:0.0010s ]
SQL: SHOW COLUMNS FROM `en_admin` [ RunTime:0.0010s ]
SQL: SELECT `id`,`group_id`,`nickname`,`password`,`truename`,`phone`,`email`,`register_time`,`register_ip`,`last_login_time`,`last_login_ip`,`status` FROM `en_admin` WHERE `id` = '1' LIMIT 1   [ RunTime:0.0005s ]
SQL: SELECT `id`,`pid`,`sort`,`name`,`url`,`is_show` FROM `en_navigation` WHERE `is_show` = 1 AND `pid` <> 0  [ RunTime:0.0005s ]
INFO: [ app_end ] --START--
INFO: Run Behavior\ShowPageTraceBehavior [ RunTime:0.001000s ]
INFO: [ app_end ] --END-- [ RunTime:0.001500s ]

[ 2018-01-09T19:50:48+08:00 ] ::1 /website/admin/assign_expert/index.html
INFO: [ app_init ] --START--
INFO: Run Behavior\BuildLiteBehavior [ RunTime:0.000000s ]
INFO: [ app_init ] --END-- [ RunTime:0.000500s ]

[ 2018-01-09T19:50:51+08:00 ] ::1 /website/admin/assign_expert/search.html?year_id=2
INFO: [ app_init ] --START--
INFO: Run Behavior\BuildLiteBehavior [ RunTime:0.000000s ]
INFO: [ app_init ] --END-- [ RunTime:0.000500s ]

[ 2018-01-09T19:50:54+08:00 ] ::1 /website/admin/assign_expert/create/id/4/year_id/2.html
INFO: [ app_init ] --START--
INFO: Run Behavior\BuildLiteBehavior [ RunTime:0.000000s ]
INFO: [ app_init ] --END-- [ RunTime:0.000500s ]
INFO: [ app_begin ] --START--
INFO: Run Behavior\ReadHtmlCacheBehavior [ RunTime:0.000500s ]
INFO: Run Behavior\CheckLangBehavior [ RunTime:0.001000s ]
INFO: [ app_begin ] --END-- [ RunTime:0.002000s ]
NOTIC: [2] Missing argument 1 for Common\Controller\CommonController::is_mobile(), called in D:\wamp64\www\website\Application\Common\Controller\CommonController.class.php on line 14 and defined D:\wamp64\www\website\Application\Common\Controller\CommonController.class.php 第 22 行.
SQL: SHOW COLUMNS FROM `en_navigation` [ RunTime:0.0010s ]
SQL: SELECT `id`,`pid`,`sort`,`name`,`url`,`is_show` FROM `en_navigation` WHERE `is_show` = 1  [ RunTime:0.0005s ]
SQL: SHOW COLUMNS FROM `en_admin` [ RunTime:0.0010s ]
SQL: SELECT `id`,`group_id`,`nickname`,`password`,`truename`,`phone`,`email`,`register_time`,`register_ip`,`last_login_time`,`last_login_ip`,`status` FROM `en_admin` WHERE `id` = '1' LIMIT 1   [ RunTime:0.0005s ]
SQL: SELECT `id`,`pid`,`sort`,`name`,`url`,`is_show` FROM `en_navigation` WHERE `is_show` = 1 AND `pid` <> 0  [ RunTime:0.0005s ]

[ 2018-01-09T19:50:55+08:00 ] ::1 /website/admin/assign_expert/search.html?year_id=2
INFO: [ app_init ] --START--
INFO: Run Behavior\BuildLiteBehavior [ RunTime:0.000000s ]
INFO: [ app_init ] --END-- [ RunTime:0.001000s ]

[ 2018-01-09T20:36:05+08:00 ] ::1 /website/admin/assign_expert/search.html?year_id=2
INFO: [ app_init ] --START--
INFO: Run Behavior\BuildLiteBehavior [ RunTime:0.000500s ]
INFO: [ app_init ] --END-- [ RunTime:0.001000s ]

[ 2018-01-09T20:36:08+08:00 ] ::1 /website/admin/assign_expert/search.html?year_id=1
INFO: [ app_init ] --START--
INFO: Run Behavior\BuildLiteBehavior [ RunTime:0.000000s ]
INFO: [ app_init ] --END-- [ RunTime:0.000500s ]

[ 2018-01-09T20:36:11+08:00 ] ::1 /website/admin/assign_expert/create/id/4/year_id/1.html
INFO: [ app_init ] --START--
INFO: Run Behavior\BuildLiteBehavior [ RunTime:0.000000s ]
INFO: [ app_init ] --END-- [ RunTime:0.000500s ]
INFO: [ app_begin ] --START--
INFO: Run Behavior\ReadHtmlCacheBehavior [ RunTime:0.000500s ]
INFO: Run Behavior\CheckLangBehavior [ RunTime:0.001000s ]
INFO: [ app_begin ] --END-- [ RunTime:0.001500s ]
NOTIC: [2] Missing argument 1 for Common\Controller\CommonController::is_mobile(), called in D:\wamp64\www\website\Application\Common\Controller\CommonController.class.php on line 14 and defined D:\wamp64\www\website\Application\Common\Controller\CommonController.class.php 第 22 行.
SQL: SHOW COLUMNS FROM `en_navigation` [ RunTime:0.0005s ]
SQL: SELECT `id`,`pid`,`sort`,`name`,`url`,`is_show` FROM `en_navigation` WHERE `is_show` = 1  [ RunTime:0.0005s ]
SQL: SHOW COLUMNS FROM `en_admin` [ RunTime:0.0005s ]
SQL: SELECT `id`,`group_id`,`nickname`,`password`,`truename`,`phone`,`email`,`register_time`,`register_ip`,`last_login_time`,`last_login_ip`,`status` FROM `en_admin` WHERE `id` = '1' LIMIT 1   [ RunTime:0.0000s ]
SQL: SELECT `id`,`pid`,`sort`,`name`,`url`,`is_show` FROM `en_navigation` WHERE `is_show` = 1 AND `pid` <> 0  [ RunTime:0.0005s ]
SQL: SHOW COLUMNS FROM `en_expert` [ RunTime:0.0005s ]
NOTIC: [8] Use of undefined constant intval - assumed 'intval' D:\wamp64\www\website\Application\Admin\Controller\AssignExpertController.class.php 第 39 行.
SQL: SELECT * FROM `en_expert` WHERE `id` = 4 LIMIT 1   [ RunTime:0.0005s ]
NOTIC: [2] array_push() expects parameter 1 to be array, boolean given D:\wamp64\www\website\Application\Admin\Model\ExpertModel.class.php 第 50 行.
NOTIC: [8] Undefined index: validate D:\wamp64\www\website\ThinkPHP\Library\Think\Model.class.php 第 1308 行.
NOTIC: [8] Undefined index: auto D:\wamp64\www\website\ThinkPHP\Library\Think\Model.class.php 第 1538 行.
SQL: UPDATE `en_expert` SET `nickname`='专家11',`indicator_id`='1',`expert_desc`='123',`year_id`='b:0;' WHERE `id` = 4 [ RunTime:0.0005s ]

[ 2018-01-09T20:36:12+08:00 ] ::1 /website/admin/assign_expert/index.html
INFO: [ app_init ] --START--
INFO: Run Behavior\BuildLiteBehavior [ RunTime:0.000000s ]
INFO: [ app_init ] --END-- [ RunTime:0.000500s ]

[ 2018-01-09T20:36:15+08:00 ] ::1 /website/admin/assign_expert/search.html?year_id=1
INFO: [ app_init ] --START--
INFO: Run Behavior\BuildLiteBehavior [ RunTime:0.000000s ]
INFO: [ app_init ] --END-- [ RunTime:0.000500s ]

[ 2018-01-09T20:36:21+08:00 ] ::1 /website/admin/assign_expert/search.html?year_id=1
INFO: [ app_init ] --START--
INFO: Run Behavior\BuildLiteBehavior [ RunTime:0.000000s ]
INFO: [ app_init ] --END-- [ RunTime:0.000500s ]

[ 2018-01-09T20:36:24+08:00 ] ::1 /website/admin/assign_expert/search.html?year_id=3
INFO: [ app_init ] --START--
INFO: Run Behavior\BuildLiteBehavior [ RunTime:0.000000s ]
INFO: [ app_init ] --END-- [ RunTime:0.000500s ]

[ 2018-01-09T20:43:15+08:00 ] ::1 /website/admin/assign_expert/create/id/4/year_id/3.html
INFO: [ app_init ] --START--
INFO: Run Behavior\BuildLiteBehavior [ RunTime:0.000000s ]
INFO: [ app_init ] --END-- [ RunTime:0.000500s ]
INFO: [ app_begin ] --START--
INFO: Run Behavior\ReadHtmlCacheBehavior [ RunTime:0.001000s ]
INFO: Run Behavior\CheckLangBehavior [ RunTime:0.002000s ]
INFO: [ app_begin ] --END-- [ RunTime:0.003000s ]
NOTIC: [2] Missing argument 1 for Common\Controller\CommonController::is_mobile(), called in D:\wamp64\www\website\Application\Common\Controller\CommonController.class.php on line 14 and defined D:\wamp64\www\website\Application\Common\Controller\CommonController.class.php 第 22 行.
SQL: SHOW COLUMNS FROM `en_navigation` [ RunTime:0.0010s ]
SQL: SELECT `id`,`pid`,`sort`,`name`,`url`,`is_show` FROM `en_navigation` WHERE `is_show` = 1  [ RunTime:0.0005s ]
SQL: SHOW COLUMNS FROM `en_admin` [ RunTime:0.0010s ]
SQL: SELECT `id`,`group_id`,`nickname`,`password`,`truename`,`phone`,`email`,`register_time`,`register_ip`,`last_login_time`,`last_login_ip`,`status` FROM `en_admin` WHERE `id` = '1' LIMIT 1   [ RunTime:0.0010s ]
SQL: SELECT `id`,`pid`,`sort`,`name`,`url`,`is_show` FROM `en_navigation` WHERE `is_show` = 1 AND `pid` <> 0  [ RunTime:0.0010s ]
SQL: SHOW COLUMNS FROM `en_expert` [ RunTime:0.0005s ]
NOTIC: [8] Use of undefined constant intval - assumed 'intval' D:\wamp64\www\website\Application\Admin\Controller\AssignExpertController.class.php 第 39 行.
SQL: SELECT * FROM `en_expert` WHERE `id` = 4 LIMIT 1   [ RunTime:0.0005s ]
NOTIC: [2] array_push() expects parameter 1 to be array, boolean given D:\wamp64\www\website\Application\Admin\Model\ExpertModel.class.php 第 50 行.
NOTIC: [8] Undefined index: validate D:\wamp64\www\website\ThinkPHP\Library\Think\Model.class.php 第 1308 行.
NOTIC: [8] Undefined index: auto D:\wamp64\www\website\ThinkPHP\Library\Think\Model.class.php 第 1538 行.
SQL: UPDATE `en_expert` SET `nickname`='专家11',`indicator_id`='1',`expert_desc`='123',`year_id`='b:0;' WHERE `id` = 4 [ RunTime:0.0000s ]

[ 2018-01-09T20:43:16+08:00 ] ::1 /website/admin/assign_expert/index.html
INFO: [ app_init ] --START--
INFO: Run Behavior\BuildLiteBehavior [ RunTime:0.000000s ]
INFO: [ app_init ] --END-- [ RunTime:0.000500s ]

[ 2018-01-09T20:43:40+08:00 ] ::1 /website/admin/assign_expert/search.html?year_id=1
INFO: [ app_init ] --START--
INFO: Run Behavior\BuildLiteBehavior [ RunTime:0.000000s ]
INFO: [ app_init ] --END-- [ RunTime:0.000500s ]

[ 2018-01-09T20:45:18+08:00 ] ::1 /website/admin/assign_expert/search.html?year_id=1
INFO: [ app_init ] --START--
INFO: Run Behavior\BuildLiteBehavior [ RunTime:0.000000s ]
INFO: [ app_init ] --END-- [ RunTime:0.001000s ]

[ 2018-01-09T20:45:24+08:00 ] ::1 /website/admin/assign_expert/search.html?year_id=1
INFO: [ app_init ] --START--
INFO: Run Behavior\BuildLiteBehavior [ RunTime:0.000000s ]
INFO: [ app_init ] --END-- [ RunTime:0.001000s ]

[ 2018-01-09T20:45:27+08:00 ] ::1 /website/admin/assign_expert/search.html?year_id=1
INFO: [ app_init ] --START--
INFO: Run Behavior\BuildLiteBehavior [ RunTime:0.000000s ]
INFO: [ app_init ] --END-- [ RunTime:0.000500s ]

[ 2018-01-09T20:45:30+08:00 ] ::1 /website/admin/assign_expert/index.html
INFO: [ app_init ] --START--
INFO: Run Behavior\BuildLiteBehavior [ RunTime:0.000000s ]
INFO: [ app_init ] --END-- [ RunTime:0.000500s ]

[ 2018-01-09T20:45:31+08:00 ] ::1 /website/admin/assign_expert/search.html?year_id=1
INFO: [ app_init ] --START--
INFO: Run Behavior\BuildLiteBehavior [ RunTime:0.000000s ]
INFO: [ app_init ] --END-- [ RunTime:0.000500s ]

[ 2018-01-09T20:45:33+08:00 ] ::1 /website/admin/assign_expert/create/id/4/year_id/1.html
INFO: [ app_init ] --START--
INFO: Run Behavior\BuildLiteBehavior [ RunTime:0.000000s ]
INFO: [ app_init ] --END-- [ RunTime:0.000000s ]
INFO: [ app_begin ] --START--
INFO: Run Behavior\ReadHtmlCacheBehavior [ RunTime:0.000500s ]
INFO: Run Behavior\CheckLangBehavior [ RunTime:0.000500s ]
INFO: [ app_begin ] --END-- [ RunTime:0.001500s ]
NOTIC: [2] Missing argument 1 for Common\Controller\CommonController::is_mobile(), called in D:\wamp64\www\website\Application\Common\Controller\CommonController.class.php on line 14 and defined D:\wamp64\www\website\Application\Common\Controller\CommonController.class.php 第 22 行.
SQL: SHOW COLUMNS FROM `en_navigation` [ RunTime:0.0005s ]
SQL: SELECT `id`,`pid`,`sort`,`name`,`url`,`is_show` FROM `en_navigation` WHERE `is_show` = 1  [ RunTime:0.0010s ]
SQL: SHOW COLUMNS FROM `en_admin` [ RunTime:0.0005s ]
SQL: SELECT `id`,`group_id`,`nickname`,`password`,`truename`,`phone`,`email`,`register_time`,`register_ip`,`last_login_time`,`last_login_ip`,`status` FROM `en_admin` WHERE `id` = '1' LIMIT 1   [ RunTime:0.0005s ]
SQL: SELECT `id`,`pid`,`sort`,`name`,`url`,`is_show` FROM `en_navigation` WHERE `is_show` = 1 AND `pid` <> 0  [ RunTime:0.0005s ]
SQL: SHOW COLUMNS FROM `en_expert` [ RunTime:0.0005s ]
NOTIC: [8] Use of undefined constant intval - assumed 'intval' D:\wamp64\www\website\Application\Admin\Controller\AssignExpertController.class.php 第 39 行.
SQL: SELECT * FROM `en_expert` WHERE `id` = 4 LIMIT 1   [ RunTime:0.0005s ]
NOTIC: [8] Undefined index: validate D:\wamp64\www\website\ThinkPHP\Library\Think\Model.class.php 第 1308 行.
NOTIC: [8] Undefined index: auto D:\wamp64\www\website\ThinkPHP\Library\Think\Model.class.php 第 1538 行.
SQL: UPDATE `en_expert` SET `nickname`='专家11',`indicator_id`='1',`expert_desc`='123',`year_id`='a:1:{i:0;s:1:\"1\";}' WHERE `id` = 4 [ RunTime:0.0000s ]

[ 2018-01-09T20:45:34+08:00 ] ::1 /website/admin/assign_expert/index.html
INFO: [ app_init ] --START--
INFO: Run Behavior\BuildLiteBehavior [ RunTime:0.000000s ]
INFO: [ app_init ] --END-- [ RunTime:0.000500s ]

[ 2018-01-09T20:45:55+08:00 ] ::1 /website/admin/assign_expert/search.html?year_id=1
INFO: [ app_init ] --START--
INFO: Run Behavior\BuildLiteBehavior [ RunTime:0.000000s ]
INFO: [ app_init ] --END-- [ RunTime:0.001000s ]

[ 2018-01-09T20:46:54+08:00 ] ::1 /website/admin/expert/index.html
INFO: [ app_init ] --START--
INFO: Run Behavior\BuildLiteBehavior [ RunTime:0.000500s ]
INFO: [ app_init ] --END-- [ RunTime:0.001000s ]

[ 2018-01-09T20:46:55+08:00 ] ::1 /website/admin/expert/create.html
INFO: [ app_init ] --START--
INFO: Run Behavior\BuildLiteBehavior [ RunTime:0.000000s ]
INFO: [ app_init ] --END-- [ RunTime:0.000500s ]

[ 2018-01-09T20:47:03+08:00 ] ::1 /website/admin/expert/create.html
INFO: [ app_init ] --START--
INFO: Run Behavior\BuildLiteBehavior [ RunTime:0.000000s ]
INFO: [ app_init ] --END-- [ RunTime:0.001000s ]
INFO: [ app_begin ] --START--
INFO: Run Behavior\ReadHtmlCacheBehavior [ RunTime:0.000500s ]
INFO: Run Behavior\CheckLangBehavior [ RunTime:0.000500s ]
INFO: [ app_begin ] --END-- [ RunTime:0.001500s ]
NOTIC: [2] Missing argument 1 for Common\Controller\CommonController::is_mobile(), called in D:\wamp64\www\website\Application\Common\Controller\CommonController.class.php on line 14 and defined D:\wamp64\www\website\Application\Common\Controller\CommonController.class.php 第 22 行.
SQL: SHOW COLUMNS FROM `en_navigation` [ RunTime:0.0005s ]
SQL: SELECT `id`,`pid`,`sort`,`name`,`url`,`is_show` FROM `en_navigation` WHERE `is_show` = 1  [ RunTime:0.0010s ]
SQL: SHOW COLUMNS FROM `en_admin` [ RunTime:0.0010s ]
SQL: SELECT `id`,`group_id`,`nickname`,`password`,`truename`,`phone`,`email`,`register_time`,`register_ip`,`last_login_time`,`last_login_ip`,`status` FROM `en_admin` WHERE `id` = '1' LIMIT 1   [ RunTime:0.0005s ]
SQL: SELECT `id`,`pid`,`sort`,`name`,`url`,`is_show` FROM `en_navigation` WHERE `is_show` = 1 AND `pid` <> 0  [ RunTime:0.0005s ]
SQL: SHOW COLUMNS FROM `en_indicator` [ RunTime:0.0005s ]
SQL: SHOW COLUMNS FROM `en_expert` [ RunTime:0.0005s ]
NOTIC: [8] Undefined index: validate D:\wamp64\www\website\ThinkPHP\Library\Think\Model.class.php 第 1308 行.
NOTIC: [8] Undefined index: auto D:\wamp64\www\website\ThinkPHP\Library\Think\Model.class.php 第 1538 行.
SQL: INSERT INTO `en_expert` (`nickname`,`indicator_id`,`expert_desc`) VALUES ('专家13','1','231321') [ RunTime:0.0005s ]

[ 2018-01-09T20:47:04+08:00 ] ::1 /website/admin/expert/index.html
INFO: [ app_init ] --START--
INFO: Run Behavior\BuildLiteBehavior [ RunTime:0.000500s ]
INFO: [ app_init ] --END-- [ RunTime:0.000500s ]

[ 2018-01-09T20:47:07+08:00 ] ::1 /website/admin/expert/create.html
INFO: [ app_init ] --START--
INFO: Run Behavior\BuildLiteBehavior [ RunTime:0.000000s ]
INFO: [ app_init ] --END-- [ RunTime:0.000500s ]

[ 2018-01-09T20:47:14+08:00 ] ::1 /website/admin/expert/create.html
INFO: [ app_init ] --START--
INFO: Run Behavior\BuildLiteBehavior [ RunTime:0.000000s ]
INFO: [ app_init ] --END-- [ RunTime:0.000500s ]
INFO: [ app_begin ] --START--
INFO: Run Behavior\ReadHtmlCacheBehavior [ RunTime:0.001000s ]
INFO: Run Behavior\CheckLangBehavior [ RunTime:0.001000s ]
INFO: [ app_begin ] --END-- [ RunTime:0.002000s ]
NOTIC: [2] Missing argument 1 for Common\Controller\CommonController::is_mobile(), called in D:\wamp64\www\website\Application\Common\Controller\CommonController.class.php on line 14 and defined D:\wamp64\www\website\Application\Common\Controller\CommonController.class.php 第 22 行.
SQL: SHOW COLUMNS FROM `en_navigation` [ RunTime:0.0005s ]
SQL: SELECT `id`,`pid`,`sort`,`name`,`url`,`is_show` FROM `en_navigation` WHERE `is_show` = 1  [ RunTime:0.0005s ]
SQL: SHOW COLUMNS FROM `en_admin` [ RunTime:0.0010s ]
SQL: SELECT `id`,`group_id`,`nickname`,`password`,`truename`,`phone`,`email`,`register_time`,`register_ip`,`last_login_time`,`last_login_ip`,`status` FROM `en_admin` WHERE `id` = '1' LIMIT 1   [ RunTime:0.0005s ]
SQL: SELECT `id`,`pid`,`sort`,`name`,`url`,`is_show` FROM `en_navigation` WHERE `is_show` = 1 AND `pid` <> 0  [ RunTime:0.0005s ]
SQL: SHOW COLUMNS FROM `en_indicator` [ RunTime:0.0005s ]
SQL: SHOW COLUMNS FROM `en_expert` [ RunTime:0.0010s ]
NOTIC: [8] Undefined index: validate D:\wamp64\www\website\ThinkPHP\Library\Think\Model.class.php 第 1308 行.
NOTIC: [8] Undefined index: auto D:\wamp64\www\website\ThinkPHP\Library\Think\Model.class.php 第 1538 行.
SQL: INSERT INTO `en_expert` (`nickname`,`indicator_id`,`expert_desc`) VALUES ('专家14','2','1212121') [ RunTime:0.0005s ]

[ 2018-01-09T20:47:16+08:00 ] ::1 /website/admin/expert/index.html
INFO: [ app_init ] --START--
INFO: Run Behavior\BuildLiteBehavior [ RunTime:0.000000s ]
INFO: [ app_init ] --END-- [ RunTime:0.001000s ]

[ 2018-01-09T20:47:19+08:00 ] ::1 /website/admin/assign_expert/index.html
INFO: [ app_init ] --START--
INFO: Run Behavior\BuildLiteBehavior [ RunTime:0.000000s ]
INFO: [ app_init ] --END-- [ RunTime:0.001000s ]

[ 2018-01-09T20:47:20+08:00 ] ::1 /website/admin/assign_expert/search.html?year_id=1
INFO: [ app_init ] --START--
INFO: Run Behavior\BuildLiteBehavior [ RunTime:0.000000s ]
INFO: [ app_init ] --END-- [ RunTime:0.001000s ]

[ 2018-01-09T20:50:02+08:00 ] ::1 /website/admin/assign_expert/search.html?year_id=2
INFO: [ app_init ] --START--
INFO: Run Behavior\BuildLiteBehavior [ RunTime:0.000000s ]
INFO: [ app_init ] --END-- [ RunTime:0.000500s ]

[ 2018-01-09T20:50:06+08:00 ] ::1 /website/admin/assign_expert/create/id/7/year_id/2.html
INFO: [ app_init ] --START--
INFO: Run Behavior\BuildLiteBehavior [ RunTime:0.000000s ]
INFO: [ app_init ] --END-- [ RunTime:0.000500s ]
INFO: [ app_begin ] --START--
INFO: Run Behavior\ReadHtmlCacheBehavior [ RunTime:0.000500s ]
INFO: Run Behavior\CheckLangBehavior [ RunTime:0.001500s ]
INFO: [ app_begin ] --END-- [ RunTime:0.002000s ]
NOTIC: [2] Missing argument 1 for Common\Controller\CommonController::is_mobile(), called in D:\wamp64\www\website\Application\Common\Controller\CommonController.class.php on line 14 and defined D:\wamp64\www\website\Application\Common\Controller\CommonController.class.php 第 22 行.
SQL: SHOW COLUMNS FROM `en_navigation` [ RunTime:0.0005s ]
SQL: SELECT `id`,`pid`,`sort`,`name`,`url`,`is_show` FROM `en_navigation` WHERE `is_show` = 1  [ RunTime:0.0005s ]
SQL: SHOW COLUMNS FROM `en_admin` [ RunTime:0.0010s ]
SQL: SELECT `id`,`group_id`,`nickname`,`password`,`truename`,`phone`,`email`,`register_time`,`register_ip`,`last_login_time`,`last_login_ip`,`status` FROM `en_admin` WHERE `id` = '1' LIMIT 1   [ RunTime:0.0005s ]
SQL: SELECT `id`,`pid`,`sort`,`name`,`url`,`is_show` FROM `en_navigation` WHERE `is_show` = 1 AND `pid` <> 0  [ RunTime:0.0005s ]
SQL: SHOW COLUMNS FROM `en_expert` [ RunTime:0.0005s ]
NOTIC: [8] Use of undefined constant intval - assumed 'intval' D:\wamp64\www\website\Application\Admin\Controller\AssignExpertController.class.php 第 39 行.
SQL: SELECT * FROM `en_expert` WHERE `id` = 7 LIMIT 1   [ RunTime:0.0005s ]
NOTIC: [8] Undefined index: validate D:\wamp64\www\website\ThinkPHP\Library\Think\Model.class.php 第 1308 行.
NOTIC: [8] Undefined index: auto D:\wamp64\www\website\ThinkPHP\Library\Think\Model.class.php 第 1538 行.
SQL: UPDATE `en_expert` SET `nickname`='专家12',`indicator_id`='2',`expert_desc`='',`year_id`='a:1:{i:0;s:1:\"2\";}' WHERE `id` = 7 [ RunTime:0.0005s ]

[ 2018-01-09T20:50:07+08:00 ] ::1 /website/admin/assign_expert/index.html
INFO: [ app_init ] --START--
INFO: Run Behavior\BuildLiteBehavior [ RunTime:0.000000s ]
INFO: [ app_init ] --END-- [ RunTime:0.000500s ]

[ 2018-01-09T20:50:14+08:00 ] ::1 /website/admin/assign_expert/search.html?year_id=2
INFO: [ app_init ] --START--
INFO: Run Behavior\BuildLiteBehavior [ RunTime:0.000000s ]
INFO: [ app_init ] --END-- [ RunTime:0.000500s ]

[ 2018-01-09T22:18:34+08:00 ] ::1 /website/admin/expert/index.html
INFO: [ app_init ] --START--
INFO: Run Behavior\BuildLiteBehavior [ RunTime:0.000040s ]
INFO: [ app_init ] --END-- [ RunTime:0.000860s ]

[ 2018-01-09T22:18:34+08:00 ] ::1 /website/admin/public/logout.html
INFO: [ app_init ] --START--
INFO: Run Behavior\BuildLiteBehavior [ RunTime:0.000034s ]
INFO: [ app_init ] --END-- [ RunTime:0.000631s ]

[ 2018-01-09T22:18:35+08:00 ] ::1 /website/admin/public/login.html
INFO: [ app_init ] --START--
INFO: Run Behavior\BuildLiteBehavior [ RunTime:0.000031s ]
INFO: [ app_init ] --END-- [ RunTime:0.000532s ]

[ 2018-01-09T22:18:36+08:00 ] ::1 /website/admin/public/verify.html
INFO: [ app_init ] --START--
INFO: Run Behavior\BuildLiteBehavior [ RunTime:0.000030s ]
INFO: [ app_init ] --END-- [ RunTime:0.000619s ]

[ 2018-01-09T22:18:52+08:00 ] ::1 /website/admin/public/login.html
INFO: [ app_init ] --START--
INFO: Run Behavior\BuildLiteBehavior [ RunTime:0.000065s ]
INFO: [ app_init ] --END-- [ RunTime:0.000653s ]
INFO: [ app_begin ] --START--
INFO: Run Behavior\ReadHtmlCacheBehavior [ RunTime:0.000850s ]
INFO: Run Behavior\CheckLangBehavior [ RunTime:0.000947s ]
INFO: [ app_begin ] --END-- [ RunTime:0.002040s ]
SQL: SHOW COLUMNS FROM `en_admin` [ RunTime:0.0053s ]
NOTIC: [8] Undefined index: validate D:\wamp\www\website\ThinkPHP\Library\Think\Model.class.php 第 1308 行.
NOTIC: [8] Undefined index: auto D:\wamp\www\website\ThinkPHP\Library\Think\Model.class.php 第 1538 行.
SQL: SELECT `id`,`group_id`,`nickname`,`truename`,`phone`,`email`,`register_time`,`register_ip`,`last_login_time`,`last_login_ip`,`status` FROM `en_admin` WHERE `nickname` = 'admin' AND `password` = '21232f297a57a5a743894a0e4a801fc3' LIMIT 1   [ RunTime:0.0006s ]
SQL: SHOW COLUMNS FROM `en_group` [ RunTime:0.0534s ]
SQL: SELECT `status` FROM `en_group` WHERE `id` = '1' LIMIT 1   [ RunTime:0.0006s ]
SQL: UPDATE `en_admin` SET `last_login_time`='1515507532',`last_login_ip`='0.0.0.0' WHERE `id` = 1 [ RunTime:0.0005s ]

[ 2018-01-09T22:18:54+08:00 ] ::1 /website/admin/index/index.html
INFO: [ app_init ] --START--
INFO: Run Behavior\BuildLiteBehavior [ RunTime:0.000031s ]
INFO: [ app_init ] --END-- [ RunTime:0.000547s ]

[ 2018-01-09T22:18:56+08:00 ] ::1 /website/admin/expert/index.html
INFO: [ app_init ] --START--
INFO: Run Behavior\BuildLiteBehavior [ RunTime:0.000032s ]
INFO: [ app_init ] --END-- [ RunTime:0.000627s ]

[ 2018-01-09T22:18:58+08:00 ] ::1 /website/admin/assign_expert/index.html
INFO: [ app_init ] --START--
INFO: Run Behavior\BuildLiteBehavior [ RunTime:0.000032s ]
INFO: [ app_init ] --END-- [ RunTime:0.000550s ]

[ 2018-01-09T22:19:01+08:00 ] ::1 /website/admin/assign_expert/search.html?year_id=1
INFO: [ app_init ] --START--
INFO: Run Behavior\BuildLiteBehavior [ RunTime:0.000034s ]
INFO: [ app_init ] --END-- [ RunTime:0.000718s ]

[ 2018-01-09T22:55:34+08:00 ] ::1 /website/admin/museum/showmuseumyearlist.html
INFO: [ app_init ] --START--
INFO: Run Behavior\BuildLiteBehavior [ RunTime:0.000031s ]
INFO: [ app_init ] --END-- [ RunTime:0.000602s ]

[ 2018-01-09T22:55:37+08:00 ] ::1 /website/admin/museum/search.html
INFO: [ app_init ] --START--
INFO: Run Behavior\BuildLiteBehavior [ RunTime:0.000031s ]
INFO: [ app_init ] --END-- [ RunTime:0.000583s ]
INFO: [ app_begin ] --START--
INFO: Run Behavior\ReadHtmlCacheBehavior [ RunTime:0.000674s ]
INFO: Run Behavior\CheckLangBehavior [ RunTime:0.000889s ]
INFO: [ app_begin ] --END-- [ RunTime:0.001771s ]
NOTIC: [2] Missing argument 1 for Common\Controller\CommonController::is_mobile(), called in D:\wamp\www\website\Application\Common\Controller\CommonController.class.php on line 14 and defined D:\wamp\www\website\Application\Common\Controller\CommonController.class.php 第 22 行.
SQL: SHOW COLUMNS FROM `en_navigation` [ RunTime:0.0051s ]
SQL: SELECT `id`,`pid`,`sort`,`name`,`url`,`is_show` FROM `en_navigation` WHERE `is_show` = 1  [ RunTime:0.0005s ]
SQL: SHOW COLUMNS FROM `en_admin` [ RunTime:0.0040s ]
SQL: SELECT `id`,`group_id`,`nickname`,`password`,`truename`,`phone`,`email`,`register_time`,`register_ip`,`last_login_time`,`last_login_ip`,`status` FROM `en_admin` WHERE `id` = '1' LIMIT 1   [ RunTime:0.0004s ]
SQL: SELECT `id`,`pid`,`sort`,`name`,`url`,`is_show` FROM `en_navigation` WHERE `is_show` = 1 AND `pid` <> 0  [ RunTime:0.0004s ]
SQL: SHOW COLUMNS FROM `en_museum` [ RunTime:0.0339s ]
SQL: SHOW COLUMNS FROM `en_museum_type` [ RunTime:0.0074s ]
SQL: SHOW COLUMNS FROM `en_museum_level` [ RunTime:0.0111s ]
SQL: SELECT `id`,`name`,`museum_type_id`,`museum_level_id`,`year_id`,`museum_desc` FROM `en_museum`  [ RunTime:0.0005s ]
SQL: SELECT `name` FROM `en_museum_type` WHERE `id` = '1' LIMIT 1   [ RunTime:0.0005s ]
SQL: SELECT `name` FROM `en_museum_level` WHERE `id` = '1' LIMIT 1   [ RunTime:0.0003s ]
SQL: SELECT `name` FROM `en_museum_type` WHERE `id` = '1' LIMIT 1   [ RunTime:0.0002s ]
SQL: SELECT `name` FROM `en_museum_level` WHERE `id` = '1' LIMIT 1   [ RunTime:0.0002s ]
SQL: SELECT `name` FROM `en_museum_type` WHERE `id` = '2' LIMIT 1   [ RunTime:0.0002s ]
SQL: SELECT `name` FROM `en_museum_level` WHERE `id` = '2' LIMIT 1   [ RunTime:0.0003s ]

[ 2018-01-09T22:55:54+08:00 ] ::1 /website/admin/assign_expert/index.html
INFO: [ app_init ] --START--
INFO: Run Behavior\BuildLiteBehavior [ RunTime:0.000032s ]
INFO: [ app_init ] --END-- [ RunTime:0.000585s ]

[ 2018-01-09T22:55:56+08:00 ] ::1 /website/admin/assign_expert/search.html?year_id=1
INFO: [ app_init ] --START--
INFO: Run Behavior\BuildLiteBehavior [ RunTime:0.000030s ]
INFO: [ app_init ] --END-- [ RunTime:0.000519s ]

[ 2018-01-09T22:58:10+08:00 ] ::1 /website/admin/museum/showmuseumyearlist.html
INFO: [ app_init ] --START--
INFO: Run Behavior\BuildLiteBehavior [ RunTime:0.000036s ]
INFO: [ app_init ] --END-- [ RunTime:0.000670s ]

[ 2018-01-09T23:13:56+08:00 ] ::1 /website/admin/museum/showmuseumyearlist.html
INFO: [ app_init ] --START--
INFO: Run Behavior\BuildLiteBehavior [ RunTime:0.000037s ]
INFO: [ app_init ] --END-- [ RunTime:0.000718s ]

[ 2018-01-09T23:13:58+08:00 ] ::1 /website/admin/assign_expert/index.html
INFO: [ app_init ] --START--
INFO: Run Behavior\BuildLiteBehavior [ RunTime:0.000036s ]
INFO: [ app_init ] --END-- [ RunTime:0.000678s ]

[ 2018-01-09T23:14:00+08:00 ] ::1 /website/admin/assign_expert/search.html?year_id=1
INFO: [ app_init ] --START--
INFO: Run Behavior\BuildLiteBehavior [ RunTime:0.000038s ]
INFO: [ app_init ] --END-- [ RunTime:0.000682s ]

[ 2018-01-09T23:14:04+08:00 ] ::1 /website/admin/expert/index.html
INFO: [ app_init ] --START--
INFO: Run Behavior\BuildLiteBehavior [ RunTime:0.000037s ]
INFO: [ app_init ] --END-- [ RunTime:0.000746s ]

[ 2018-01-09T23:14:05+08:00 ] ::1 /website/admin/expert/create.html
INFO: [ app_init ] --START--
INFO: Run Behavior\BuildLiteBehavior [ RunTime:0.000035s ]
INFO: [ app_init ] --END-- [ RunTime:0.000668s ]

[ 2018-01-09T23:15:45+08:00 ] ::1 /website/admin/expert/index.html
INFO: [ app_init ] --START--
INFO: Run Behavior\BuildLiteBehavior [ RunTime:0.000064s ]
INFO: [ app_init ] --END-- [ RunTime:0.000908s ]

[ 2018-01-09T23:15:47+08:00 ] ::1 /website/admin/assign_expert/index.html
INFO: [ app_init ] --START--
INFO: Run Behavior\BuildLiteBehavior [ RunTime:0.000037s ]
INFO: [ app_init ] --END-- [ RunTime:0.000708s ]

[ 2018-01-09T23:15:49+08:00 ] ::1 /website/admin/assign_expert/search.html?year_id=1
INFO: [ app_init ] --START--
INFO: Run Behavior\BuildLiteBehavior [ RunTime:0.000038s ]
INFO: [ app_init ] --END-- [ RunTime:0.000694s ]

[ 2018-01-09T23:16:03+08:00 ] ::1 /website/admin/assign_expert/remove/id/4/year_id/1.html
INFO: [ app_init ] --START--
INFO: Run Behavior\BuildLiteBehavior [ RunTime:0.000067s ]
INFO: [ app_init ] --END-- [ RunTime:0.001110s ]
INFO: [ app_begin ] --START--
INFO: Run Behavior\ReadHtmlCacheBehavior [ RunTime:0.001100s ]
INFO: Run Behavior\CheckLangBehavior [ RunTime:0.001384s ]
INFO: [ app_begin ] --END-- [ RunTime:0.002736s ]
NOTIC: [2] Missing argument 1 for Common\Controller\CommonController::is_mobile(), called in D:\wamp\www\website\Application\Common\Controller\CommonController.class.php on line 14 and defined D:\wamp\www\website\Application\Common\Controller\CommonController.class.php 第 22 行.
SQL: SHOW COLUMNS FROM `en_navigation` [ RunTime:0.0053s ]
SQL: SELECT `id`,`pid`,`sort`,`name`,`url`,`is_show` FROM `en_navigation` WHERE `is_show` = 1  [ RunTime:0.0007s ]
SQL: SHOW COLUMNS FROM `en_admin` [ RunTime:0.0044s ]
SQL: SELECT `id`,`group_id`,`nickname`,`password`,`truename`,`phone`,`email`,`register_time`,`register_ip`,`last_login_time`,`last_login_ip`,`status` FROM `en_admin` WHERE `id` = '1' LIMIT 1   [ RunTime:0.0005s ]
SQL: SELECT `id`,`pid`,`sort`,`name`,`url`,`is_show` FROM `en_navigation` WHERE `is_show` = 1 AND `pid` <> 0  [ RunTime:0.0005s ]
SQL: SHOW COLUMNS FROM `en_expert` [ RunTime:0.0047s ]
NOTIC: [8] Use of undefined constant intval - assumed 'intval' D:\wamp\www\website\Application\Admin\Controller\AssignExpertController.class.php 第 50 行.
SQL: SELECT * FROM `en_expert` WHERE `id` = 4 LIMIT 1   [ RunTime:0.0004s ]
NOTIC: [8] Undefined index: validate D:\wamp\www\website\ThinkPHP\Library\Think\Model.class.php 第 1308 行.
NOTIC: [8] Undefined index: auto D:\wamp\www\website\ThinkPHP\Library\Think\Model.class.php 第 1538 行.
SQL: UPDATE `en_expert` SET `nickname`='专家11',`indicator_id`='1',`expert_desc`='123',`year_id`='a:0:{}' WHERE `id` = 4 [ RunTime:0.0004s ]

[ 2018-01-09T23:16:05+08:00 ] ::1 /website/admin/assign_expert/index.html
INFO: [ app_init ] --START--
INFO: Run Behavior\BuildLiteBehavior [ RunTime:0.000044s ]
INFO: [ app_init ] --END-- [ RunTime:0.000781s ]

[ 2018-01-09T23:16:07+08:00 ] ::1 /website/admin/assign_expert/search.html?year_id=1
INFO: [ app_init ] --START--
INFO: Run Behavior\BuildLiteBehavior [ RunTime:0.000037s ]
INFO: [ app_init ] --END-- [ RunTime:0.000706s ]

[ 2018-01-09T23:16:14+08:00 ] ::1 /website/admin/assign_expert/create/id/4/year_id/1.html
INFO: [ app_init ] --START--
INFO: Run Behavior\BuildLiteBehavior [ RunTime:0.000038s ]
INFO: [ app_init ] --END-- [ RunTime:0.000785s ]
INFO: [ app_begin ] --START--
INFO: Run Behavior\ReadHtmlCacheBehavior [ RunTime:0.001034s ]
INFO: Run Behavior\CheckLangBehavior [ RunTime:0.001338s ]
INFO: [ app_begin ] --END-- [ RunTime:0.002628s ]
NOTIC: [2] Missing argument 1 for Common\Controller\CommonController::is_mobile(), called in D:\wamp\www\website\Application\Common\Controller\CommonController.class.php on line 14 and defined D:\wamp\www\website\Application\Common\Controller\CommonController.class.php 第 22 行.
SQL: SHOW COLUMNS FROM `en_navigation` [ RunTime:0.0057s ]
SQL: SELECT `id`,`pid`,`sort`,`name`,`url`,`is_show` FROM `en_navigation` WHERE `is_show` = 1  [ RunTime:0.0007s ]
SQL: SHOW COLUMNS FROM `en_admin` [ RunTime:0.0065s ]
SQL: SELECT `id`,`group_id`,`nickname`,`password`,`truename`,`phone`,`email`,`register_time`,`register_ip`,`last_login_time`,`last_login_ip`,`status` FROM `en_admin` WHERE `id` = '1' LIMIT 1   [ RunTime:0.0006s ]
SQL: SELECT `id`,`pid`,`sort`,`name`,`url`,`is_show` FROM `en_navigation` WHERE `is_show` = 1 AND `pid` <> 0  [ RunTime:0.0006s ]
SQL: SHOW COLUMNS FROM `en_expert` [ RunTime:0.0053s ]
NOTIC: [8] Use of undefined constant intval - assumed 'intval' D:\wamp\www\website\Application\Admin\Controller\AssignExpertController.class.php 第 39 行.
SQL: SELECT * FROM `en_expert` WHERE `id` = 4 LIMIT 1   [ RunTime:0.0006s ]
NOTIC: [8] Undefined index: validate D:\wamp\www\website\ThinkPHP\Library\Think\Model.class.php 第 1308 行.
NOTIC: [8] Undefined index: auto D:\wamp\www\website\ThinkPHP\Library\Think\Model.class.php 第 1538 行.
SQL: UPDATE `en_expert` SET `nickname`='专家11',`indicator_id`='1',`expert_desc`='123',`year_id`='a:1:{i:0;s:1:\"1\";}' WHERE `id` = 4 [ RunTime:0.0005s ]

[ 2018-01-09T23:16:16+08:00 ] ::1 /website/admin/assign_expert/index.html
INFO: [ app_init ] --START--
INFO: Run Behavior\BuildLiteBehavior [ RunTime:0.000042s ]
INFO: [ app_init ] --END-- [ RunTime:0.000812s ]

[ 2018-01-09T23:16:17+08:00 ] ::1 /website/admin/assign_expert/search.html?year_id=1
INFO: [ app_init ] --START--
INFO: Run Behavior\BuildLiteBehavior [ RunTime:0.000066s ]
INFO: [ app_init ] --END-- [ RunTime:0.000911s ]

[ 2018-01-09T23:16:20+08:00 ] ::1 /website/admin/assign_expert/remove/id/4/year_id/1.html
INFO: [ app_init ] --START--
INFO: Run Behavior\BuildLiteBehavior [ RunTime:0.000039s ]
INFO: [ app_init ] --END-- [ RunTime:0.000786s ]
INFO: [ app_begin ] --START--
INFO: Run Behavior\ReadHtmlCacheBehavior [ RunTime:0.001349s ]
INFO: Run Behavior\CheckLangBehavior [ RunTime:0.001529s ]
INFO: [ app_begin ] --END-- [ RunTime:0.003196s ]
NOTIC: [2] Missing argument 1 for Common\Controller\CommonController::is_mobile(), called in D:\wamp\www\website\Application\Common\Controller\CommonController.class.php on line 14 and defined D:\wamp\www\website\Application\Common\Controller\CommonController.class.php 第 22 行.
SQL: SHOW COLUMNS FROM `en_navigation` [ RunTime:0.0564s ]
SQL: SELECT `id`,`pid`,`sort`,`name`,`url`,`is_show` FROM `en_navigation` WHERE `is_show` = 1  [ RunTime:0.0006s ]
SQL: SHOW COLUMNS FROM `en_admin` [ RunTime:0.0047s ]
SQL: SELECT `id`,`group_id`,`nickname`,`password`,`truename`,`phone`,`email`,`register_time`,`register_ip`,`last_login_time`,`last_login_ip`,`status` FROM `en_admin` WHERE `id` = '1' LIMIT 1   [ RunTime:0.0006s ]
SQL: SELECT `id`,`pid`,`sort`,`name`,`url`,`is_show` FROM `en_navigation` WHERE `is_show` = 1 AND `pid` <> 0  [ RunTime:0.0006s ]
SQL: SHOW COLUMNS FROM `en_expert` [ RunTime:0.0043s ]
NOTIC: [8] Use of undefined constant intval - assumed 'intval' D:\wamp\www\website\Application\Admin\Controller\AssignExpertController.class.php 第 50 行.
SQL: SELECT * FROM `en_expert` WHERE `id` = 4 LIMIT 1   [ RunTime:0.0004s ]
NOTIC: [8] Undefined index: validate D:\wamp\www\website\ThinkPHP\Library\Think\Model.class.php 第 1308 行.
NOTIC: [8] Undefined index: auto D:\wamp\www\website\ThinkPHP\Library\Think\Model.class.php 第 1538 行.
SQL: UPDATE `en_expert` SET `nickname`='专家11',`indicator_id`='1',`expert_desc`='123',`year_id`='a:0:{}' WHERE `id` = 4 [ RunTime:0.0004s ]

[ 2018-01-09T23:16:21+08:00 ] ::1 /website/admin/assign_expert/index.html
INFO: [ app_init ] --START--
INFO: Run Behavior\BuildLiteBehavior [ RunTime:0.000041s ]
INFO: [ app_init ] --END-- [ RunTime:0.000847s ]

[ 2018-01-09T23:16:22+08:00 ] ::1 /website/admin/assign_expert/search.html?year_id=1
INFO: [ app_init ] --START--
INFO: Run Behavior\BuildLiteBehavior [ RunTime:0.000039s ]
INFO: [ app_init ] --END-- [ RunTime:0.000766s ]

